#
# A fatal error has been detected by the Java Runtime Environment:
#
#  SIGSEGV (0xb) at pc=0x0000000121be012f, pid=6081, tid=53251
#
# JRE version: Java(TM) SE Runtime Environment (8.0_45-b14) (build 1.8.0_45-b14)
# Java VM: Java HotSpot(TM) 64-Bit Server VM (25.45-b02 mixed mode bsd-amd64 compressed oops)
# Problematic frame:
# C  [librxtxSerial.jnilib+0x312f]  Java_gnu_io_RXTXPort_interruptEventLoop+0x6b
#
# Failed to write core dump. Core dumps have been disabled. To enable core dumping, try "ulimit -c unlimited" before starting Java again
#
# If you would like to submit a bug report, please visit:
#   http://bugreport.java.com/bugreport/crash.jsp
# The crash happened outside the Java Virtual Machine in native code.
# See problematic frame for where to report the bug.
#

---------------  T H R E A D  ---------------

Current thread (0x00007f862314f800):  JavaThread "AWT-EventQueue-0" [_thread_in_native, id=53251, stack(0x00007000014dc000,0x00007000015dc000)]

siginfo: si_signo: 11 (SIGSEGV), si_code: 1 (SEGV_MAPERR), si_addr: 0x0000700001967868

Registers:
RAX=0x0000000000000000, RBX=0x0000700001967700, RCX=0x00007000015dc050, RDX=0xffffffffffffffff
RSP=0x00007000015d92a0, RBP=0x00007000015d92b0, RSI=0x0000000000000000, RDI=0x000000000000003c
R8 =0x0000000000000000, R9 =0x0000000002faf080, R10=0x0000000000000001, R11=0x0000000000000247
R12=0x000000000000001a, R13=0x000000011fea40f0, R14=0x00007000015d9328, R15=0x00007f862314f800
RIP=0x0000000121be012f, EFLAGS=0x0000000000010206, ERR=0x0000000000000004
  TRAPNO=0x000000000000000e

Top of Stack: (sp=0x00007000015d92a0)
0x00007000015d92a0:   000000011fea40f0 0000000000000000
0x00007000015d92b0:   00007000015d9308 0000000104215954
0x00007000015d92c0:   00000001042156a2 00007000015d92c8
0x00007000015d92d0:   000000011fea40f0 00007000015d9328
0x00007000015d92e0:   000000011feafe50 0000000000000000
0x00007000015d92f0:   000000011fea40f0 0000000000000000
0x00007000015d9300:   00007000015d9328 00007000015d9370
0x00007000015d9310:   0000000104207c4d 0000000000000000
0x00007000015d9320:   000000010420f578 0000000796154cc0
0x00007000015d9330:   00007000015d9330 000000011fea4597
0x00007000015d9340:   00007000015d9388 000000011feafe50
0x00007000015d9350:   0000000000000000 000000011fea4600
0x00007000015d9360:   00007000015d9328 00007000015d9388
0x00007000015d9370:   00007000015d93e0 0000000104207c4d
0x00007000015d9380:   0000000000000000 0000000796154cc0
0x00007000015d9390:   0000000796154cc0 0000000000000000
0x00007000015d93a0:   00007000015d9390 000000011fea4ff3
0x00007000015d93b0:   00007000015d9408 000000011feafe50
0x00007000015d93c0:   0000000000000000 000000011fea5058
0x00007000015d93d0:   00007000015d9388 00007000015d9408
0x00007000015d93e0:   00007000015d9450 0000000104207c4d
0x00007000015d93f0:   0000000000000000 0000000000000000
0x00007000015d9400:   0000000796154cc0 0000000796154cc0
0x00007000015d9410:   00007000015d9410 0000000118472eb2
0x00007000015d9420:   00007000015d9468 00000001184739b8
0x00007000015d9430:   0000000000000000 0000000118472f20
0x00007000015d9440:   00007000015d9408 00007000015d9468
0x00007000015d9450:   00007000015d94b0 0000000104207c4d
0x00007000015d9460:   0000000000000000 0000000795af6a48
0x00007000015d9470:   00007000015d9470 000000011846e8fb
0x00007000015d9480:   00007000015d94d0 000000011846f410
0x00007000015d9490:   0000000000000000 000000011846e9d0 

Instructions: (pc=0x0000000121be012f)
0x0000000121be010f:   00 01 00 00 00 48 8b bb 78 01 00 00 be 06 00 00
0x0000000121be011f:   00 e8 4d 27 00 00 bf 50 c3 00 00 e8 c7 27 00 00
0x0000000121be012f:   83 bb 68 01 00 00 01 74 16 48 8b bb 78 01 00 00
0x0000000121be013f:   e8 16 27 00 00 c7 83 68 01 00 00 01 00 00 00 5b 

Register to memory mapping:

RAX=0x0000000000000000 is an unknown value
RBX=0x0000700001967700 is an unknown value
RCX=0x00007000015dc050 is an unknown value
RDX=0xffffffffffffffff is an unknown value
RSP=0x00007000015d92a0 is pointing into the stack for thread: 0x00007f862314f800
RBP=0x00007000015d92b0 is pointing into the stack for thread: 0x00007f862314f800
RSI=0x0000000000000000 is an unknown value
RDI=0x000000000000003c is an unknown value
R8 =0x0000000000000000 is an unknown value
R9 =0x0000000002faf080 is an unknown value
R10=0x0000000000000001 is an unknown value
R11=0x0000000000000247 is an unknown value
R12=0x000000000000001a is an unknown value
R13={method} {0x000000011fea40f0} 'interruptEventLoop' '()V' in 'gnu/io/RXTXPort'
R14=0x00007000015d9328 is pointing into the stack for thread: 0x00007f862314f800
R15=0x00007f862314f800 is a thread


Stack: [0x00007000014dc000,0x00007000015dc000],  sp=0x00007000015d92a0,  free space=1012k
Native frames: (J=compiled Java code, j=interpreted, Vv=VM code, C=native code)
C  [librxtxSerial.jnilib+0x312f]  Java_gnu_io_RXTXPort_interruptEventLoop+0x6b
j  gnu.io.RXTXPort.interruptEventLoop()V+0
j  gnu.io.RXTXPort.removeEventListener()V+55
j  gnu.io.RXTXPort.close()V+91
j  panamahitek.Arduino.PanamaHitek_Arduino.killArduinoConnection()V+26
j  com.aldo.Window.jButtonConectarActionPerformed(Ljava/awt/event/ActionEvent;)V+19
j  com.aldo.Window.access$100(Lcom/aldo/Window;Ljava/awt/event/ActionEvent;)V+2
j  com.aldo.Window$2.actionPerformed(Ljava/awt/event/ActionEvent;)V+5
j  javax.swing.AbstractButton.fireActionPerformed(Ljava/awt/event/ActionEvent;)V+83
j  javax.swing.AbstractButton$Handler.actionPerformed(Ljava/awt/event/ActionEvent;)V+5
j  javax.swing.DefaultButtonModel.fireActionPerformed(Ljava/awt/event/ActionEvent;)V+34
j  javax.swing.DefaultButtonModel.setPressed(Z)V+117
j  javax.swing.plaf.basic.BasicButtonListener.mouseReleased(Ljava/awt/event/MouseEvent;)V+35
j  java.awt.Component.processMouseEvent(Ljava/awt/event/MouseEvent;)V+64
j  javax.swing.JComponent.processMouseEvent(Ljava/awt/event/MouseEvent;)V+23
j  java.awt.Component.processEvent(Ljava/awt/AWTEvent;)V+81
j  java.awt.Container.processEvent(Ljava/awt/AWTEvent;)V+18
j  java.awt.Component.dispatchEventImpl(Ljava/awt/AWTEvent;)V+589
J 683 C1 java.awt.Container.dispatchEventImpl(Ljava/awt/AWTEvent;)V (129 bytes) @ 0x00000001044740ac [0x0000000104473f60+0x14c]
J 682 C1 java.awt.Component.dispatchEvent(Ljava/awt/AWTEvent;)V (6 bytes) @ 0x0000000104473bc4 [0x0000000104473ac0+0x104]
j  java.awt.LightweightDispatcher.retargetMouseEvent(Ljava/awt/Component;ILjava/awt/event/MouseEvent;)V+327
j  java.awt.LightweightDispatcher.processMouseEvent(Ljava/awt/event/MouseEvent;)Z+143
j  java.awt.LightweightDispatcher.dispatchEvent(Ljava/awt/AWTEvent;)Z+50
J 683 C1 java.awt.Container.dispatchEventImpl(Ljava/awt/AWTEvent;)V (129 bytes) @ 0x000000010447404c [0x0000000104473f60+0xec]
j  java.awt.Window.dispatchEventImpl(Ljava/awt/AWTEvent;)V+19
J 687 C1 java.awt.EventQueue.dispatchEventImpl(Ljava/awt/AWTEvent;Ljava/lang/Object;)V (149 bytes) @ 0x00000001044779e4 [0x0000000104476180+0x1864]
J 685 C1 java.awt.EventQueue$3.run()Ljava/lang/Void; (60 bytes) @ 0x0000000104475554 [0x0000000104475340+0x214]
J 684 C1 java.awt.EventQueue$3.run()Ljava/lang/Object; (5 bytes) @ 0x0000000104474fcc [0x0000000104474f40+0x8c]
v  ~StubRoutines::call_stub
V  [libjvm.dylib+0x2e032a]
V  [libjvm.dylib+0x338818]
J 540  java.security.AccessController.doPrivileged(Ljava/security/PrivilegedAction;Ljava/security/AccessControlContext;)Ljava/lang/Object; (0 bytes) @ 0x000000010442e795 [0x000000010442e6c0+0xd5]
J 544 C1 java.security.ProtectionDomain$1.doIntersectionPrivilege(Ljava/security/PrivilegedAction;Ljava/security/AccessControlContext;Ljava/security/AccessControlContext;)Ljava/lang/Object; (32 bytes) @ 0x000000010442f744 [0x000000010442f440+0x304]
J 640 C1 java.awt.EventQueue$4.run()Ljava/lang/Object; (5 bytes) @ 0x000000010445ba1c [0x000000010445b620+0x3fc]
v  ~StubRoutines::call_stub
V  [libjvm.dylib+0x2e032a]
V  [libjvm.dylib+0x338818]
J 540  java.security.AccessController.doPrivileged(Ljava/security/PrivilegedAction;Ljava/security/AccessControlContext;)Ljava/lang/Object; (0 bytes) @ 0x000000010442e795 [0x000000010442e6c0+0xd5]
J 625 C1 java.awt.EventQueue.dispatchEvent(Ljava/awt/AWTEvent;)V (80 bytes) @ 0x000000010445720c [0x0000000104456520+0xcec]
J 688 C1 java.awt.EventDispatchThread.pumpOneEventForFilters(I)V (295 bytes) @ 0x000000010447a93c [0x0000000104478dc0+0x1b7c]
j  java.awt.EventDispatchThread.pumpEventsForFilter(ILjava/awt/Conditional;Ljava/awt/EventFilter;)V+35
j  java.awt.EventDispatchThread.pumpEventsForHierarchy(ILjava/awt/Conditional;Ljava/awt/Component;)V+11
j  java.awt.EventDispatchThread.pumpEvents(ILjava/awt/Conditional;)V+4
j  java.awt.EventDispatchThread.pumpEvents(Ljava/awt/Conditional;)V+3
j  java.awt.EventDispatchThread.run()V+9
v  ~StubRoutines::call_stub
V  [libjvm.dylib+0x2e032a]
V  [libjvm.dylib+0x2e0ab8]
V  [libjvm.dylib+0x2e0c64]
V  [libjvm.dylib+0x3331a5]
V  [libjvm.dylib+0x549acf]
V  [libjvm.dylib+0x54b1c0]
V  [libjvm.dylib+0x46ea7e]
C  [libsystem_pthread.dylib+0x3c13]  _pthread_body+0x83
C  [libsystem_pthread.dylib+0x3b90]  _pthread_body+0x0
C  [libsystem_pthread.dylib+0x1375]  thread_start+0xd
C  0x0000000000000000

Java frames: (J=compiled Java code, j=interpreted, Vv=VM code)
j  gnu.io.RXTXPort.interruptEventLoop()V+0
j  gnu.io.RXTXPort.removeEventListener()V+55
j  gnu.io.RXTXPort.close()V+91
j  panamahitek.Arduino.PanamaHitek_Arduino.killArduinoConnection()V+26
j  com.aldo.Window.jButtonConectarActionPerformed(Ljava/awt/event/ActionEvent;)V+19
j  com.aldo.Window.access$100(Lcom/aldo/Window;Ljava/awt/event/ActionEvent;)V+2
j  com.aldo.Window$2.actionPerformed(Ljava/awt/event/ActionEvent;)V+5
j  javax.swing.AbstractButton.fireActionPerformed(Ljava/awt/event/ActionEvent;)V+83
j  javax.swing.AbstractButton$Handler.actionPerformed(Ljava/awt/event/ActionEvent;)V+5
j  javax.swing.DefaultButtonModel.fireActionPerformed(Ljava/awt/event/ActionEvent;)V+34
j  javax.swing.DefaultButtonModel.setPressed(Z)V+117
j  javax.swing.plaf.basic.BasicButtonListener.mouseReleased(Ljava/awt/event/MouseEvent;)V+35
j  java.awt.Component.processMouseEvent(Ljava/awt/event/MouseEvent;)V+64
j  javax.swing.JComponent.processMouseEvent(Ljava/awt/event/MouseEvent;)V+23
j  java.awt.Component.processEvent(Ljava/awt/AWTEvent;)V+81
j  java.awt.Container.processEvent(Ljava/awt/AWTEvent;)V+18
j  java.awt.Component.dispatchEventImpl(Ljava/awt/AWTEvent;)V+589
J 683 C1 java.awt.Container.dispatchEventImpl(Ljava/awt/AWTEvent;)V (129 bytes) @ 0x00000001044740ac [0x0000000104473f60+0x14c]
J 682 C1 java.awt.Component.dispatchEvent(Ljava/awt/AWTEvent;)V (6 bytes) @ 0x0000000104473bc4 [0x0000000104473ac0+0x104]
j  java.awt.LightweightDispatcher.retargetMouseEvent(Ljava/awt/Component;ILjava/awt/event/MouseEvent;)V+327
j  java.awt.LightweightDispatcher.processMouseEvent(Ljava/awt/event/MouseEvent;)Z+143
j  java.awt.LightweightDispatcher.dispatchEvent(Ljava/awt/AWTEvent;)Z+50
J 683 C1 java.awt.Container.dispatchEventImpl(Ljava/awt/AWTEvent;)V (129 bytes) @ 0x000000010447404c [0x0000000104473f60+0xec]
j  java.awt.Window.dispatchEventImpl(Ljava/awt/AWTEvent;)V+19
J 687 C1 java.awt.EventQueue.dispatchEventImpl(Ljava/awt/AWTEvent;Ljava/lang/Object;)V (149 bytes) @ 0x00000001044779e4 [0x0000000104476180+0x1864]
J 685 C1 java.awt.EventQueue$3.run()Ljava/lang/Void; (60 bytes) @ 0x0000000104475554 [0x0000000104475340+0x214]
J 684 C1 java.awt.EventQueue$3.run()Ljava/lang/Object; (5 bytes) @ 0x0000000104474fcc [0x0000000104474f40+0x8c]
v  ~StubRoutines::call_stub
J 540  java.security.AccessController.doPrivileged(Ljava/security/PrivilegedAction;Ljava/security/AccessControlContext;)Ljava/lang/Object; (0 bytes) @ 0x000000010442e723 [0x000000010442e6c0+0x63]
J 544 C1 java.security.ProtectionDomain$1.doIntersectionPrivilege(Ljava/security/PrivilegedAction;Ljava/security/AccessControlContext;Ljava/security/AccessControlContext;)Ljava/lang/Object; (32 bytes) @ 0x000000010442f744 [0x000000010442f440+0x304]
J 640 C1 java.awt.EventQueue$4.run()Ljava/lang/Object; (5 bytes) @ 0x000000010445ba1c [0x000000010445b620+0x3fc]
v  ~StubRoutines::call_stub
J 540  java.security.AccessController.doPrivileged(Ljava/security/PrivilegedAction;Ljava/security/AccessControlContext;)Ljava/lang/Object; (0 bytes) @ 0x000000010442e723 [0x000000010442e6c0+0x63]
J 625 C1 java.awt.EventQueue.dispatchEvent(Ljava/awt/AWTEvent;)V (80 bytes) @ 0x000000010445720c [0x0000000104456520+0xcec]
J 688 C1 java.awt.EventDispatchThread.pumpOneEventForFilters(I)V (295 bytes) @ 0x000000010447a93c [0x0000000104478dc0+0x1b7c]
j  java.awt.EventDispatchThread.pumpEventsForFilter(ILjava/awt/Conditional;Ljava/awt/EventFilter;)V+35
j  java.awt.EventDispatchThread.pumpEventsForHierarchy(ILjava/awt/Conditional;Ljava/awt/Component;)V+11
j  java.awt.EventDispatchThread.pumpEvents(ILjava/awt/Conditional;)V+4
j  java.awt.EventDispatchThread.pumpEvents(Ljava/awt/Conditional;)V+3
j  java.awt.EventDispatchThread.run()V+9
v  ~StubRoutines::call_stub

---------------  P R O C E S S  ---------------

Java Threads: ( => current thread )
  0x00007f862189e800 JavaThread "Image Fetcher 0" daemon [_thread_blocked, id=54035, stack(0x00007000015df000,0x00007000016df000)]
  0x00007f8622074800 JavaThread "TimerQueue" daemon [_thread_blocked, id=59699, stack(0x0000700001765000,0x0000700001865000)]
  0x00007f8622297000 JavaThread "DestroyJavaVM" [_thread_blocked, id=5891, stack(0x000070000011a000,0x000070000021a000)]
=>0x00007f862314f800 JavaThread "AWT-EventQueue-0" [_thread_in_native, id=53251, stack(0x00007000014dc000,0x00007000015dc000)]
  0x00007f8623151800 JavaThread "Java2D Disposer" daemon [_thread_blocked, id=52739, stack(0x00007000013d9000,0x00007000014d9000)]
  0x00007f8622160800 JavaThread "Java2D Queue Flusher" daemon [_thread_blocked, id=49927, stack(0x00007000012d6000,0x00007000013d6000)]
  0x00007f862209e800 JavaThread "AWT-Shutdown" [_thread_blocked, id=29203, stack(0x0000700001150000,0x0000700001250000)]
  0x00007f86220bf800 JavaThread "AppKit Thread" daemon [_thread_in_native, id=2571, stack(0x00007fff5ccd3000,0x00007fff5d4d3000)]
  0x00007f862205c800 JavaThread "Service Thread" daemon [_thread_blocked, id=18691, stack(0x0000700000e44000,0x0000700000f44000)]
  0x00007f8623009800 JavaThread "C1 CompilerThread2" daemon [_thread_blocked, id=18179, stack(0x0000700000d41000,0x0000700000e41000)]
  0x00007f8623008800 JavaThread "C2 CompilerThread1" daemon [_thread_blocked, id=17667, stack(0x0000700000c3e000,0x0000700000d3e000)]
  0x00007f862187d000 JavaThread "C2 CompilerThread0" daemon [_thread_blocked, id=17155, stack(0x0000700000b3b000,0x0000700000c3b000)]
  0x00007f862202d000 JavaThread "Signal Dispatcher" daemon [_thread_blocked, id=13839, stack(0x0000700000a38000,0x0000700000b38000)]
  0x00007f8622801000 JavaThread "Finalizer" daemon [_thread_blocked, id=12291, stack(0x000070000082f000,0x000070000092f000)]
  0x00007f8622027000 JavaThread "Reference Handler" daemon [_thread_blocked, id=11779, stack(0x000070000072c000,0x000070000082c000)]

Other Threads:
  0x00007f8621819800 VMThread [stack: 0x0000700000629000,0x0000700000729000] [id=11267]
  0x00007f8621858000 WatcherThread [stack: 0x0000700000f47000,0x0000700001047000] [id=19203]

VM state:not at safepoint (normal execution)

VM Mutex/Monitor currently owned by a thread: None

Heap:
 PSYoungGen      total 38400K, used 13334K [0x0000000795580000, 0x0000000798000000, 0x00000007c0000000)
  eden space 33280K, 40% used [0x0000000795580000,0x0000000796285bc0,0x0000000797600000)
  from space 5120K, 0% used [0x0000000797b00000,0x0000000797b00000,0x0000000798000000)
  to   space 5120K, 0% used [0x0000000797600000,0x0000000797600000,0x0000000797b00000)
 ParOldGen       total 87552K, used 0K [0x0000000740000000, 0x0000000745580000, 0x0000000795580000)
  object space 87552K, 0% used [0x0000000740000000,0x0000000740000000,0x0000000745580000)
 Metaspace       used 12487K, capacity 12748K, committed 12800K, reserved 1060864K
  class space    used 1655K, capacity 1776K, committed 1792K, reserved 1048576K

Card table byte_map: [0x00000001135c0000,0x00000001139c1000] byte_map_base: 0x000000010fbc0000

Marking Bits: (ParMarkBitMap*) 0x000000010326b7a0
 Begin Bits: [0x0000000113c6c000, 0x0000000115c6c000)
 End Bits:   [0x0000000115c6c000, 0x0000000117c6c000)

Polling page: 0x0000000103959000

CodeCache: size=245760Kb used=3061Kb max_used=3061Kb free=242698Kb
 bounds [0x0000000104200000, 0x0000000104500000, 0x0000000113200000]
 total_blobs=1397 nmethods=879 adapters=432
 compilation: enabled

Compilation events (10 events):
Event: 14.452 Thread 0x00007f8623009800  875       3       java.awt.Rectangle::reshape (22 bytes)
Event: 14.452 Thread 0x00007f8623009800 nmethod 875 0x00000001044fcc50 code [0x00000001044fcda0, 0x00000001044fcf10]
Event: 14.452 Thread 0x00007f8623009800  876       3       java.awt.Rectangle::setBounds (10 bytes)
Event: 14.452 Thread 0x00007f8623009800 nmethod 876 0x00000001044fcf90 code [0x00000001044fd100, 0x00000001044fd330]
Event: 14.551 Thread 0x00007f8623009800  878       3       sun.java2d.pipe.RenderQueue::unlock (4 bytes)
Event: 14.552 Thread 0x00007f8623009800 nmethod 878 0x00000001044fd410 code [0x00000001044fd5a0, 0x00000001044fd908]
Event: 14.552 Thread 0x00007f8623009800  879       3       sun.awt.SunToolkit::awtUnlock (7 bytes)
Event: 14.552 Thread 0x00007f8623009800 nmethod 879 0x00000001044fda90 code [0x00000001044fdc00, 0x00000001044fdee8]
Event: 14.552 Thread 0x00007f8623009800  877       1       sun.java2d.opengl.OGLRenderQueue::access$000 (5 bytes)
Event: 14.552 Thread 0x00007f8623009800 nmethod 877 0x00000001044fe010 code [0x00000001044fe160, 0x00000001044fe250]

GC Heap History (0 events):
No events

Deoptimization events (5 events):
Event: 5.335 Thread 0x00007f862314f800 Uncommon trap: reason=class_check action=maybe_recompile pc=0x000000010437ce1c method=java.lang.String.equals(Ljava/lang/Object;)Z @ 8
Event: 5.825 Thread 0x00007f862314f800 Uncommon trap: reason=class_check action=maybe_recompile pc=0x000000010437ce1c method=java.lang.String.equals(Ljava/lang/Object;)Z @ 8
Event: 10.368 Thread 0x00007f862314f800 Uncommon trap: reason=class_check action=maybe_recompile pc=0x000000010437ce1c method=java.lang.String.equals(Ljava/lang/Object;)Z @ 8
Event: 10.430 Thread 0x00007f862189e800 Uncommon trap: reason=unstable_if action=reinterpret pc=0x00000001043efe00 method=java.lang.String.toLowerCase(Ljava/util/Locale;)Ljava/lang/String; @ 85
Event: 12.184 Thread 0x00007f862314f800 Uncommon trap: reason=class_check action=maybe_recompile pc=0x000000010437ce1c method=java.lang.String.equals(Ljava/lang/Object;)Z @ 8

Internal exceptions (10 events):
Event: 10.457 Thread 0x00007f862314f800 Exception <a 'java/io/FileNotFoundException'> (0x0000000795f7e090) thrown at [/Users/java_re/workspace/8-2-build-macosx-x86_64/jdk8u45/3457/hotspot/src/share/vm/prims/jni.cpp, line 709]
Event: 10.457 Thread 0x00007f862314f800 Exception <a 'java/io/FileNotFoundException'> (0x0000000795f80240) thrown at [/Users/java_re/workspace/8-2-build-macosx-x86_64/jdk8u45/3457/hotspot/src/share/vm/prims/jni.cpp, line 709]
Event: 11.483 Thread 0x00007f862314f800 Exception <a 'java/io/FileNotFoundException'> (0x0000000795f96928) thrown at [/Users/java_re/workspace/8-2-build-macosx-x86_64/jdk8u45/3457/hotspot/src/share/vm/prims/jni.cpp, line 709]
Event: 11.483 Thread 0x00007f862314f800 Exception <a 'java/io/FileNotFoundException'> (0x0000000795f98ad8) thrown at [/Users/java_re/workspace/8-2-build-macosx-x86_64/jdk8u45/3457/hotspot/src/share/vm/prims/jni.cpp, line 709]
Event: 11.484 Thread 0x00007f862314f800 Exception <a 'java/io/FileNotFoundException'> (0x0000000795fa0710) thrown at [/Users/java_re/workspace/8-2-build-macosx-x86_64/jdk8u45/3457/hotspot/src/share/vm/prims/jni.cpp, line 709]
Event: 11.485 Thread 0x00007f862314f800 Exception <a 'java/io/FileNotFoundException'> (0x0000000795fa28c0) thrown at [/Users/java_re/workspace/8-2-build-macosx-x86_64/jdk8u45/3457/hotspot/src/share/vm/prims/jni.cpp, line 709]
Event: 11.486 Thread 0x00007f862314f800 Exception <a 'java/io/FileNotFoundException'> (0x0000000795faa4e0) thrown at [/Users/java_re/workspace/8-2-build-macosx-x86_64/jdk8u45/3457/hotspot/src/share/vm/prims/jni.cpp, line 709]
Event: 11.486 Thread 0x00007f862314f800 Exception <a 'java/io/FileNotFoundException'> (0x0000000795fac690) thrown at [/Users/java_re/workspace/8-2-build-macosx-x86_64/jdk8u45/3457/hotspot/src/share/vm/prims/jni.cpp, line 709]
Event: 13.038 Thread 0x00007f862314f800 Exception <a 'java/io/FileNotFoundException'> (0x000000079613c630) thrown at [/Users/java_re/workspace/8-2-build-macosx-x86_64/jdk8u45/3457/hotspot/src/share/vm/prims/jni.cpp, line 709]
Event: 13.039 Thread 0x00007f862314f800 Exception <a 'java/io/FileNotFoundException'> (0x000000079613e7e0) thrown at [/Users/java_re/workspace/8-2-build-macosx-x86_64/jdk8u45/3457/hotspot/src/share/vm/prims/jni.cpp, line 709]

Events (10 events):
Event: 13.060 loading class javax/swing/GrayFilter done
Event: 13.060 Executing VM operation: RevokeBias
Event: 13.060 Executing VM operation: RevokeBias done
Event: 13.061 Executing VM operation: RevokeBias
Event: 13.061 Executing VM operation: RevokeBias done
Event: 13.061 Executing VM operation: RevokeBias
Event: 13.061 Executing VM operation: RevokeBias done
Event: 14.539 Executing VM operation: RevokeBias
Event: 14.539 Executing VM operation: RevokeBias done
Event: 14.539 Thread 0x00007f8623069000 Thread exited: 0x00007f8623069000


Dynamic libraries:
0x00000000060b9000 	/System/Library/Frameworks/Cocoa.framework/Versions/A/Cocoa
0x00000000060b9000 	/System/Library/Frameworks/Security.framework/Versions/A/Security
0x00000000060b9000 	/System/Library/Frameworks/ApplicationServices.framework/Versions/A/ApplicationServices
0x00000000060b9000 	/usr/lib/libz.1.dylib
0x00000000060b9000 	/usr/lib/libSystem.B.dylib
0x00000000060b9000 	/usr/lib/libobjc.A.dylib
0x00000000060b9000 	/System/Library/Frameworks/CoreFoundation.framework/Versions/A/CoreFoundation
0x00000000060b9000 	/System/Library/Frameworks/Foundation.framework/Versions/C/Foundation
0x00000000060b9000 	/System/Library/Frameworks/AppKit.framework/Versions/C/AppKit
0x00000000060b9000 	/System/Library/Frameworks/CoreData.framework/Versions/A/CoreData
0x00000000060b9000 	/System/Library/PrivateFrameworks/RemoteViewServices.framework/Versions/A/RemoteViewServices
0x00000000060b9000 	/System/Library/PrivateFrameworks/UIFoundation.framework/Versions/A/UIFoundation
0x00000000060b9000 	/usr/lib/libScreenReader.dylib
0x00000000060b9000 	/System/Library/Frameworks/Accelerate.framework/Versions/A/Accelerate
0x00000000060b9000 	/System/Library/Frameworks/IOSurface.framework/Versions/A/IOSurface
0x00000000060b9000 	/System/Library/Frameworks/AudioToolbox.framework/Versions/A/AudioToolbox
0x00000000060b9000 	/System/Library/Frameworks/AudioUnit.framework/Versions/A/AudioUnit
0x00000000060b9000 	/System/Library/PrivateFrameworks/DataDetectorsCore.framework/Versions/A/DataDetectorsCore
0x00000000060b9000 	/System/Library/PrivateFrameworks/DesktopServicesPriv.framework/Versions/A/DesktopServicesPriv
0x00000000060b9000 	/System/Library/Frameworks/Carbon.framework/Versions/A/Frameworks/HIToolbox.framework/Versions/A/HIToolbox
0x00000000060b9000 	/System/Library/Frameworks/QuartzCore.framework/Versions/A/QuartzCore
0x00000000060b9000 	/System/Library/Frameworks/Carbon.framework/Versions/A/Frameworks/SpeechRecognition.framework/Versions/A/SpeechRecognition
0x00000000060b9000 	/usr/lib/libauto.dylib
0x00000000060b9000 	/usr/lib/libicucore.A.dylib
0x00000000060b9000 	/usr/lib/libxml2.2.dylib
0x00000000060b9000 	/System/Library/PrivateFrameworks/CoreUI.framework/Versions/A/CoreUI
0x00000000060b9000 	/System/Library/Frameworks/CoreAudio.framework/Versions/A/CoreAudio
0x00000000060b9000 	/System/Library/Frameworks/DiskArbitration.framework/Versions/A/DiskArbitration
0x00000000060b9000 	/usr/lib/liblangid.dylib
0x00000000060b9000 	/System/Library/PrivateFrameworks/MultitouchSupport.framework/Versions/A/MultitouchSupport
0x00000000060b9000 	/System/Library/Frameworks/IOKit.framework/Versions/A/IOKit
0x00000000060b9000 	/usr/lib/libDiagnosticMessagesClient.dylib
0x00000000060b9000 	/System/Library/Frameworks/CoreServices.framework/Versions/A/CoreServices
0x00000000060b9000 	/System/Library/PrivateFrameworks/PerformanceAnalysis.framework/Versions/A/PerformanceAnalysis
0x00000000060b9000 	/System/Library/PrivateFrameworks/GenerationalStorage.framework/Versions/A/GenerationalStorage
0x00000000060b9000 	/System/Library/Frameworks/OpenGL.framework/Versions/A/OpenGL
0x00000000060b9000 	/System/Library/PrivateFrameworks/Sharing.framework/Versions/A/Sharing
0x00000000060b9000 	/System/Library/Frameworks/CoreGraphics.framework/Versions/A/CoreGraphics
0x00000000060b9000 	/System/Library/Frameworks/CoreImage.framework/Versions/A/CoreImage
0x00000000060b9000 	/System/Library/Frameworks/CoreText.framework/Versions/A/CoreText
0x00000000060b9000 	/System/Library/Frameworks/ImageIO.framework/Versions/A/ImageIO
0x00000000060b9000 	/System/Library/PrivateFrameworks/Backup.framework/Versions/A/Backup
0x00000000060b9000 	/usr/lib/libextension.dylib
0x00000000060b9000 	/usr/lib/libarchive.2.dylib
0x00000000060b9000 	/System/Library/Frameworks/CFNetwork.framework/Versions/A/CFNetwork
0x00000000060b9000 	/System/Library/Frameworks/SystemConfiguration.framework/Versions/A/SystemConfiguration
0x00000000060b9000 	/usr/lib/libCRFSuite.dylib
0x00000000060b9000 	/usr/lib/libc++.1.dylib
0x00000000060b9000 	/usr/lib/libc++abi.dylib
0x00000000060b9000 	/usr/lib/system/libcache.dylib
0x00000000060b9000 	/usr/lib/system/libcommonCrypto.dylib
0x00000000060b9000 	/usr/lib/system/libcompiler_rt.dylib
0x00000000060b9000 	/usr/lib/system/libcopyfile.dylib
0x00000000060b9000 	/usr/lib/system/libcorecrypto.dylib
0x00000000060b9000 	/usr/lib/system/libdispatch.dylib
0x00000000060b9000 	/usr/lib/system/libdyld.dylib
0x00000000060b9000 	/usr/lib/system/libkeymgr.dylib
0x00000000060b9000 	/usr/lib/system/liblaunch.dylib
0x00000000060b9000 	/usr/lib/system/libmacho.dylib
0x00000000060b9000 	/usr/lib/system/libquarantine.dylib
0x00000000060b9000 	/usr/lib/system/libremovefile.dylib
0x00000000060b9000 	/usr/lib/system/libsystem_asl.dylib
0x00000000060b9000 	/usr/lib/system/libsystem_blocks.dylib
0x00000000060b9000 	/usr/lib/system/libsystem_c.dylib
0x00000000060b9000 	/usr/lib/system/libsystem_configuration.dylib
0x00000000060b9000 	/usr/lib/system/libsystem_coreservices.dylib
0x00000000060b9000 	/usr/lib/system/libsystem_coretls.dylib
0x00000000060b9000 	/usr/lib/system/libsystem_dnssd.dylib
0x00000000060b9000 	/usr/lib/system/libsystem_info.dylib
0x00000000060b9000 	/usr/lib/system/libsystem_kernel.dylib
0x00000000060b9000 	/usr/lib/system/libsystem_m.dylib
0x00000000060b9000 	/usr/lib/system/libsystem_malloc.dylib
0x00000000060b9000 	/usr/lib/system/libsystem_network.dylib
0x00000000060b9000 	/usr/lib/system/libsystem_networkextension.dylib
0x00000000060b9000 	/usr/lib/system/libsystem_notify.dylib
0x00000000060b9000 	/usr/lib/system/libsystem_platform.dylib
0x00000000060b9000 	/usr/lib/system/libsystem_pthread.dylib
0x00000000060b9000 	/usr/lib/system/libsystem_sandbox.dylib
0x00000000060b9000 	/usr/lib/system/libsystem_secinit.dylib
0x00000000060b9000 	/usr/lib/system/libsystem_trace.dylib
0x00000000060b9000 	/usr/lib/system/libunc.dylib
0x00000000060b9000 	/usr/lib/system/libunwind.dylib
0x00000000060b9000 	/usr/lib/system/libxpc.dylib
0x00000000060b9000 	/usr/lib/libenergytrace.dylib
0x00000000060b9000 	/usr/lib/libbsm.0.dylib
0x00000000060b9000 	/usr/lib/system/libkxld.dylib
0x00000000060b9000 	/usr/lib/libxar.1.dylib
0x00000000060b9000 	/usr/lib/libsqlite3.dylib
0x00000000060b9000 	/usr/lib/libpam.2.dylib
0x00000000060b9000 	/usr/lib/libOpenScriptingUtil.dylib
0x00000000060b9000 	/usr/lib/libbz2.1.0.dylib
0x00000000060b9000 	/usr/lib/liblzma.5.dylib
0x00000000060b9000 	/System/Library/Frameworks/CoreServices.framework/Versions/A/Frameworks/FSEvents.framework/Versions/A/FSEvents
0x00000000060b9000 	/System/Library/Frameworks/CoreServices.framework/Versions/A/Frameworks/CarbonCore.framework/Versions/A/CarbonCore
0x00000000060b9000 	/System/Library/Frameworks/CoreServices.framework/Versions/A/Frameworks/Metadata.framework/Versions/A/Metadata
0x00000000060b9000 	/System/Library/Frameworks/CoreServices.framework/Versions/A/Frameworks/OSServices.framework/Versions/A/OSServices
0x00000000060b9000 	/System/Library/Frameworks/CoreServices.framework/Versions/A/Frameworks/SearchKit.framework/Versions/A/SearchKit
0x00000000060b9000 	/System/Library/Frameworks/CoreServices.framework/Versions/A/Frameworks/AE.framework/Versions/A/AE
0x00000000060b9000 	/System/Library/Frameworks/CoreServices.framework/Versions/A/Frameworks/LaunchServices.framework/Versions/A/LaunchServices
0x00000000060b9000 	/System/Library/Frameworks/CoreServices.framework/Versions/A/Frameworks/DictionaryServices.framework/Versions/A/DictionaryServices
0x00000000060b9000 	/System/Library/Frameworks/CoreServices.framework/Versions/A/Frameworks/SharedFileList.framework/Versions/A/SharedFileList
0x00000000060b9000 	/System/Library/Frameworks/NetFS.framework/Versions/A/NetFS
0x00000000060b9000 	/System/Library/PrivateFrameworks/NetAuth.framework/Versions/A/NetAuth
0x00000000060b9000 	/System/Library/PrivateFrameworks/login.framework/Versions/A/Frameworks/loginsupport.framework/Versions/A/loginsupport
0x00000000060b9000 	/System/Library/PrivateFrameworks/TCC.framework/Versions/A/TCC
0x00000000060b9000 	/usr/lib/libmecabra.dylib
0x00000000060b9000 	/System/Library/Frameworks/ApplicationServices.framework/Versions/A/Frameworks/ATS.framework/Versions/A/ATS
0x00000000060b9000 	/System/Library/Frameworks/ApplicationServices.framework/Versions/A/Frameworks/ColorSync.framework/Versions/A/ColorSync
0x00000000060b9000 	/System/Library/Frameworks/ApplicationServices.framework/Versions/A/Frameworks/HIServices.framework/Versions/A/HIServices
0x00000000060b9000 	/System/Library/Frameworks/ApplicationServices.framework/Versions/A/Frameworks/LangAnalysis.framework/Versions/A/LangAnalysis
0x00000000060b9000 	/System/Library/Frameworks/ApplicationServices.framework/Versions/A/Frameworks/PrintCore.framework/Versions/A/PrintCore
0x00000000060b9000 	/System/Library/Frameworks/ApplicationServices.framework/Versions/A/Frameworks/QD.framework/Versions/A/QD
0x00000000060b9000 	/System/Library/Frameworks/ApplicationServices.framework/Versions/A/Frameworks/SpeechSynthesis.framework/Versions/A/SpeechSynthesis
0x00000000060b9000 	/System/Library/Frameworks/Metal.framework/Versions/A/Metal
0x00000000060b9000 	/System/Library/Frameworks/Accelerate.framework/Versions/A/Frameworks/vImage.framework/Versions/A/vImage
0x00000000060b9000 	/System/Library/Frameworks/Accelerate.framework/Versions/A/Frameworks/vecLib.framework/Versions/A/vecLib
0x00000000060b9000 	/System/Library/Frameworks/Accelerate.framework/Versions/A/Frameworks/vecLib.framework/Versions/A/libvDSP.dylib
0x00000000060b9000 	/System/Library/Frameworks/Accelerate.framework/Versions/A/Frameworks/vecLib.framework/Versions/A/libvMisc.dylib
0x00000000060b9000 	/System/Library/Frameworks/Accelerate.framework/Versions/A/Frameworks/vecLib.framework/Versions/A/libLAPACK.dylib
0x00000000060b9000 	/System/Library/Frameworks/Accelerate.framework/Versions/A/Frameworks/vecLib.framework/Versions/A/libBLAS.dylib
0x00000000060b9000 	/System/Library/Frameworks/Accelerate.framework/Versions/A/Frameworks/vecLib.framework/Versions/A/libLinearAlgebra.dylib
0x00000000060b9000 	/System/Library/Frameworks/Accelerate.framework/Versions/A/Frameworks/vecLib.framework/Versions/A/libSparseBLAS.dylib
0x00000000060b9000 	/System/Library/PrivateFrameworks/GPUCompiler.framework/libmetal_timestamp.dylib
0x00000000060b9000 	/System/Library/Frameworks/OpenGL.framework/Versions/A/Libraries/libCoreFSCache.dylib
0x00000000060b9000 	/System/Library/PrivateFrameworks/IOAccelerator.framework/Versions/A/IOAccelerator
0x00000000060b9000 	/System/Library/Frameworks/ApplicationServices.framework/Versions/A/Frameworks/ATS.framework/Versions/A/Resources/libFontParser.dylib
0x00000000060b9000 	/System/Library/Frameworks/ApplicationServices.framework/Versions/A/Frameworks/ATS.framework/Versions/A/Resources/libFontRegistry.dylib
0x00000000060b9000 	/System/Library/PrivateFrameworks/AppleVPA.framework/Versions/A/AppleVPA
0x00000000060b9000 	/System/Library/PrivateFrameworks/AppleJPEG.framework/Versions/A/AppleJPEG
0x00000000060b9000 	/System/Library/Frameworks/ImageIO.framework/Versions/A/Resources/libJPEG.dylib
0x00000000060b9000 	/System/Library/Frameworks/ImageIO.framework/Versions/A/Resources/libTIFF.dylib
0x00000000060b9000 	/System/Library/Frameworks/ImageIO.framework/Versions/A/Resources/libPng.dylib
0x00000000060b9000 	/System/Library/Frameworks/ImageIO.framework/Versions/A/Resources/libGIF.dylib
0x00000000060b9000 	/System/Library/Frameworks/ImageIO.framework/Versions/A/Resources/libJP2.dylib
0x00000000060b9000 	/System/Library/Frameworks/ImageIO.framework/Versions/A/Resources/libRadiance.dylib
0x00000000060b9000 	/System/Library/Frameworks/CoreVideo.framework/Versions/A/CoreVideo
0x00000000060b9000 	/System/Library/Frameworks/OpenGL.framework/Versions/A/Libraries/libGLU.dylib
0x00000000060b9000 	/System/Library/Frameworks/OpenGL.framework/Versions/A/Libraries/libGFXShared.dylib
0x00000000060b9000 	/System/Library/Frameworks/OpenGL.framework/Versions/A/Libraries/libGL.dylib
0x00000000060b9000 	/System/Library/Frameworks/OpenGL.framework/Versions/A/Libraries/libGLImage.dylib
0x00000000060b9000 	/System/Library/Frameworks/OpenGL.framework/Versions/A/Libraries/libCVMSPluginSupport.dylib
0x00000000060b9000 	/System/Library/Frameworks/OpenGL.framework/Versions/A/Libraries/libCoreVMClient.dylib
0x00000000060b9000 	/usr/lib/libcups.2.dylib
0x00000000060b9000 	/System/Library/Frameworks/Kerberos.framework/Versions/A/Kerberos
0x00000000060b9000 	/System/Library/Frameworks/GSS.framework/Versions/A/GSS
0x00000000060b9000 	/usr/lib/libresolv.9.dylib
0x00000000060b9000 	/usr/lib/libiconv.2.dylib
0x00000000060b9000 	/System/Library/PrivateFrameworks/Heimdal.framework/Versions/A/Heimdal
0x00000000060b9000 	/usr/lib/libheimdal-asn1.dylib
0x00000000060b9000 	/System/Library/Frameworks/OpenDirectory.framework/Versions/A/OpenDirectory
0x00000000060b9000 	/System/Library/PrivateFrameworks/CommonAuth.framework/Versions/A/CommonAuth
0x00000000060b9000 	/System/Library/Frameworks/OpenDirectory.framework/Versions/A/Frameworks/CFOpenDirectory.framework/Versions/A/CFOpenDirectory
0x00000000060b9000 	/System/Library/Frameworks/SecurityFoundation.framework/Versions/A/SecurityFoundation
0x00000000060b9000 	/System/Library/PrivateFrameworks/LanguageModeling.framework/Versions/A/LanguageModeling
0x00000000060b9000 	/usr/lib/libmarisa.dylib
0x00000000060b9000 	/usr/lib/libChineseTokenizer.dylib
0x00000000060b9000 	/usr/lib/libcmph.dylib
0x00000000060b9000 	/usr/lib/libcompression.dylib
0x00000000060b9000 	/System/Library/Frameworks/ServiceManagement.framework/Versions/A/ServiceManagement
0x00000000060b9000 	/usr/lib/libxslt.1.dylib
0x00000000060b9000 	/System/Library/Frameworks/Carbon.framework/Versions/A/Frameworks/Ink.framework/Versions/A/Ink
0x00000000060b9000 	/usr/lib/libFosl_dynamic.dylib
0x00000000060b9000 	/System/Library/PrivateFrameworks/FaceCore.framework/Versions/A/FaceCore
0x00000000060b9000 	/System/Library/Frameworks/OpenCL.framework/Versions/A/OpenCL
0x00000000060b9000 	/System/Library/PrivateFrameworks/CrashReporterSupport.framework/Versions/A/CrashReporterSupport
0x00000000060b9000 	/System/Library/PrivateFrameworks/IconServices.framework/Versions/A/IconServices
0x00000000060b9000 	/System/Library/PrivateFrameworks/Apple80211.framework/Versions/A/Apple80211
0x00000000060b9000 	/System/Library/Frameworks/CoreWLAN.framework/Versions/A/CoreWLAN
0x00000000060b9000 	/System/Library/Frameworks/IOBluetooth.framework/Versions/A/IOBluetooth
0x00000000060b9000 	/System/Library/PrivateFrameworks/CoreWiFi.framework/Versions/A/CoreWiFi
0x00000000060b9000 	/System/Library/Frameworks/CoreBluetooth.framework/Versions/A/CoreBluetooth
0x00000000060b9000 	/System/Library/PrivateFrameworks/ChunkingLibrary.framework/Versions/A/ChunkingLibrary
0x00000000060b9000 	/System/Library/PrivateFrameworks/DebugSymbols.framework/Versions/A/DebugSymbols
0x00000000060b9000 	/System/Library/PrivateFrameworks/CoreSymbolication.framework/Versions/A/CoreSymbolication
0x00000000060b9000 	/System/Library/PrivateFrameworks/Symbolication.framework/Versions/A/Symbolication
0x00000000060b9000 	/System/Library/PrivateFrameworks/SpeechRecognitionCore.framework/Versions/A/SpeechRecognitionCore
0x00000001029a9000 	/Library/Java/JavaVirtualMachines/jdk1.8.0_45.jdk/Contents/Home/jre/lib/server/libjvm.dylib
0x00000000060b9000 	/usr/lib/libstdc++.6.dylib
0x0000000103916000 	/Library/Java/JavaVirtualMachines/jdk1.8.0_45.jdk/Contents/Home/jre/lib/libverify.dylib
0x0000000103924000 	/Library/Java/JavaVirtualMachines/jdk1.8.0_45.jdk/Contents/Home/jre/lib/libjava.dylib
0x0000000103963000 	/Library/Java/JavaVirtualMachines/jdk1.8.0_45.jdk/Contents/Home/jre/lib/libzip.dylib
0x0000000119ad2000 	/System/Library/Frameworks/JavaVM.framework/Frameworks/JavaRuntimeSupport.framework/JavaRuntimeSupport
0x0000000119aed000 	/System/Library/Frameworks/JavaVM.framework/Versions/A/Frameworks/JavaNativeFoundation.framework/Versions/A/JavaNativeFoundation
0x0000000119b02000 	/System/Library/Frameworks/JavaVM.framework/Versions/A/JavaVM
0x00000000060b9000 	/System/Library/Frameworks/Carbon.framework/Versions/A/Carbon
0x0000000119b0f000 	/System/Library/PrivateFrameworks/JavaLaunching.framework/Versions/A/JavaLaunching
0x00000000060b9000 	/System/Library/Frameworks/Carbon.framework/Versions/A/Frameworks/CommonPanels.framework/Versions/A/CommonPanels
0x00000000060b9000 	/System/Library/Frameworks/Carbon.framework/Versions/A/Frameworks/Help.framework/Versions/A/Help
0x00000000060b9000 	/System/Library/Frameworks/Carbon.framework/Versions/A/Frameworks/ImageCapture.framework/Versions/A/ImageCapture
0x00000000060b9000 	/System/Library/Frameworks/Carbon.framework/Versions/A/Frameworks/OpenScripting.framework/Versions/A/OpenScripting
0x00000000060b9000 	/System/Library/Frameworks/Carbon.framework/Versions/A/Frameworks/Print.framework/Versions/A/Print
0x00000000060b9000 	/System/Library/Frameworks/Carbon.framework/Versions/A/Frameworks/SecurityHI.framework/Versions/A/SecurityHI
0x000000011b437000 	/Library/Java/JavaVirtualMachines/jdk1.8.0_45.jdk/Contents/Home/jre/lib/libawt.dylib
0x000000011b4df000 	/Library/Java/JavaVirtualMachines/jdk1.8.0_45.jdk/Contents/Home/jre/lib/./libmlib_image.dylib
0x000000011b5ab000 	/Library/Java/JavaVirtualMachines/jdk1.8.0_45.jdk/Contents/Home/jre/lib/libawt_lwawt.dylib
0x000000011b65f000 	/Library/Java/JavaVirtualMachines/jdk1.8.0_45.jdk/Contents/Home/jre/lib/./libosxapp.dylib
0x00000000060b9000 	/System/Library/Frameworks/ExceptionHandling.framework/Versions/A/ExceptionHandling
0x00000000060b9000 	/System/Library/PrivateFrameworks/CoreServicesInternal.framework/Versions/A/CoreServicesInternal
0x00000000060b9000 	/System/Library/Frameworks/CoreGraphics.framework/Versions/A/Resources/libRIP.A.dylib
0x000000011c31c000 	/System/Library/Frameworks/Accelerate.framework/Frameworks/vImage.framework/Versions/A/Libraries/libCGInterfaces.dylib
0x00000000060b9000 	/System/Library/Frameworks/CoreGraphics.framework/Versions/A/Resources/libCGXType.A.dylib
0x00000000060b9000 	/System/Library/Frameworks/OpenCL.framework/Versions/A/Libraries/libcldcpuengine.dylib
0x00000000060b9000 	/System/Library/PrivateFrameworks/DiskImages.framework/Versions/A/DiskImages
0x00000000060b9000 	/System/Library/Frameworks/DiscRecording.framework/Versions/A/DiscRecording
0x00000000060b9000 	/usr/lib/libcsfde.dylib
0x00000000060b9000 	/usr/lib/libcurl.4.dylib
0x00000000060b9000 	/System/Library/PrivateFrameworks/MediaKit.framework/Versions/A/MediaKit
0x00000000060b9000 	/System/Library/PrivateFrameworks/ProtectedCloudStorage.framework/Versions/A/ProtectedCloudStorage
0x00000000060b9000 	/usr/lib/libCoreStorage.dylib
0x00000000060b9000 	/System/Library/PrivateFrameworks/EFILogin.framework/Versions/A/EFILogin
0x00000000060b9000 	/usr/lib/libutil.dylib
0x00000000060b9000 	/System/Library/PrivateFrameworks/FindMyDevice.framework/Versions/A/FindMyDevice
0x00000000060b9000 	/System/Library/Frameworks/LDAP.framework/Versions/A/LDAP
0x00000000060b9000 	/usr/lib/libsasl2.2.dylib
0x00000000060b9000 	/System/Library/PrivateFrameworks/CoreDaemon.framework/Versions/B/CoreDaemon
0x00000000060b9000 	/usr/lib/libcrypto.0.9.8.dylib
0x00000000060b9000 	/System/Library/PrivateFrameworks/AppleSRP.framework/Versions/A/AppleSRP
0x00000000060b9000 	/System/Library/PrivateFrameworks/TrustEvaluationAgent.framework/Versions/A/TrustEvaluationAgent
0x000000011d048000 	cl_kernels
0x00000000060b9000 	/System/Library/Frameworks/OpenCL.framework/Versions/A/Libraries/ImageFormats/unorm8_bgra.dylib
0x00000000060b9000 	/System/Library/Frameworks/OpenCL.framework/Versions/A/Libraries/ImageFormats/unorm8_rgba.dylib
0x00000000060b9000 	/System/Library/PrivateFrameworks/FamilyControls.framework/Versions/A/FamilyControls
0x00000000060b9000 	/System/Library/PrivateFrameworks/CommerceKit.framework/Versions/A/Frameworks/CommerceCore.framework/Versions/A/CommerceCore
0x00000000060b9000 	/System/Library/PrivateFrameworks/SystemAdministration.framework/Versions/A/SystemAdministration
0x00000000060b9000 	/System/Library/PrivateFrameworks/AppContainer.framework/Versions/A/AppContainer
0x00000000060b9000 	/System/Library/PrivateFrameworks/SecCodeWrapper.framework/Versions/A/SecCodeWrapper
0x00000000060b9000 	/System/Library/Frameworks/DirectoryService.framework/Versions/A/DirectoryService
0x00000000060b9000 	/System/Library/PrivateFrameworks/LoginUIKit.framework/Versions/A/Frameworks/LoginUICore.framework/Versions/A/LoginUICore
0x00000000060b9000 	/usr/lib/libodfde.dylib
0x000000011e065000 	/System/Library/Frameworks/OpenGL.framework/Resources/GLEngine.bundle/GLEngine
0x00000000060b9000 	/System/Library/Frameworks/OpenGL.framework/Versions/A/Libraries/libGLProgrammability.dylib
0x000000011e24d000 	/System/Library/Extensions/AppleIntelHD5000GraphicsGLDriver.bundle/Contents/MacOS/AppleIntelHD5000GraphicsGLDriver
0x00000000060b9000 	/System/Library/PrivateFrameworks/GPUSupport.framework/Versions/A/Libraries/libGPUSupportMercury.dylib
0x000000011e99d000 	/System/Library/Frameworks/OpenGL.framework/Resources//GLRendererFloat.bundle/GLRendererFloat
0x000000011f254000 	/Library/Java/JavaVirtualMachines/jdk1.8.0_45.jdk/Contents/Home/jre/lib/libfontmanager.dylib
0x000000011f2bb000 	/Library/Java/JavaVirtualMachines/jdk1.8.0_45.jdk/Contents/Home/jre/lib/libosxui.dylib
0x0000000121398000 	/Library/Java/JavaVirtualMachines/jdk1.8.0_45.jdk/Contents/Home/jre/lib/libnet.dylib
0x00000001213f7000 	/Library/Java/JavaVirtualMachines/jdk1.8.0_45.jdk/Contents/Home/jre/lib/libnio.dylib
0x0000000121af3000 	/System/Library/Extensions/AppleIntelHD5000GraphicsMTLDriver.bundle/Contents/MacOS/AppleIntelHD5000GraphicsMTLDriver
0x0000000121bdd000 	/Library/Java/Extensions/librxtxSerial.jnilib
0x00000001227af000 	/Library/Java/JavaVirtualMachines/jdk1.8.0_45.jdk/Contents/Home/jre/lib/libdcpr.dylib

VM Arguments:
jvm_args: -Dfile.encoding=UTF-8 
java_command: com.aldo.ArduinoSwitch
java_class_path (initial): /Applications/NetBeans/glassfish-4.1/javadb/lib/ArduinoSwitch.v1.0.0.jar:/Applications/NetBeans/glassfish-4.1/javadb/lib/PanamaHitek_Arduino.v2.7.0.jar:/Users/AldoC/NetBeansProjects/ArduinoSwitch-1.0.0/ArduinoSwitch-1.0.0/Java/build/classes
Launcher Type: SUN_STANDARD

Environment Variables:
PATH=/usr/bin:/bin:/usr/sbin:/sbin
LD_LIBRARY_PATH=/Library/Java/JavaVirtualMachines/jdk1.8.0_45.jdk/Contents/Home/jre/lib/amd64:/Library/Java/JavaVirtualMachines/jdk1.8.0_45.jdk/Contents/Home/jre/lib/i386:
SHELL=/bin/bash
DISPLAY=/private/tmp/com.apple.launchd.6QlWOQwFqC/org.macosforge.xquartz:0

Signal Handlers:
SIGSEGV: [libjvm.dylib+0x58ef95], sa_mask[0]=11111111011111110111111111111111, sa_flags=SA_ONSTACK|SA_RESTART|SA_SIGINFO
SIGBUS: [libjvm.dylib+0x58ef95], sa_mask[0]=11111111011111110111111111111111, sa_flags=SA_RESTART|SA_SIGINFO
SIGFPE: [libjvm.dylib+0x46c108], sa_mask[0]=11111111011111110111111111111111, sa_flags=SA_RESTART|SA_SIGINFO
SIGPIPE: [libjvm.dylib+0x46c108], sa_mask[0]=11111111011111110111111111111111, sa_flags=SA_RESTART|SA_SIGINFO
SIGXFSZ: [libjvm.dylib+0x46c108], sa_mask[0]=11111111011111110111111111111111, sa_flags=SA_RESTART|SA_SIGINFO
SIGILL: [libjvm.dylib+0x46c108], sa_mask[0]=11111111011111110111111111111111, sa_flags=SA_RESTART|SA_SIGINFO
SIGUSR1: SIG_DFL, sa_mask[0]=00000000000000000000000000000000, sa_flags=none
SIGUSR2: [libjvm.dylib+0x46bc26], sa_mask[0]=00100000000000000000000000000000, sa_flags=SA_RESTART|SA_SIGINFO
SIGHUP: [libjvm.dylib+0x46a1f9], sa_mask[0]=11111111011111110111111111111111, sa_flags=SA_RESTART|SA_SIGINFO
SIGINT: SIG_IGN, sa_mask[0]=00000000000000000000000000000000, sa_flags=none
SIGTERM: [libjvm.dylib+0x46a1f9], sa_mask[0]=11111111011111110111111111111111, sa_flags=SA_RESTART|SA_SIGINFO
SIGQUIT: [libjvm.dylib+0x46a1f9], sa_mask[0]=11111111011111110111111111111111, sa_flags=SA_RESTART|SA_SIGINFO


---------------  S Y S T E M  ---------------

OS:Bsduname:Darwin 15.3.0 Darwin Kernel Version 15.3.0: Thu Dec 10 18:40:58 PST 2015; root:xnu-3248.30.4~1/RELEASE_X86_64 x86_64
rlimit: STACK 8192k, CORE 0k, NPROC 709, NOFILE 10240, AS infinity
load average:2.24 1.99 1.86

CPU:total 4 (2 cores per cpu, 2 threads per core) family 6 model 69 stepping 1, cmov, cx8, fxsr, mmx, sse, sse2, sse3, ssse3, sse4.1, sse4.2, popcnt, avx, avx2, aes, clmul, erms, rtm, lzcnt, ht, tsc, tscinvbit, bmi1, bmi2

Memory: 4k page, physical 8388608k(2077568k free)

/proc/meminfo:


vm_info: Java HotSpot(TM) 64-Bit Server VM (25.45-b02) for bsd-amd64 JRE (1.8.0_45-b14), built on Apr 10 2015 10:46:38 by "java_re" with gcc 4.2.1 (Based on Apple Inc. build 5658) (LLVM build 2336.11.00)

time: Fri Feb  5 17:18:36 2016
elapsed time: 14 seconds (0d 0h 0m 14s)

