#
# A fatal error has been detected by the Java Runtime Environment:
#
#  SIGSEGV (0xb) at pc=0x0000000124ee512f, pid=5827, tid=53795
#
# JRE version: Java(TM) SE Runtime Environment (8.0_45-b14) (build 1.8.0_45-b14)
# Java VM: Java HotSpot(TM) 64-Bit Server VM (25.45-b02 mixed mode bsd-amd64 compressed oops)
# Problematic frame:
# C  [librxtxSerial.jnilib+0x312f]  Java_gnu_io_RXTXPort_interruptEventLoop+0x6b
#
# Failed to write core dump. Core dumps have been disabled. To enable core dumping, try "ulimit -c unlimited" before starting Java again
#
# If you would like to submit a bug report, please visit:
#   http://bugreport.java.com/bugreport/crash.jsp
# The crash happened outside the Java Virtual Machine in native code.
# See problematic frame for where to report the bug.
#

---------------  T H R E A D  ---------------

Current thread (0x00007fcfad1ef000):  JavaThread "AWT-EventQueue-0" [_thread_in_native, id=53795, stack(0x00007000014dc000,0x00007000015dc000)]

siginfo: si_signo: 11 (SIGSEGV), si_code: 1 (SEGV_MAPERR), si_addr: 0x00007000016de868

Registers:
RAX=0x0000000000000000, RBX=0x00007000016de700, RCX=0x00007000015dc050, RDX=0xffffffffffffffff
RSP=0x00007000015d9210, RBP=0x00007000015d9220, RSI=0x0000000000000000, RDI=0x000000000000003c
R8 =0x0000000000000000, R9 =0x0000000002faf080, R10=0x0000000000000001, R11=0x0000000000000247
R12=0x000000000000001a, R13=0x00000001230ee0f0, R14=0x00007000015d9298, R15=0x00007fcfad1ef000
RIP=0x0000000124ee512f, EFLAGS=0x0000000000010206, ERR=0x0000000000000004
  TRAPNO=0x000000000000000e

Top of Stack: (sp=0x00007000015d9210)
0x00007000015d9210:   00000001230ee0f0 0000000000000000
0x00007000015d9220:   00007000015d9278 0000000107415954
0x00007000015d9230:   00000001074156a2 00007000015d9238
0x00007000015d9240:   00000001230ee0f0 00007000015d9298
0x00007000015d9250:   00000001230f9e50 0000000000000000
0x00007000015d9260:   00000001230ee0f0 0000000000000000
0x00007000015d9270:   00007000015d9298 00007000015d92e0
0x00007000015d9280:   0000000107407c4d 0000000000000000
0x00007000015d9290:   000000010740f578 0000000795f79658
0x00007000015d92a0:   00007000015d92a0 00000001230ee597
0x00007000015d92b0:   00007000015d92f8 00000001230f9e50
0x00007000015d92c0:   0000000000000000 00000001230ee600
0x00007000015d92d0:   00007000015d9298 00007000015d92f8
0x00007000015d92e0:   00007000015d9350 0000000107407c4d
0x00007000015d92f0:   0000000000000000 0000000795f79658
0x00007000015d9300:   0000000795f79658 0000000000000000
0x00007000015d9310:   00007000015d9300 00000001230eeff3
0x00007000015d9320:   00007000015d9378 00000001230f9e50
0x00007000015d9330:   0000000000000000 00000001230ef058
0x00007000015d9340:   00007000015d92f8 00007000015d9378
0x00007000015d9350:   00007000015d93c0 0000000107407c4d
0x00007000015d9360:   0000000000000000 0000000000000000
0x00007000015d9370:   0000000795f79658 0000000795f79658
0x00007000015d9380:   00007000015d9380 000000011b672eb2
0x00007000015d9390:   00007000015d93d8 000000011b6739b8
0x00007000015d93a0:   0000000000000000 000000011b672f20
0x00007000015d93b0:   00007000015d9378 00007000015d93d8
0x00007000015d93c0:   00007000015d9420 0000000107407c4d
0x00007000015d93d0:   0000000000000000 0000000795af6a48
0x00007000015d93e0:   00007000015d93e0 000000011b66e8fb
0x00007000015d93f0:   00007000015d9440 000000011b66f410
0x00007000015d9400:   0000000000000000 000000011b66e9d0 

Instructions: (pc=0x0000000124ee512f)
0x0000000124ee510f:   00 01 00 00 00 48 8b bb 78 01 00 00 be 06 00 00
0x0000000124ee511f:   00 e8 4d 27 00 00 bf 50 c3 00 00 e8 c7 27 00 00
0x0000000124ee512f:   83 bb 68 01 00 00 01 74 16 48 8b bb 78 01 00 00
0x0000000124ee513f:   e8 16 27 00 00 c7 83 68 01 00 00 01 00 00 00 5b 

Register to memory mapping:

RAX=0x0000000000000000 is an unknown value
RBX=0x00007000016de700 is an unknown value
RCX=0x00007000015dc050 is an unknown value
RDX=0xffffffffffffffff is an unknown value
RSP=0x00007000015d9210 is pointing into the stack for thread: 0x00007fcfad1ef000
RBP=0x00007000015d9220 is pointing into the stack for thread: 0x00007fcfad1ef000
RSI=0x0000000000000000 is an unknown value
RDI=0x000000000000003c is an unknown value
R8 =0x0000000000000000 is an unknown value
R9 =0x0000000002faf080 is an unknown value
R10=0x0000000000000001 is an unknown value
R11=0x0000000000000247 is an unknown value
R12=0x000000000000001a is an unknown value
R13={method} {0x00000001230ee0f0} 'interruptEventLoop' '()V' in 'gnu/io/RXTXPort'
R14=0x00007000015d9298 is pointing into the stack for thread: 0x00007fcfad1ef000
R15=0x00007fcfad1ef000 is a thread


Stack: [0x00007000014dc000,0x00007000015dc000],  sp=0x00007000015d9210,  free space=1012k
Native frames: (J=compiled Java code, j=interpreted, Vv=VM code, C=native code)
C  [librxtxSerial.jnilib+0x312f]  Java_gnu_io_RXTXPort_interruptEventLoop+0x6b
j  gnu.io.RXTXPort.interruptEventLoop()V+0
j  gnu.io.RXTXPort.removeEventListener()V+55
j  gnu.io.RXTXPort.close()V+91
j  panamahitek.Arduino.PanamaHitek_Arduino.killArduinoConnection()V+26
j  com.aldo.Window.jButtonConectarActionPerformed(Ljava/awt/event/ActionEvent;)V+19
j  com.aldo.Window.access$100(Lcom/aldo/Window;Ljava/awt/event/ActionEvent;)V+2
j  com.aldo.Window$2.actionPerformed(Ljava/awt/event/ActionEvent;)V+5
j  javax.swing.AbstractButton.fireActionPerformed(Ljava/awt/event/ActionEvent;)V+83
j  javax.swing.AbstractButton$Handler.actionPerformed(Ljava/awt/event/ActionEvent;)V+5
j  javax.swing.DefaultButtonModel.fireActionPerformed(Ljava/awt/event/ActionEvent;)V+34
j  javax.swing.DefaultButtonModel.setPressed(Z)V+117
j  javax.swing.plaf.basic.BasicButtonListener.mouseReleased(Ljava/awt/event/MouseEvent;)V+35
j  java.awt.Component.processMouseEvent(Ljava/awt/event/MouseEvent;)V+64
j  javax.swing.JComponent.processMouseEvent(Ljava/awt/event/MouseEvent;)V+23
J 931 C1 java.awt.Component.processEvent(Ljava/awt/AWTEvent;)V (220 bytes) @ 0x000000010773165c [0x0000000107731140+0x51c]
J 930 C1 java.awt.Container.processEvent(Ljava/awt/AWTEvent;)V (22 bytes) @ 0x000000010771ea44 [0x000000010771e720+0x324]
J 836 C1 java.awt.Component.dispatchEventImpl(Ljava/awt/AWTEvent;)V (883 bytes) @ 0x00000001076cd51c [0x00000001076c7fc0+0x555c]
J 852 C1 java.awt.Container.dispatchEventImpl(Ljava/awt/AWTEvent;)V (129 bytes) @ 0x00000001076d8bac [0x00000001076d8a60+0x14c]
J 854 C1 java.awt.Component.dispatchEvent(Ljava/awt/AWTEvent;)V (6 bytes) @ 0x00000001076d81c4 [0x00000001076d80c0+0x104]
j  java.awt.LightweightDispatcher.retargetMouseEvent(Ljava/awt/Component;ILjava/awt/event/MouseEvent;)V+327
J 958 C1 java.awt.LightweightDispatcher.processMouseEvent(Ljava/awt/event/MouseEvent;)Z (301 bytes) @ 0x000000010774256c [0x0000000107741260+0x130c]
J 976 C1 java.awt.LightweightDispatcher.dispatchEvent(Ljava/awt/AWTEvent;)Z (73 bytes) @ 0x0000000107750e74 [0x0000000107750a40+0x434]
J 852 C1 java.awt.Container.dispatchEventImpl(Ljava/awt/AWTEvent;)V (129 bytes) @ 0x00000001076d8b4c [0x00000001076d8a60+0xec]
J 920 C1 java.awt.Window.dispatchEventImpl(Ljava/awt/AWTEvent;)V (23 bytes) @ 0x000000010771f78c [0x000000010771f1a0+0x5ec]
J 762 C1 java.awt.EventQueue.dispatchEventImpl(Ljava/awt/AWTEvent;Ljava/lang/Object;)V (149 bytes) @ 0x000000010769f824 [0x000000010769dfc0+0x1864]
J 760 C1 java.awt.EventQueue$3.run()Ljava/lang/Void; (60 bytes) @ 0x000000010769d394 [0x000000010769d180+0x214]
J 759 C1 java.awt.EventQueue$3.run()Ljava/lang/Object; (5 bytes) @ 0x000000010769ce0c [0x000000010769cd80+0x8c]
v  ~StubRoutines::call_stub
V  [libjvm.dylib+0x2e032a]  JavaCalls::call_helper(JavaValue*, methodHandle*, JavaCallArguments*, Thread*)+0x6ae
V  [libjvm.dylib+0x338818]  JVM_DoPrivileged+0x4b8
J 537  java.security.AccessController.doPrivileged(Ljava/security/PrivilegedAction;Ljava/security/AccessControlContext;)Ljava/lang/Object; (0 bytes) @ 0x0000000107637195 [0x00000001076370c0+0xd5]
J 554 C1 java.security.ProtectionDomain$1.doIntersectionPrivilege(Ljava/security/PrivilegedAction;Ljava/security/AccessControlContext;Ljava/security/AccessControlContext;)Ljava/lang/Object; (32 bytes) @ 0x000000010763e004 [0x000000010763dd00+0x304]
J 661 C1 java.awt.EventQueue$4.run()Ljava/lang/Object; (5 bytes) @ 0x000000010767119c [0x0000000107670da0+0x3fc]
v  ~StubRoutines::call_stub
V  [libjvm.dylib+0x2e032a]  JavaCalls::call_helper(JavaValue*, methodHandle*, JavaCallArguments*, Thread*)+0x6ae
V  [libjvm.dylib+0x338818]  JVM_DoPrivileged+0x4b8
J 537  java.security.AccessController.doPrivileged(Ljava/security/PrivilegedAction;Ljava/security/AccessControlContext;)Ljava/lang/Object; (0 bytes) @ 0x0000000107637195 [0x00000001076370c0+0xd5]
J 657 C1 java.awt.EventQueue.dispatchEvent(Ljava/awt/AWTEvent;)V (80 bytes) @ 0x000000010766b48c [0x000000010766a7a0+0xcec]
J 659 C1 java.awt.EventDispatchThread.pumpOneEventForFilters(I)V (295 bytes) @ 0x000000010766e07c [0x000000010766c500+0x1b7c]
j  java.awt.EventDispatchThread.pumpEventsForFilter(ILjava/awt/Conditional;Ljava/awt/EventFilter;)V+35
j  java.awt.EventDispatchThread.pumpEventsForHierarchy(ILjava/awt/Conditional;Ljava/awt/Component;)V+11
j  java.awt.EventDispatchThread.pumpEvents(ILjava/awt/Conditional;)V+4
j  java.awt.EventDispatchThread.pumpEvents(Ljava/awt/Conditional;)V+3
j  java.awt.EventDispatchThread.run()V+9
v  ~StubRoutines::call_stub
V  [libjvm.dylib+0x2e032a]  JavaCalls::call_helper(JavaValue*, methodHandle*, JavaCallArguments*, Thread*)+0x6ae
V  [libjvm.dylib+0x2e0ab8]  JavaCalls::call_virtual(JavaValue*, KlassHandle, Symbol*, Symbol*, JavaCallArguments*, Thread*)+0x164
V  [libjvm.dylib+0x2e0c64]  JavaCalls::call_virtual(JavaValue*, Handle, KlassHandle, Symbol*, Symbol*, Thread*)+0x4a
V  [libjvm.dylib+0x3331a5]  thread_entry(JavaThread*, Thread*)+0x7c
V  [libjvm.dylib+0x549acf]  JavaThread::thread_main_inner()+0x9b
V  [libjvm.dylib+0x54b1c0]  JavaThread::run()+0x1c2
V  [libjvm.dylib+0x46ea7e]  java_start(Thread*)+0xf6
C  [libsystem_pthread.dylib+0x3c13]  _pthread_body+0x83
C  [libsystem_pthread.dylib+0x3b90]  _pthread_body+0x0
C  [libsystem_pthread.dylib+0x1375]  thread_start+0xd
C  0x0000000000000000

Java frames: (J=compiled Java code, j=interpreted, Vv=VM code)
j  gnu.io.RXTXPort.interruptEventLoop()V+0
j  gnu.io.RXTXPort.removeEventListener()V+55
j  gnu.io.RXTXPort.close()V+91
j  panamahitek.Arduino.PanamaHitek_Arduino.killArduinoConnection()V+26
j  com.aldo.Window.jButtonConectarActionPerformed(Ljava/awt/event/ActionEvent;)V+19
j  com.aldo.Window.access$100(Lcom/aldo/Window;Ljava/awt/event/ActionEvent;)V+2
j  com.aldo.Window$2.actionPerformed(Ljava/awt/event/ActionEvent;)V+5
j  javax.swing.AbstractButton.fireActionPerformed(Ljava/awt/event/ActionEvent;)V+83
j  javax.swing.AbstractButton$Handler.actionPerformed(Ljava/awt/event/ActionEvent;)V+5
j  javax.swing.DefaultButtonModel.fireActionPerformed(Ljava/awt/event/ActionEvent;)V+34
j  javax.swing.DefaultButtonModel.setPressed(Z)V+117
j  javax.swing.plaf.basic.BasicButtonListener.mouseReleased(Ljava/awt/event/MouseEvent;)V+35
j  java.awt.Component.processMouseEvent(Ljava/awt/event/MouseEvent;)V+64
j  javax.swing.JComponent.processMouseEvent(Ljava/awt/event/MouseEvent;)V+23
J 931 C1 java.awt.Component.processEvent(Ljava/awt/AWTEvent;)V (220 bytes) @ 0x000000010773165c [0x0000000107731140+0x51c]
J 930 C1 java.awt.Container.processEvent(Ljava/awt/AWTEvent;)V (22 bytes) @ 0x000000010771ea44 [0x000000010771e720+0x324]
J 836 C1 java.awt.Component.dispatchEventImpl(Ljava/awt/AWTEvent;)V (883 bytes) @ 0x00000001076cd51c [0x00000001076c7fc0+0x555c]
J 852 C1 java.awt.Container.dispatchEventImpl(Ljava/awt/AWTEvent;)V (129 bytes) @ 0x00000001076d8bac [0x00000001076d8a60+0x14c]
J 854 C1 java.awt.Component.dispatchEvent(Ljava/awt/AWTEvent;)V (6 bytes) @ 0x00000001076d81c4 [0x00000001076d80c0+0x104]
j  java.awt.LightweightDispatcher.retargetMouseEvent(Ljava/awt/Component;ILjava/awt/event/MouseEvent;)V+327
J 958 C1 java.awt.LightweightDispatcher.processMouseEvent(Ljava/awt/event/MouseEvent;)Z (301 bytes) @ 0x000000010774256c [0x0000000107741260+0x130c]
J 976 C1 java.awt.LightweightDispatcher.dispatchEvent(Ljava/awt/AWTEvent;)Z (73 bytes) @ 0x0000000107750e74 [0x0000000107750a40+0x434]
J 852 C1 java.awt.Container.dispatchEventImpl(Ljava/awt/AWTEvent;)V (129 bytes) @ 0x00000001076d8b4c [0x00000001076d8a60+0xec]
J 920 C1 java.awt.Window.dispatchEventImpl(Ljava/awt/AWTEvent;)V (23 bytes) @ 0x000000010771f78c [0x000000010771f1a0+0x5ec]
J 762 C1 java.awt.EventQueue.dispatchEventImpl(Ljava/awt/AWTEvent;Ljava/lang/Object;)V (149 bytes) @ 0x000000010769f824 [0x000000010769dfc0+0x1864]
J 760 C1 java.awt.EventQueue$3.run()Ljava/lang/Void; (60 bytes) @ 0x000000010769d394 [0x000000010769d180+0x214]
J 759 C1 java.awt.EventQueue$3.run()Ljava/lang/Object; (5 bytes) @ 0x000000010769ce0c [0x000000010769cd80+0x8c]
v  ~StubRoutines::call_stub
J 537  java.security.AccessController.doPrivileged(Ljava/security/PrivilegedAction;Ljava/security/AccessControlContext;)Ljava/lang/Object; (0 bytes) @ 0x0000000107637123 [0x00000001076370c0+0x63]
J 554 C1 java.security.ProtectionDomain$1.doIntersectionPrivilege(Ljava/security/PrivilegedAction;Ljava/security/AccessControlContext;Ljava/security/AccessControlContext;)Ljava/lang/Object; (32 bytes) @ 0x000000010763e004 [0x000000010763dd00+0x304]
J 661 C1 java.awt.EventQueue$4.run()Ljava/lang/Object; (5 bytes) @ 0x000000010767119c [0x0000000107670da0+0x3fc]
v  ~StubRoutines::call_stub
J 537  java.security.AccessController.doPrivileged(Ljava/security/PrivilegedAction;Ljava/security/AccessControlContext;)Ljava/lang/Object; (0 bytes) @ 0x0000000107637123 [0x00000001076370c0+0x63]
J 657 C1 java.awt.EventQueue.dispatchEvent(Ljava/awt/AWTEvent;)V (80 bytes) @ 0x000000010766b48c [0x000000010766a7a0+0xcec]
J 659 C1 java.awt.EventDispatchThread.pumpOneEventForFilters(I)V (295 bytes) @ 0x000000010766e07c [0x000000010766c500+0x1b7c]
j  java.awt.EventDispatchThread.pumpEventsForFilter(ILjava/awt/Conditional;Ljava/awt/EventFilter;)V+35
j  java.awt.EventDispatchThread.pumpEventsForHierarchy(ILjava/awt/Conditional;Ljava/awt/Component;)V+11
j  java.awt.EventDispatchThread.pumpEvents(ILjava/awt/Conditional;)V+4
j  java.awt.EventDispatchThread.pumpEvents(Ljava/awt/Conditional;)V+3
j  java.awt.EventDispatchThread.run()V+9
v  ~StubRoutines::call_stub

---------------  P R O C E S S  ---------------

Java Threads: ( => current thread )
  0x00007fcfac990800 JavaThread "TimerQueue" daemon [_thread_blocked, id=60463, stack(0x0000700001765000,0x0000700001865000)]
  0x00007fcfad263800 JavaThread "DestroyJavaVM" [_thread_blocked, id=5891, stack(0x000070000011a000,0x000070000021a000)]
=>0x00007fcfad1ef000 JavaThread "AWT-EventQueue-0" [_thread_in_native, id=53795, stack(0x00007000014dc000,0x00007000015dc000)]
  0x00007fcfac0ca000 JavaThread "Java2D Disposer" daemon [_thread_blocked, id=53263, stack(0x00007000013d9000,0x00007000014d9000)]
  0x00007fcfab931000 JavaThread "Java2D Queue Flusher" daemon [_thread_blocked, id=49187, stack(0x00007000012d6000,0x00007000013d6000)]
  0x00007fcfac8c6800 JavaThread "AWT-Shutdown" [_thread_blocked, id=29971, stack(0x0000700001150000,0x0000700001250000)]
  0x00007fcfad028800 JavaThread "AppKit Thread" daemon [_thread_in_native, id=2571, stack(0x00007fff59a8a000,0x00007fff5a28a000)]
  0x00007fcfab80c800 JavaThread "Service Thread" daemon [_thread_blocked, id=18691, stack(0x0000700000e44000,0x0000700000f44000)]
  0x00007fcfad027800 JavaThread "C1 CompilerThread2" daemon [_thread_blocked, id=18179, stack(0x0000700000d41000,0x0000700000e41000)]
  0x00007fcfad01e800 JavaThread "C2 CompilerThread1" daemon [_thread_blocked, id=17667, stack(0x0000700000c3e000,0x0000700000d3e000)]
  0x00007fcfac803000 JavaThread "C2 CompilerThread0" daemon [_thread_blocked, id=17155, stack(0x0000700000b3b000,0x0000700000c3b000)]
  0x00007fcfab80f800 JavaThread "Signal Dispatcher" daemon [_thread_blocked, id=13839, stack(0x0000700000a38000,0x0000700000b38000)]
  0x00007fcfad012800 JavaThread "Finalizer" daemon [_thread_blocked, id=12291, stack(0x000070000082f000,0x000070000092f000)]
  0x00007fcfac832800 JavaThread "Reference Handler" daemon [_thread_blocked, id=11779, stack(0x000070000072c000,0x000070000082c000)]

Other Threads:
  0x00007fcfad010000 VMThread [stack: 0x0000700000629000,0x0000700000729000] [id=11267]
  0x00007fcfab80a000 WatcherThread [stack: 0x0000700000f47000,0x0000700001047000] [id=19203]

VM state:not at safepoint (normal execution)

VM Mutex/Monitor currently owned by a thread: None

Heap:
 PSYoungGen      total 38400K, used 13983K [0x0000000795580000, 0x0000000798000000, 0x00000007c0000000)
  eden space 33280K, 42% used [0x0000000795580000,0x0000000796327c08,0x0000000797600000)
  from space 5120K, 0% used [0x0000000797b00000,0x0000000797b00000,0x0000000798000000)
  to   space 5120K, 0% used [0x0000000797600000,0x0000000797600000,0x0000000797b00000)
 ParOldGen       total 87552K, used 0K [0x0000000740000000, 0x0000000745580000, 0x0000000795580000)
  object space 87552K, 0% used [0x0000000740000000,0x0000000740000000,0x0000000745580000)
 Metaspace       used 12704K, capacity 13004K, committed 13056K, reserved 1060864K
  class space    used 1660K, capacity 1776K, committed 1792K, reserved 1048576K

Card table byte_map: [0x00000001167c0000,0x0000000116bc1000] byte_map_base: 0x0000000112dc0000

Marking Bits: (ParMarkBitMap*) 0x00000001064b47a0
 Begin Bits: [0x0000000116e6c000, 0x0000000118e6c000)
 End Bits:   [0x0000000118e6c000, 0x000000011ae6c000)

Polling page: 0x0000000106ba2000

CodeCache: size=245760Kb used=3644Kb max_used=3656Kb free=242115Kb
 bounds [0x0000000107400000, 0x00000001077a0000, 0x0000000116400000]
 total_blobs=1577 nmethods=1058 adapters=432
 compilation: enabled

Compilation events (10 events):
Event: 30.209 Thread 0x00007fcfad027800 1054       3       java.util.ArrayList::<init> (61 bytes)
Event: 30.210 Thread 0x00007fcfad027800 nmethod 1054 0x000000010778dbd0 code [0x000000010778dde0, 0x000000010778e858]
Event: 30.210 Thread 0x00007fcfad01e800 1056       4       java.lang.AbstractStringBuilder::append (50 bytes)
Event: 30.210 Thread 0x00007fcfad027800 1055       3       javax.swing.JComponent::isOpaque (6 bytes)
Event: 30.210 Thread 0x00007fcfad027800 nmethod 1055 0x000000010778ecd0 code [0x000000010778ee40, 0x000000010778f050]
Event: 30.210 Thread 0x00007fcfad027800 1057       3       java.awt.geom.AffineTransform::<init> (15 bytes)
Event: 30.211 Thread 0x00007fcfad027800 nmethod 1057 0x000000010778f110 code [0x000000010778f280, 0x000000010778f450]
Event: 30.211 Thread 0x00007fcfad027800 1058       3       sun.java2d.SurfaceData::getTransparency (8 bytes)
Event: 30.211 Thread 0x00007fcfad027800 nmethod 1058 0x000000010778f510 code [0x000000010778f680, 0x000000010778f928]
Event: 30.216 Thread 0x00007fcfad01e800 nmethod 1056 0x00000001077929d0 code [0x0000000107792b40, 0x0000000107792f68]

GC Heap History (0 events):
No events

Deoptimization events (6 events):
Event: 5.191 Thread 0x00007fcfad1ef000 Uncommon trap: reason=class_check action=maybe_recompile pc=0x000000010757a69c method=java.lang.String.equals(Ljava/lang/Object;)Z @ 8
Event: 5.733 Thread 0x00007fcfad1ef000 Uncommon trap: reason=class_check action=maybe_recompile pc=0x000000010757a69c method=java.lang.String.equals(Ljava/lang/Object;)Z @ 8
Event: 6.921 Thread 0x00007fcfad1ef000 Uncommon trap: reason=class_check action=maybe_recompile pc=0x000000010757a69c method=java.lang.String.equals(Ljava/lang/Object;)Z @ 8
Event: 7.012 Thread 0x00007fcfad208000 Uncommon trap: reason=unstable_if action=reinterpret pc=0x00000001075f8500 method=java.lang.String.toLowerCase(Ljava/util/Locale;)Ljava/lang/String; @ 85
Event: 10.864 Thread 0x00007fcfad1ef000 Uncommon trap: reason=class_check action=maybe_recompile pc=0x000000010757a69c method=java.lang.String.equals(Ljava/lang/Object;)Z @ 8
Event: 29.304 Thread 0x00007fcfad1ef000 Uncommon trap: reason=unstable_if action=reinterpret pc=0x000000010770d19c method=java.awt.Container.findComponentAtImpl(IIZ)Ljava/awt/Component; @ 28

Internal exceptions (10 events):
Event: 1.502 Thread 0x00007fcfac801000 Exception <a 'java/io/FileNotFoundException'> (0x0000000795e51f28) thrown at [/Users/java_re/workspace/8-2-build-macosx-x86_64/jdk8u45/3457/hotspot/src/share/vm/prims/jni.cpp, line 709]
Event: 1.510 Thread 0x00007fcfac801000 Exception <a 'java/io/FileNotFoundException'> (0x0000000795e54180) thrown at [/Users/java_re/workspace/8-2-build-macosx-x86_64/jdk8u45/3457/hotspot/src/share/vm/prims/jni.cpp, line 709]
Event: 1.512 Thread 0x00007fcfac801000 Exception <a 'java/io/FileNotFoundException'> (0x0000000795e60a30) thrown at [/Users/java_re/workspace/8-2-build-macosx-x86_64/jdk8u45/3457/hotspot/src/share/vm/prims/jni.cpp, line 709]
Event: 1.512 Thread 0x00007fcfac801000 Exception <a 'java/io/FileNotFoundException'> (0x0000000795e62b58) thrown at [/Users/java_re/workspace/8-2-build-macosx-x86_64/jdk8u45/3457/hotspot/src/share/vm/prims/jni.cpp, line 709]
Event: 1.515 Thread 0x00007fcfac801000 Exception <a 'java/io/FileNotFoundException'> (0x0000000795e6ca28) thrown at [/Users/java_re/workspace/8-2-build-macosx-x86_64/jdk8u45/3457/hotspot/src/share/vm/prims/jni.cpp, line 709]
Event: 1.516 Thread 0x00007fcfac801000 Exception <a 'java/io/FileNotFoundException'> (0x0000000795e6eb50) thrown at [/Users/java_re/workspace/8-2-build-macosx-x86_64/jdk8u45/3457/hotspot/src/share/vm/prims/jni.cpp, line 709]
Event: 1.517 Thread 0x00007fcfac801000 Exception <a 'java/io/FileNotFoundException'> (0x0000000795e767a8) thrown at [/Users/java_re/workspace/8-2-build-macosx-x86_64/jdk8u45/3457/hotspot/src/share/vm/prims/jni.cpp, line 709]
Event: 1.517 Thread 0x00007fcfac801000 Exception <a 'java/io/FileNotFoundException'> (0x0000000795e788d0) thrown at [/Users/java_re/workspace/8-2-build-macosx-x86_64/jdk8u45/3457/hotspot/src/share/vm/prims/jni.cpp, line 709]
Event: 6.988 Thread 0x00007fcfad1ef000 Exception <a 'java/io/FileNotFoundException'> (0x0000000795f60d38) thrown at [/Users/java_re/workspace/8-2-build-macosx-x86_64/jdk8u45/3457/hotspot/src/share/vm/prims/jni.cpp, line 709]
Event: 6.988 Thread 0x00007fcfad1ef000 Exception <a 'java/io/FileNotFoundException'> (0x0000000795f62ff0) thrown at [/Users/java_re/workspace/8-2-build-macosx-x86_64/jdk8u45/3457/hotspot/src/share/vm/prims/jni.cpp, line 709]

Events (10 events):
Event: 13.185 loading class javax/swing/text/GapContent$RemoveUndo
Event: 13.185 loading class javax/swing/text/GapContent$RemoveUndo done
Event: 13.185 loading class javax/swing/text/GapContent$UndoPosRef
Event: 13.185 loading class javax/swing/text/GapContent$UndoPosRef done
Event: 29.304 Thread 0x00007fcfad1ef000 Uncommon trap: trap_request=0xffffff65 fr.pc=0x000000010770d19c
Event: 29.304 Thread 0x00007fcfad1ef000 DEOPT PACKING pc=0x000000010770d19c sp=0x00007000015d9980
Event: 29.304 Thread 0x00007fcfad1ef000 DEOPT UNPACKING pc=0x0000000107405229 sp=0x00007000015d9958 mode 2
Event: 30.287 Executing VM operation: RevokeBias
Event: 30.287 Executing VM operation: RevokeBias done
Event: 30.287 Thread 0x00007fcfac97b800 Thread exited: 0x00007fcfac97b800


Dynamic libraries:
0x00000000060b9000 	/System/Library/Frameworks/Cocoa.framework/Versions/A/Cocoa
0x00000000060b9000 	/System/Library/Frameworks/Security.framework/Versions/A/Security
0x00000000060b9000 	/System/Library/Frameworks/ApplicationServices.framework/Versions/A/ApplicationServices
0x00000000060b9000 	/usr/lib/libz.1.dylib
0x00000000060b9000 	/usr/lib/libSystem.B.dylib
0x00000000060b9000 	/usr/lib/libobjc.A.dylib
0x00000000060b9000 	/System/Library/Frameworks/CoreFoundation.framework/Versions/A/CoreFoundation
0x00000000060b9000 	/System/Library/Frameworks/Foundation.framework/Versions/C/Foundation
0x00000000060b9000 	/System/Library/Frameworks/AppKit.framework/Versions/C/AppKit
0x00000000060b9000 	/System/Library/Frameworks/CoreData.framework/Versions/A/CoreData
0x00000000060b9000 	/System/Library/PrivateFrameworks/RemoteViewServices.framework/Versions/A/RemoteViewServices
0x00000000060b9000 	/System/Library/PrivateFrameworks/UIFoundation.framework/Versions/A/UIFoundation
0x00000000060b9000 	/usr/lib/libScreenReader.dylib
0x00000000060b9000 	/System/Library/Frameworks/Accelerate.framework/Versions/A/Accelerate
0x00000000060b9000 	/System/Library/Frameworks/IOSurface.framework/Versions/A/IOSurface
0x00000000060b9000 	/System/Library/Frameworks/AudioToolbox.framework/Versions/A/AudioToolbox
0x00000000060b9000 	/System/Library/Frameworks/AudioUnit.framework/Versions/A/AudioUnit
0x00000000060b9000 	/System/Library/PrivateFrameworks/DataDetectorsCore.framework/Versions/A/DataDetectorsCore
0x00000000060b9000 	/System/Library/PrivateFrameworks/DesktopServicesPriv.framework/Versions/A/DesktopServicesPriv
0x00000000060b9000 	/System/Library/Frameworks/Carbon.framework/Versions/A/Frameworks/HIToolbox.framework/Versions/A/HIToolbox
0x00000000060b9000 	/System/Library/Frameworks/QuartzCore.framework/Versions/A/QuartzCore
0x00000000060b9000 	/System/Library/Frameworks/Carbon.framework/Versions/A/Frameworks/SpeechRecognition.framework/Versions/A/SpeechRecognition
0x00000000060b9000 	/usr/lib/libauto.dylib
0x00000000060b9000 	/usr/lib/libicucore.A.dylib
0x00000000060b9000 	/usr/lib/libxml2.2.dylib
0x00000000060b9000 	/System/Library/PrivateFrameworks/CoreUI.framework/Versions/A/CoreUI
0x00000000060b9000 	/System/Library/Frameworks/CoreAudio.framework/Versions/A/CoreAudio
0x00000000060b9000 	/System/Library/Frameworks/DiskArbitration.framework/Versions/A/DiskArbitration
0x00000000060b9000 	/usr/lib/liblangid.dylib
0x00000000060b9000 	/System/Library/PrivateFrameworks/MultitouchSupport.framework/Versions/A/MultitouchSupport
0x00000000060b9000 	/System/Library/Frameworks/IOKit.framework/Versions/A/IOKit
0x00000000060b9000 	/usr/lib/libDiagnosticMessagesClient.dylib
0x00000000060b9000 	/System/Library/Frameworks/CoreServices.framework/Versions/A/CoreServices
0x00000000060b9000 	/System/Library/PrivateFrameworks/PerformanceAnalysis.framework/Versions/A/PerformanceAnalysis
0x00000000060b9000 	/System/Library/PrivateFrameworks/GenerationalStorage.framework/Versions/A/GenerationalStorage
0x00000000060b9000 	/System/Library/Frameworks/OpenGL.framework/Versions/A/OpenGL
0x00000000060b9000 	/System/Library/PrivateFrameworks/Sharing.framework/Versions/A/Sharing
0x00000000060b9000 	/System/Library/Frameworks/CoreGraphics.framework/Versions/A/CoreGraphics
0x00000000060b9000 	/System/Library/Frameworks/CoreImage.framework/Versions/A/CoreImage
0x00000000060b9000 	/System/Library/Frameworks/CoreText.framework/Versions/A/CoreText
0x00000000060b9000 	/System/Library/Frameworks/ImageIO.framework/Versions/A/ImageIO
0x00000000060b9000 	/System/Library/PrivateFrameworks/Backup.framework/Versions/A/Backup
0x00000000060b9000 	/usr/lib/libextension.dylib
0x00000000060b9000 	/usr/lib/libarchive.2.dylib
0x00000000060b9000 	/System/Library/Frameworks/CFNetwork.framework/Versions/A/CFNetwork
0x00000000060b9000 	/System/Library/Frameworks/SystemConfiguration.framework/Versions/A/SystemConfiguration
0x00000000060b9000 	/usr/lib/libCRFSuite.dylib
0x00000000060b9000 	/usr/lib/libc++.1.dylib
0x00000000060b9000 	/usr/lib/libc++abi.dylib
0x00000000060b9000 	/usr/lib/system/libcache.dylib
0x00000000060b9000 	/usr/lib/system/libcommonCrypto.dylib
0x00000000060b9000 	/usr/lib/system/libcompiler_rt.dylib
0x00000000060b9000 	/usr/lib/system/libcopyfile.dylib
0x00000000060b9000 	/usr/lib/system/libcorecrypto.dylib
0x00000000060b9000 	/usr/lib/system/libdispatch.dylib
0x00000000060b9000 	/usr/lib/system/libdyld.dylib
0x00000000060b9000 	/usr/lib/system/libkeymgr.dylib
0x00000000060b9000 	/usr/lib/system/liblaunch.dylib
0x00000000060b9000 	/usr/lib/system/libmacho.dylib
0x00000000060b9000 	/usr/lib/system/libquarantine.dylib
0x00000000060b9000 	/usr/lib/system/libremovefile.dylib
0x00000000060b9000 	/usr/lib/system/libsystem_asl.dylib
0x00000000060b9000 	/usr/lib/system/libsystem_blocks.dylib
0x00000000060b9000 	/usr/lib/system/libsystem_c.dylib
0x00000000060b9000 	/usr/lib/system/libsystem_configuration.dylib
0x00000000060b9000 	/usr/lib/system/libsystem_coreservices.dylib
0x00000000060b9000 	/usr/lib/system/libsystem_coretls.dylib
0x00000000060b9000 	/usr/lib/system/libsystem_dnssd.dylib
0x00000000060b9000 	/usr/lib/system/libsystem_info.dylib
0x00000000060b9000 	/usr/lib/system/libsystem_kernel.dylib
0x00000000060b9000 	/usr/lib/system/libsystem_m.dylib
0x00000000060b9000 	/usr/lib/system/libsystem_malloc.dylib
0x00000000060b9000 	/usr/lib/system/libsystem_network.dylib
0x00000000060b9000 	/usr/lib/system/libsystem_networkextension.dylib
0x00000000060b9000 	/usr/lib/system/libsystem_notify.dylib
0x00000000060b9000 	/usr/lib/system/libsystem_platform.dylib
0x00000000060b9000 	/usr/lib/system/libsystem_pthread.dylib
0x00000000060b9000 	/usr/lib/system/libsystem_sandbox.dylib
0x00000000060b9000 	/usr/lib/system/libsystem_secinit.dylib
0x00000000060b9000 	/usr/lib/system/libsystem_trace.dylib
0x00000000060b9000 	/usr/lib/system/libunc.dylib
0x00000000060b9000 	/usr/lib/system/libunwind.dylib
0x00000000060b9000 	/usr/lib/system/libxpc.dylib
0x00000000060b9000 	/usr/lib/libenergytrace.dylib
0x00000000060b9000 	/usr/lib/libbsm.0.dylib
0x00000000060b9000 	/usr/lib/system/libkxld.dylib
0x00000000060b9000 	/usr/lib/libxar.1.dylib
0x00000000060b9000 	/usr/lib/libsqlite3.dylib
0x00000000060b9000 	/usr/lib/libpam.2.dylib
0x00000000060b9000 	/usr/lib/libOpenScriptingUtil.dylib
0x00000000060b9000 	/usr/lib/libbz2.1.0.dylib
0x00000000060b9000 	/usr/lib/liblzma.5.dylib
0x00000000060b9000 	/System/Library/Frameworks/CoreServices.framework/Versions/A/Frameworks/FSEvents.framework/Versions/A/FSEvents
0x00000000060b9000 	/System/Library/Frameworks/CoreServices.framework/Versions/A/Frameworks/CarbonCore.framework/Versions/A/CarbonCore
0x00000000060b9000 	/System/Library/Frameworks/CoreServices.framework/Versions/A/Frameworks/Metadata.framework/Versions/A/Metadata
0x00000000060b9000 	/System/Library/Frameworks/CoreServices.framework/Versions/A/Frameworks/OSServices.framework/Versions/A/OSServices
0x00000000060b9000 	/System/Library/Frameworks/CoreServices.framework/Versions/A/Frameworks/SearchKit.framework/Versions/A/SearchKit
0x00000000060b9000 	/System/Library/Frameworks/CoreServices.framework/Versions/A/Frameworks/AE.framework/Versions/A/AE
0x00000000060b9000 	/System/Library/Frameworks/CoreServices.framework/Versions/A/Frameworks/LaunchServices.framework/Versions/A/LaunchServices
0x00000000060b9000 	/System/Library/Frameworks/CoreServices.framework/Versions/A/Frameworks/DictionaryServices.framework/Versions/A/DictionaryServices
0x00000000060b9000 	/System/Library/Frameworks/CoreServices.framework/Versions/A/Frameworks/SharedFileList.framework/Versions/A/SharedFileList
0x00000000060b9000 	/System/Library/Frameworks/NetFS.framework/Versions/A/NetFS
0x00000000060b9000 	/System/Library/PrivateFrameworks/NetAuth.framework/Versions/A/NetAuth
0x00000000060b9000 	/System/Library/PrivateFrameworks/login.framework/Versions/A/Frameworks/loginsupport.framework/Versions/A/loginsupport
0x00000000060b9000 	/System/Library/PrivateFrameworks/TCC.framework/Versions/A/TCC
0x00000000060b9000 	/usr/lib/libmecabra.dylib
0x00000000060b9000 	/System/Library/Frameworks/ApplicationServices.framework/Versions/A/Frameworks/ATS.framework/Versions/A/ATS
0x00000000060b9000 	/System/Library/Frameworks/ApplicationServices.framework/Versions/A/Frameworks/ColorSync.framework/Versions/A/ColorSync
0x00000000060b9000 	/System/Library/Frameworks/ApplicationServices.framework/Versions/A/Frameworks/HIServices.framework/Versions/A/HIServices
0x00000000060b9000 	/System/Library/Frameworks/ApplicationServices.framework/Versions/A/Frameworks/LangAnalysis.framework/Versions/A/LangAnalysis
0x00000000060b9000 	/System/Library/Frameworks/ApplicationServices.framework/Versions/A/Frameworks/PrintCore.framework/Versions/A/PrintCore
0x00000000060b9000 	/System/Library/Frameworks/ApplicationServices.framework/Versions/A/Frameworks/QD.framework/Versions/A/QD
0x00000000060b9000 	/System/Library/Frameworks/ApplicationServices.framework/Versions/A/Frameworks/SpeechSynthesis.framework/Versions/A/SpeechSynthesis
0x00000000060b9000 	/System/Library/Frameworks/Metal.framework/Versions/A/Metal
0x00000000060b9000 	/System/Library/Frameworks/Accelerate.framework/Versions/A/Frameworks/vImage.framework/Versions/A/vImage
0x00000000060b9000 	/System/Library/Frameworks/Accelerate.framework/Versions/A/Frameworks/vecLib.framework/Versions/A/vecLib
0x00000000060b9000 	/System/Library/Frameworks/Accelerate.framework/Versions/A/Frameworks/vecLib.framework/Versions/A/libvDSP.dylib
0x00000000060b9000 	/System/Library/Frameworks/Accelerate.framework/Versions/A/Frameworks/vecLib.framework/Versions/A/libvMisc.dylib
0x00000000060b9000 	/System/Library/Frameworks/Accelerate.framework/Versions/A/Frameworks/vecLib.framework/Versions/A/libLAPACK.dylib
0x00000000060b9000 	/System/Library/Frameworks/Accelerate.framework/Versions/A/Frameworks/vecLib.framework/Versions/A/libBLAS.dylib
0x00000000060b9000 	/System/Library/Frameworks/Accelerate.framework/Versions/A/Frameworks/vecLib.framework/Versions/A/libLinearAlgebra.dylib
0x00000000060b9000 	/System/Library/Frameworks/Accelerate.framework/Versions/A/Frameworks/vecLib.framework/Versions/A/libSparseBLAS.dylib
0x00000000060b9000 	/System/Library/PrivateFrameworks/GPUCompiler.framework/libmetal_timestamp.dylib
0x00000000060b9000 	/System/Library/Frameworks/OpenGL.framework/Versions/A/Libraries/libCoreFSCache.dylib
0x00000000060b9000 	/System/Library/PrivateFrameworks/IOAccelerator.framework/Versions/A/IOAccelerator
0x00000000060b9000 	/System/Library/Frameworks/ApplicationServices.framework/Versions/A/Frameworks/ATS.framework/Versions/A/Resources/libFontParser.dylib
0x00000000060b9000 	/System/Library/Frameworks/ApplicationServices.framework/Versions/A/Frameworks/ATS.framework/Versions/A/Resources/libFontRegistry.dylib
0x00000000060b9000 	/System/Library/PrivateFrameworks/AppleVPA.framework/Versions/A/AppleVPA
0x00000000060b9000 	/System/Library/PrivateFrameworks/AppleJPEG.framework/Versions/A/AppleJPEG
0x00000000060b9000 	/System/Library/Frameworks/ImageIO.framework/Versions/A/Resources/libJPEG.dylib
0x00000000060b9000 	/System/Library/Frameworks/ImageIO.framework/Versions/A/Resources/libTIFF.dylib
0x00000000060b9000 	/System/Library/Frameworks/ImageIO.framework/Versions/A/Resources/libPng.dylib
0x00000000060b9000 	/System/Library/Frameworks/ImageIO.framework/Versions/A/Resources/libGIF.dylib
0x00000000060b9000 	/System/Library/Frameworks/ImageIO.framework/Versions/A/Resources/libJP2.dylib
0x00000000060b9000 	/System/Library/Frameworks/ImageIO.framework/Versions/A/Resources/libRadiance.dylib
0x00000000060b9000 	/System/Library/Frameworks/CoreVideo.framework/Versions/A/CoreVideo
0x00000000060b9000 	/System/Library/Frameworks/OpenGL.framework/Versions/A/Libraries/libGLU.dylib
0x00000000060b9000 	/System/Library/Frameworks/OpenGL.framework/Versions/A/Libraries/libGFXShared.dylib
0x00000000060b9000 	/System/Library/Frameworks/OpenGL.framework/Versions/A/Libraries/libGL.dylib
0x00000000060b9000 	/System/Library/Frameworks/OpenGL.framework/Versions/A/Libraries/libGLImage.dylib
0x00000000060b9000 	/System/Library/Frameworks/OpenGL.framework/Versions/A/Libraries/libCVMSPluginSupport.dylib
0x00000000060b9000 	/System/Library/Frameworks/OpenGL.framework/Versions/A/Libraries/libCoreVMClient.dylib
0x00000000060b9000 	/usr/lib/libcups.2.dylib
0x00000000060b9000 	/System/Library/Frameworks/Kerberos.framework/Versions/A/Kerberos
0x00000000060b9000 	/System/Library/Frameworks/GSS.framework/Versions/A/GSS
0x00000000060b9000 	/usr/lib/libresolv.9.dylib
0x00000000060b9000 	/usr/lib/libiconv.2.dylib
0x00000000060b9000 	/System/Library/PrivateFrameworks/Heimdal.framework/Versions/A/Heimdal
0x00000000060b9000 	/usr/lib/libheimdal-asn1.dylib
0x00000000060b9000 	/System/Library/Frameworks/OpenDirectory.framework/Versions/A/OpenDirectory
0x00000000060b9000 	/System/Library/PrivateFrameworks/CommonAuth.framework/Versions/A/CommonAuth
0x00000000060b9000 	/System/Library/Frameworks/OpenDirectory.framework/Versions/A/Frameworks/CFOpenDirectory.framework/Versions/A/CFOpenDirectory
0x00000000060b9000 	/System/Library/Frameworks/SecurityFoundation.framework/Versions/A/SecurityFoundation
0x00000000060b9000 	/System/Library/PrivateFrameworks/LanguageModeling.framework/Versions/A/LanguageModeling
0x00000000060b9000 	/usr/lib/libmarisa.dylib
0x00000000060b9000 	/usr/lib/libChineseTokenizer.dylib
0x00000000060b9000 	/usr/lib/libcmph.dylib
0x00000000060b9000 	/usr/lib/libcompression.dylib
0x00000000060b9000 	/System/Library/Frameworks/ServiceManagement.framework/Versions/A/ServiceManagement
0x00000000060b9000 	/usr/lib/libxslt.1.dylib
0x00000000060b9000 	/System/Library/Frameworks/Carbon.framework/Versions/A/Frameworks/Ink.framework/Versions/A/Ink
0x00000000060b9000 	/usr/lib/libFosl_dynamic.dylib
0x00000000060b9000 	/System/Library/PrivateFrameworks/FaceCore.framework/Versions/A/FaceCore
0x00000000060b9000 	/System/Library/Frameworks/OpenCL.framework/Versions/A/OpenCL
0x00000000060b9000 	/System/Library/PrivateFrameworks/CrashReporterSupport.framework/Versions/A/CrashReporterSupport
0x00000000060b9000 	/System/Library/PrivateFrameworks/IconServices.framework/Versions/A/IconServices
0x00000000060b9000 	/System/Library/PrivateFrameworks/Apple80211.framework/Versions/A/Apple80211
0x00000000060b9000 	/System/Library/Frameworks/CoreWLAN.framework/Versions/A/CoreWLAN
0x00000000060b9000 	/System/Library/Frameworks/IOBluetooth.framework/Versions/A/IOBluetooth
0x00000000060b9000 	/System/Library/PrivateFrameworks/CoreWiFi.framework/Versions/A/CoreWiFi
0x00000000060b9000 	/System/Library/Frameworks/CoreBluetooth.framework/Versions/A/CoreBluetooth
0x00000000060b9000 	/System/Library/PrivateFrameworks/ChunkingLibrary.framework/Versions/A/ChunkingLibrary
0x00000000060b9000 	/System/Library/PrivateFrameworks/DebugSymbols.framework/Versions/A/DebugSymbols
0x00000000060b9000 	/System/Library/PrivateFrameworks/CoreSymbolication.framework/Versions/A/CoreSymbolication
0x00000000060b9000 	/System/Library/PrivateFrameworks/Symbolication.framework/Versions/A/Symbolication
0x00000000060b9000 	/System/Library/PrivateFrameworks/SpeechRecognitionCore.framework/Versions/A/SpeechRecognitionCore
0x0000000105bf2000 	/Library/Java/JavaVirtualMachines/jdk1.8.0_45.jdk/Contents/Home/jre/lib/server/libjvm.dylib
0x00000000060b9000 	/usr/lib/libstdc++.6.dylib
0x0000000106b5f000 	/Library/Java/JavaVirtualMachines/jdk1.8.0_45.jdk/Contents/Home/jre/lib/libverify.dylib
0x0000000106b6d000 	/Library/Java/JavaVirtualMachines/jdk1.8.0_45.jdk/Contents/Home/jre/lib/libjava.dylib
0x0000000106bac000 	/Library/Java/JavaVirtualMachines/jdk1.8.0_45.jdk/Contents/Home/jre/lib/libzip.dylib
0x000000011cd1a000 	/System/Library/Frameworks/JavaVM.framework/Frameworks/JavaRuntimeSupport.framework/JavaRuntimeSupport
0x000000011cd35000 	/System/Library/Frameworks/JavaVM.framework/Versions/A/Frameworks/JavaNativeFoundation.framework/Versions/A/JavaNativeFoundation
0x000000011cd4a000 	/System/Library/Frameworks/JavaVM.framework/Versions/A/JavaVM
0x00000000060b9000 	/System/Library/Frameworks/Carbon.framework/Versions/A/Carbon
0x000000011cd57000 	/System/Library/PrivateFrameworks/JavaLaunching.framework/Versions/A/JavaLaunching
0x00000000060b9000 	/System/Library/Frameworks/Carbon.framework/Versions/A/Frameworks/CommonPanels.framework/Versions/A/CommonPanels
0x00000000060b9000 	/System/Library/Frameworks/Carbon.framework/Versions/A/Frameworks/Help.framework/Versions/A/Help
0x00000000060b9000 	/System/Library/Frameworks/Carbon.framework/Versions/A/Frameworks/ImageCapture.framework/Versions/A/ImageCapture
0x00000000060b9000 	/System/Library/Frameworks/Carbon.framework/Versions/A/Frameworks/OpenScripting.framework/Versions/A/OpenScripting
0x00000000060b9000 	/System/Library/Frameworks/Carbon.framework/Versions/A/Frameworks/Print.framework/Versions/A/Print
0x00000000060b9000 	/System/Library/Frameworks/Carbon.framework/Versions/A/Frameworks/SecurityHI.framework/Versions/A/SecurityHI
0x000000011e67f000 	/Library/Java/JavaVirtualMachines/jdk1.8.0_45.jdk/Contents/Home/jre/lib/libawt.dylib
0x000000011e727000 	/Library/Java/JavaVirtualMachines/jdk1.8.0_45.jdk/Contents/Home/jre/lib/./libmlib_image.dylib
0x000000011e7f3000 	/Library/Java/JavaVirtualMachines/jdk1.8.0_45.jdk/Contents/Home/jre/lib/libawt_lwawt.dylib
0x000000011e8a7000 	/Library/Java/JavaVirtualMachines/jdk1.8.0_45.jdk/Contents/Home/jre/lib/./libosxapp.dylib
0x00000000060b9000 	/System/Library/Frameworks/ExceptionHandling.framework/Versions/A/ExceptionHandling
0x00000000060b9000 	/System/Library/PrivateFrameworks/CoreServicesInternal.framework/Versions/A/CoreServicesInternal
0x00000000060b9000 	/System/Library/Frameworks/CoreGraphics.framework/Versions/A/Resources/libRIP.A.dylib
0x000000011f075000 	/System/Library/Frameworks/Accelerate.framework/Frameworks/vImage.framework/Versions/A/Libraries/libCGInterfaces.dylib
0x00000000060b9000 	/System/Library/Frameworks/CoreGraphics.framework/Versions/A/Resources/libCGXType.A.dylib
0x00000000060b9000 	/System/Library/Frameworks/OpenCL.framework/Versions/A/Libraries/libcldcpuengine.dylib
0x00000000060b9000 	/System/Library/PrivateFrameworks/DiskImages.framework/Versions/A/DiskImages
0x00000000060b9000 	/System/Library/Frameworks/DiscRecording.framework/Versions/A/DiscRecording
0x00000000060b9000 	/usr/lib/libcsfde.dylib
0x00000000060b9000 	/usr/lib/libcurl.4.dylib
0x00000000060b9000 	/System/Library/PrivateFrameworks/MediaKit.framework/Versions/A/MediaKit
0x00000000060b9000 	/System/Library/PrivateFrameworks/ProtectedCloudStorage.framework/Versions/A/ProtectedCloudStorage
0x00000000060b9000 	/usr/lib/libCoreStorage.dylib
0x00000000060b9000 	/System/Library/PrivateFrameworks/EFILogin.framework/Versions/A/EFILogin
0x00000000060b9000 	/usr/lib/libutil.dylib
0x00000000060b9000 	/System/Library/PrivateFrameworks/FindMyDevice.framework/Versions/A/FindMyDevice
0x00000000060b9000 	/System/Library/Frameworks/LDAP.framework/Versions/A/LDAP
0x00000000060b9000 	/usr/lib/libsasl2.2.dylib
0x00000000060b9000 	/System/Library/PrivateFrameworks/CoreDaemon.framework/Versions/B/CoreDaemon
0x00000000060b9000 	/usr/lib/libcrypto.0.9.8.dylib
0x00000000060b9000 	/System/Library/PrivateFrameworks/AppleSRP.framework/Versions/A/AppleSRP
0x00000000060b9000 	/System/Library/PrivateFrameworks/TrustEvaluationAgent.framework/Versions/A/TrustEvaluationAgent
0x000000011f668000 	cl_kernels
0x00000000060b9000 	/System/Library/Frameworks/OpenCL.framework/Versions/A/Libraries/ImageFormats/unorm8_bgra.dylib
0x00000000060b9000 	/System/Library/Frameworks/OpenCL.framework/Versions/A/Libraries/ImageFormats/unorm8_rgba.dylib
0x00000000060b9000 	/System/Library/PrivateFrameworks/FamilyControls.framework/Versions/A/FamilyControls
0x00000000060b9000 	/System/Library/PrivateFrameworks/CommerceKit.framework/Versions/A/Frameworks/CommerceCore.framework/Versions/A/CommerceCore
0x00000000060b9000 	/System/Library/PrivateFrameworks/SystemAdministration.framework/Versions/A/SystemAdministration
0x00000000060b9000 	/System/Library/PrivateFrameworks/AppContainer.framework/Versions/A/AppContainer
0x00000000060b9000 	/System/Library/PrivateFrameworks/SecCodeWrapper.framework/Versions/A/SecCodeWrapper
0x00000000060b9000 	/System/Library/Frameworks/DirectoryService.framework/Versions/A/DirectoryService
0x00000000060b9000 	/System/Library/PrivateFrameworks/LoginUIKit.framework/Versions/A/Frameworks/LoginUICore.framework/Versions/A/LoginUICore
0x00000000060b9000 	/usr/lib/libodfde.dylib
0x0000000121306000 	/System/Library/Frameworks/OpenGL.framework/Resources/GLEngine.bundle/GLEngine
0x00000000060b9000 	/System/Library/Frameworks/OpenGL.framework/Versions/A/Libraries/libGLProgrammability.dylib
0x00000001214ee000 	/System/Library/Extensions/AppleIntelHD5000GraphicsGLDriver.bundle/Contents/MacOS/AppleIntelHD5000GraphicsGLDriver
0x00000000060b9000 	/System/Library/PrivateFrameworks/GPUSupport.framework/Versions/A/Libraries/libGPUSupportMercury.dylib
0x000000011f689000 	/System/Library/Frameworks/OpenGL.framework/Resources//GLRendererFloat.bundle/GLRendererFloat
0x000000012249e000 	/Library/Java/JavaVirtualMachines/jdk1.8.0_45.jdk/Contents/Home/jre/lib/libfontmanager.dylib
0x0000000122505000 	/Library/Java/JavaVirtualMachines/jdk1.8.0_45.jdk/Contents/Home/jre/lib/libosxui.dylib
0x00000001245e1000 	/Library/Java/JavaVirtualMachines/jdk1.8.0_45.jdk/Contents/Home/jre/lib/libnet.dylib
0x0000000124640000 	/Library/Java/JavaVirtualMachines/jdk1.8.0_45.jdk/Contents/Home/jre/lib/libnio.dylib
0x0000000124d3c000 	/System/Library/Extensions/AppleIntelHD5000GraphicsMTLDriver.bundle/Contents/MacOS/AppleIntelHD5000GraphicsMTLDriver
0x0000000124ee2000 	/Library/Java/Extensions/librxtxSerial.jnilib
0x0000000125c6d000 	/Library/Java/JavaVirtualMachines/jdk1.8.0_45.jdk/Contents/Home/jre/lib/libdcpr.dylib

VM Arguments:
jvm_args: -Dfile.encoding=UTF-8 
java_command: com.aldo.ArduinoSwitch
java_class_path (initial): /Applications/NetBeans/glassfish-4.1/javadb/lib/ArduinoSwitch.v1.0.0.jar:/Applications/NetBeans/glassfish-4.1/javadb/lib/PanamaHitek_Arduino.v2.7.0.jar:/Users/AldoC/NetBeansProjects/ArduinoSwitch-1.0.0/ArduinoSwitch-1.0.0/Java/build/classes
Launcher Type: SUN_STANDARD

Environment Variables:
PATH=/usr/bin:/bin:/usr/sbin:/sbin
LD_LIBRARY_PATH=/Library/Java/JavaVirtualMachines/jdk1.8.0_45.jdk/Contents/Home/jre/lib/amd64:/Library/Java/JavaVirtualMachines/jdk1.8.0_45.jdk/Contents/Home/jre/lib/i386:
SHELL=/bin/bash
DISPLAY=/private/tmp/com.apple.launchd.6QlWOQwFqC/org.macosforge.xquartz:0

Signal Handlers:
SIGSEGV: [libjvm.dylib+0x58ef95], sa_mask[0]=11111111011111110111111111111111, sa_flags=SA_ONSTACK|SA_RESTART|SA_SIGINFO
SIGBUS: [libjvm.dylib+0x58ef95], sa_mask[0]=11111111011111110111111111111111, sa_flags=SA_RESTART|SA_SIGINFO
SIGFPE: [libjvm.dylib+0x46c108], sa_mask[0]=11111111011111110111111111111111, sa_flags=SA_RESTART|SA_SIGINFO
SIGPIPE: [libjvm.dylib+0x46c108], sa_mask[0]=11111111011111110111111111111111, sa_flags=SA_RESTART|SA_SIGINFO
SIGXFSZ: [libjvm.dylib+0x46c108], sa_mask[0]=11111111011111110111111111111111, sa_flags=SA_RESTART|SA_SIGINFO
SIGILL: [libjvm.dylib+0x46c108], sa_mask[0]=11111111011111110111111111111111, sa_flags=SA_RESTART|SA_SIGINFO
SIGUSR1: SIG_DFL, sa_mask[0]=00000000000000000000000000000000, sa_flags=none
SIGUSR2: [libjvm.dylib+0x46bc26], sa_mask[0]=00100000000000000000000000000000, sa_flags=SA_RESTART|SA_SIGINFO
SIGHUP: [libjvm.dylib+0x46a1f9], sa_mask[0]=11111111011111110111111111111111, sa_flags=SA_RESTART|SA_SIGINFO
SIGINT: SIG_IGN, sa_mask[0]=00000000000000000000000000000000, sa_flags=none
SIGTERM: [libjvm.dylib+0x46a1f9], sa_mask[0]=11111111011111110111111111111111, sa_flags=SA_RESTART|SA_SIGINFO
SIGQUIT: [libjvm.dylib+0x46a1f9], sa_mask[0]=11111111011111110111111111111111, sa_flags=SA_RESTART|SA_SIGINFO


---------------  S Y S T E M  ---------------

OS:Bsduname:Darwin 15.3.0 Darwin Kernel Version 15.3.0: Thu Dec 10 18:40:58 PST 2015; root:xnu-3248.30.4~1/RELEASE_X86_64 x86_64
rlimit: STACK 8192k, CORE 0k, NPROC 709, NOFILE 10240, AS infinity
load average:2.15 2.00 1.84

CPU:total 4 (2 cores per cpu, 2 threads per core) family 6 model 69 stepping 1, cmov, cx8, fxsr, mmx, sse, sse2, sse3, ssse3, sse4.1, sse4.2, popcnt, avx, avx2, aes, clmul, erms, rtm, lzcnt, ht, tsc, tscinvbit, bmi1, bmi2

Memory: 4k page, physical 8388608k(239772k free)

/proc/meminfo:


vm_info: Java HotSpot(TM) 64-Bit Server VM (25.45-b02) for bsd-amd64 JRE (1.8.0_45-b14), built on Apr 10 2015 10:46:38 by "java_re" with gcc 4.2.1 (Based on Apple Inc. build 5658) (LLVM build 2336.11.00)

time: Fri Feb  5 17:11:44 2016
elapsed time: 30 seconds (0d 0h 0m 30s)

