#
# A fatal error has been detected by the Java Runtime Environment:
#
#  SIGSEGV (0xb) at pc=0x000000012a0a912f, pid=5243, tid=53507
#
# JRE version: Java(TM) SE Runtime Environment (8.0_45-b14) (build 1.8.0_45-b14)
# Java VM: Java HotSpot(TM) 64-Bit Server VM (25.45-b02 mixed mode bsd-amd64 compressed oops)
# Problematic frame:
# C  [librxtxSerial.jnilib+0x312f]  Java_gnu_io_RXTXPort_interruptEventLoop+0x6b
#
# Failed to write core dump. Core dumps have been disabled. To enable core dumping, try "ulimit -c unlimited" before starting Java again
#
# If you would like to submit a bug report, please visit:
#   http://bugreport.java.com/bugreport/crash.jsp
# The crash happened outside the Java Virtual Machine in native code.
# See problematic frame for where to report the bug.
#

---------------  T H R E A D  ---------------

Current thread (0x00007f8719a64800):  JavaThread "AWT-EventQueue-0" [_thread_in_native, id=53507, stack(0x00007000014dc000,0x00007000015dc000)]

siginfo: si_signo: 11 (SIGSEGV), si_code: 1 (SEGV_MAPERR), si_addr: 0x0000700001967868

Registers:
RAX=0x0000000000000000, RBX=0x0000700001967700, RCX=0x00007000015dc050, RDX=0xffffffffffffffff
RSP=0x00007000015d9250, RBP=0x00007000015d9260, RSI=0x0000000000000000, RDI=0x000000000000003c
R8 =0x0000000000000000, R9 =0x0000000002faf080, R10=0x0000000000000001, R11=0x0000000000000247
R12=0x000000000000001a, R13=0x00000001282b10f0, R14=0x00007000015d92d8, R15=0x00007f8719a64800
RIP=0x000000012a0a912f, EFLAGS=0x0000000000010202, ERR=0x0000000000000004
  TRAPNO=0x000000000000000e

Top of Stack: (sp=0x00007000015d9250)
0x00007000015d9250:   00000001282b10f0 0000000000000000
0x00007000015d9260:   00007000015d92b8 000000010c615954
0x00007000015d9270:   000000010c6156a2 00007000015d9278
0x00007000015d9280:   00000001282b10f0 00007000015d92d8
0x00007000015d9290:   00000001282bce50 0000000000000000
0x00007000015d92a0:   00000001282b10f0 0000000000000000
0x00007000015d92b0:   00007000015d92d8 00007000015d9320
0x00007000015d92c0:   000000010c607c4d 0000000000000000
0x00007000015d92d0:   000000010c60f578 0000000795f83838
0x00007000015d92e0:   00007000015d92e0 00000001282b1597
0x00007000015d92f0:   00007000015d9338 00000001282bce50
0x00007000015d9300:   0000000000000000 00000001282b1600
0x00007000015d9310:   00007000015d92d8 00007000015d9338
0x00007000015d9320:   00007000015d9390 000000010c607c4d
0x00007000015d9330:   0000000000000000 0000000795f83838
0x00007000015d9340:   0000000795f83838 0000000000000000
0x00007000015d9350:   00007000015d9340 00000001282b1ff3
0x00007000015d9360:   00007000015d93b8 00000001282bce50
0x00007000015d9370:   0000000000000000 00000001282b2058
0x00007000015d9380:   00007000015d9338 00007000015d93b8
0x00007000015d9390:   00007000015d9400 000000010c607c4d
0x00007000015d93a0:   0000000000000000 0000000000000000
0x00007000015d93b0:   0000000795f83838 0000000795f83838
0x00007000015d93c0:   00007000015d93c0 0000000120872eb2
0x00007000015d93d0:   00007000015d9418 00000001208739b8
0x00007000015d93e0:   0000000000000000 0000000120872f20
0x00007000015d93f0:   00007000015d93b8 00007000015d9418
0x00007000015d9400:   00007000015d9460 000000010c607c4d
0x00007000015d9410:   0000000000000000 0000000795af64c8
0x00007000015d9420:   00007000015d9420 000000012086e8fb
0x00007000015d9430:   00007000015d9480 000000012086f410
0x00007000015d9440:   0000000000000000 000000012086e9d0 

Instructions: (pc=0x000000012a0a912f)
0x000000012a0a910f:   00 01 00 00 00 48 8b bb 78 01 00 00 be 06 00 00
0x000000012a0a911f:   00 e8 4d 27 00 00 bf 50 c3 00 00 e8 c7 27 00 00
0x000000012a0a912f:   83 bb 68 01 00 00 01 74 16 48 8b bb 78 01 00 00
0x000000012a0a913f:   e8 16 27 00 00 c7 83 68 01 00 00 01 00 00 00 5b 

Register to memory mapping:

RAX=0x0000000000000000 is an unknown value
RBX=0x0000700001967700 is an unknown value
RCX=0x00007000015dc050 is an unknown value
RDX=0xffffffffffffffff is an unknown value
RSP=0x00007000015d9250 is pointing into the stack for thread: 0x00007f8719a64800
RBP=0x00007000015d9260 is pointing into the stack for thread: 0x00007f8719a64800
RSI=0x0000000000000000 is an unknown value
RDI=0x000000000000003c is an unknown value
R8 =0x0000000000000000 is an unknown value
R9 =0x0000000002faf080 is an unknown value
R10=0x0000000000000001 is an unknown value
R11=0x0000000000000247 is an unknown value
R12=0x000000000000001a is an unknown value
R13={method} {0x00000001282b10f0} 'interruptEventLoop' '()V' in 'gnu/io/RXTXPort'
R14=0x00007000015d92d8 is pointing into the stack for thread: 0x00007f8719a64800
R15=0x00007f8719a64800 is a thread


Stack: [0x00007000014dc000,0x00007000015dc000],  sp=0x00007000015d9250,  free space=1012k
Native frames: (J=compiled Java code, j=interpreted, Vv=VM code, C=native code)
C  [librxtxSerial.jnilib+0x312f]  Java_gnu_io_RXTXPort_interruptEventLoop+0x6b
j  gnu.io.RXTXPort.interruptEventLoop()V+0
j  gnu.io.RXTXPort.removeEventListener()V+55
j  gnu.io.RXTXPort.close()V+91
j  panamahitek.Arduino.PanamaHitek_Arduino.killArduinoConnection()V+26
j  com.aldo.Window.jButtonConectarActionPerformed(Ljava/awt/event/ActionEvent;)V+19
j  com.aldo.Window.access$100(Lcom/aldo/Window;Ljava/awt/event/ActionEvent;)V+2
j  com.aldo.Window$2.actionPerformed(Ljava/awt/event/ActionEvent;)V+5
j  javax.swing.AbstractButton.fireActionPerformed(Ljava/awt/event/ActionEvent;)V+83
j  javax.swing.AbstractButton$Handler.actionPerformed(Ljava/awt/event/ActionEvent;)V+5
j  javax.swing.DefaultButtonModel.fireActionPerformed(Ljava/awt/event/ActionEvent;)V+34
j  javax.swing.DefaultButtonModel.setPressed(Z)V+117
j  javax.swing.plaf.basic.BasicButtonListener.mouseReleased(Ljava/awt/event/MouseEvent;)V+35
j  java.awt.Component.processMouseEvent(Ljava/awt/event/MouseEvent;)V+64
j  javax.swing.JComponent.processMouseEvent(Ljava/awt/event/MouseEvent;)V+23
J 959 C1 java.awt.Component.processEvent(Ljava/awt/AWTEvent;)V (220 bytes) @ 0x000000010c94c95c [0x000000010c94c440+0x51c]
J 958 C1 java.awt.Container.processEvent(Ljava/awt/AWTEvent;)V (22 bytes) @ 0x000000010c94bf84 [0x000000010c94bc60+0x324]
J 867 C1 java.awt.Component.dispatchEventImpl(Ljava/awt/AWTEvent;)V (883 bytes) @ 0x000000010c90637c [0x000000010c900e40+0x553c]
J 698 C1 java.awt.Container.dispatchEventImpl(Ljava/awt/AWTEvent;)V (129 bytes) @ 0x000000010c888e2c [0x000000010c888ce0+0x14c]
J 697 C1 java.awt.Component.dispatchEvent(Ljava/awt/AWTEvent;)V (6 bytes) @ 0x000000010c888944 [0x000000010c888840+0x104]
j  java.awt.LightweightDispatcher.retargetMouseEvent(Ljava/awt/Component;ILjava/awt/event/MouseEvent;)V+327
j  java.awt.LightweightDispatcher.processMouseEvent(Ljava/awt/event/MouseEvent;)Z+143
J 929 C1 java.awt.LightweightDispatcher.dispatchEvent(Ljava/awt/AWTEvent;)Z (73 bytes) @ 0x000000010c926c34 [0x000000010c926800+0x434]
J 698 C1 java.awt.Container.dispatchEventImpl(Ljava/awt/AWTEvent;)V (129 bytes) @ 0x000000010c888dcc [0x000000010c888ce0+0xec]
J 934 C1 java.awt.Window.dispatchEventImpl(Ljava/awt/AWTEvent;)V (23 bytes) @ 0x000000010c92858c [0x000000010c927fa0+0x5ec]
J 716 C1 java.awt.EventQueue.dispatchEventImpl(Ljava/awt/AWTEvent;Ljava/lang/Object;)V (149 bytes) @ 0x000000010c8957e4 [0x000000010c893f80+0x1864]
J 714 C1 java.awt.EventQueue$3.run()Ljava/lang/Void; (60 bytes) @ 0x000000010c893354 [0x000000010c893140+0x214]
J 713 C1 java.awt.EventQueue$3.run()Ljava/lang/Object; (5 bytes) @ 0x000000010c892dcc [0x000000010c892d40+0x8c]
v  ~StubRoutines::call_stub
V  [libjvm.dylib+0x2e032a]
V  [libjvm.dylib+0x338818]
J 515  java.security.AccessController.doPrivileged(Ljava/security/PrivilegedAction;Ljava/security/AccessControlContext;)Ljava/lang/Object; (0 bytes) @ 0x000000010c82ea15 [0x000000010c82e940+0xd5]
J 521 C1 java.security.ProtectionDomain$1.doIntersectionPrivilege(Ljava/security/PrivilegedAction;Ljava/security/AccessControlContext;Ljava/security/AccessControlContext;)Ljava/lang/Object; (32 bytes) @ 0x000000010c830444 [0x000000010c830140+0x304]
J 634 C1 java.awt.EventQueue$4.run()Ljava/lang/Object; (5 bytes) @ 0x000000010c86a9dc [0x000000010c86a5e0+0x3fc]
v  ~StubRoutines::call_stub
V  [libjvm.dylib+0x2e032a]
V  [libjvm.dylib+0x338818]
J 515  java.security.AccessController.doPrivileged(Ljava/security/PrivilegedAction;Ljava/security/AccessControlContext;)Ljava/lang/Object; (0 bytes) @ 0x000000010c82ea15 [0x000000010c82e940+0xd5]
J 618 C1 java.awt.EventQueue.dispatchEvent(Ljava/awt/AWTEvent;)V (80 bytes) @ 0x000000010c860d4c [0x000000010c860060+0xcec]
J 620 C1 java.awt.EventDispatchThread.pumpOneEventForFilters(I)V (295 bytes) @ 0x000000010c86393c [0x000000010c861dc0+0x1b7c]
j  java.awt.EventDispatchThread.pumpEventsForFilter(ILjava/awt/Conditional;Ljava/awt/EventFilter;)V+35
j  java.awt.EventDispatchThread.pumpEventsForHierarchy(ILjava/awt/Conditional;Ljava/awt/Component;)V+11
j  java.awt.EventDispatchThread.pumpEvents(ILjava/awt/Conditional;)V+4
j  java.awt.EventDispatchThread.pumpEvents(Ljava/awt/Conditional;)V+3
j  java.awt.EventDispatchThread.run()V+9
v  ~StubRoutines::call_stub
V  [libjvm.dylib+0x2e032a]
V  [libjvm.dylib+0x2e0ab8]
V  [libjvm.dylib+0x2e0c64]
V  [libjvm.dylib+0x3331a5]
V  [libjvm.dylib+0x549acf]
V  [libjvm.dylib+0x54b1c0]
V  [libjvm.dylib+0x46ea7e]
C  [libsystem_pthread.dylib+0x3c13]  _pthread_body+0x83
C  [libsystem_pthread.dylib+0x3b90]  _pthread_body+0x0
C  [libsystem_pthread.dylib+0x1375]  thread_start+0xd
C  0x0000000000000000

Java frames: (J=compiled Java code, j=interpreted, Vv=VM code)
j  gnu.io.RXTXPort.interruptEventLoop()V+0
j  gnu.io.RXTXPort.removeEventListener()V+55
j  gnu.io.RXTXPort.close()V+91
j  panamahitek.Arduino.PanamaHitek_Arduino.killArduinoConnection()V+26
j  com.aldo.Window.jButtonConectarActionPerformed(Ljava/awt/event/ActionEvent;)V+19
j  com.aldo.Window.access$100(Lcom/aldo/Window;Ljava/awt/event/ActionEvent;)V+2
j  com.aldo.Window$2.actionPerformed(Ljava/awt/event/ActionEvent;)V+5
j  javax.swing.AbstractButton.fireActionPerformed(Ljava/awt/event/ActionEvent;)V+83
j  javax.swing.AbstractButton$Handler.actionPerformed(Ljava/awt/event/ActionEvent;)V+5
j  javax.swing.DefaultButtonModel.fireActionPerformed(Ljava/awt/event/ActionEvent;)V+34
j  javax.swing.DefaultButtonModel.setPressed(Z)V+117
j  javax.swing.plaf.basic.BasicButtonListener.mouseReleased(Ljava/awt/event/MouseEvent;)V+35
j  java.awt.Component.processMouseEvent(Ljava/awt/event/MouseEvent;)V+64
j  javax.swing.JComponent.processMouseEvent(Ljava/awt/event/MouseEvent;)V+23
J 959 C1 java.awt.Component.processEvent(Ljava/awt/AWTEvent;)V (220 bytes) @ 0x000000010c94c95c [0x000000010c94c440+0x51c]
J 958 C1 java.awt.Container.processEvent(Ljava/awt/AWTEvent;)V (22 bytes) @ 0x000000010c94bf84 [0x000000010c94bc60+0x324]
J 867 C1 java.awt.Component.dispatchEventImpl(Ljava/awt/AWTEvent;)V (883 bytes) @ 0x000000010c90637c [0x000000010c900e40+0x553c]
J 698 C1 java.awt.Container.dispatchEventImpl(Ljava/awt/AWTEvent;)V (129 bytes) @ 0x000000010c888e2c [0x000000010c888ce0+0x14c]
J 697 C1 java.awt.Component.dispatchEvent(Ljava/awt/AWTEvent;)V (6 bytes) @ 0x000000010c888944 [0x000000010c888840+0x104]
j  java.awt.LightweightDispatcher.retargetMouseEvent(Ljava/awt/Component;ILjava/awt/event/MouseEvent;)V+327
j  java.awt.LightweightDispatcher.processMouseEvent(Ljava/awt/event/MouseEvent;)Z+143
J 929 C1 java.awt.LightweightDispatcher.dispatchEvent(Ljava/awt/AWTEvent;)Z (73 bytes) @ 0x000000010c926c34 [0x000000010c926800+0x434]
J 698 C1 java.awt.Container.dispatchEventImpl(Ljava/awt/AWTEvent;)V (129 bytes) @ 0x000000010c888dcc [0x000000010c888ce0+0xec]
J 934 C1 java.awt.Window.dispatchEventImpl(Ljava/awt/AWTEvent;)V (23 bytes) @ 0x000000010c92858c [0x000000010c927fa0+0x5ec]
J 716 C1 java.awt.EventQueue.dispatchEventImpl(Ljava/awt/AWTEvent;Ljava/lang/Object;)V (149 bytes) @ 0x000000010c8957e4 [0x000000010c893f80+0x1864]
J 714 C1 java.awt.EventQueue$3.run()Ljava/lang/Void; (60 bytes) @ 0x000000010c893354 [0x000000010c893140+0x214]
J 713 C1 java.awt.EventQueue$3.run()Ljava/lang/Object; (5 bytes) @ 0x000000010c892dcc [0x000000010c892d40+0x8c]
v  ~StubRoutines::call_stub
J 515  java.security.AccessController.doPrivileged(Ljava/security/PrivilegedAction;Ljava/security/AccessControlContext;)Ljava/lang/Object; (0 bytes) @ 0x000000010c82e9a3 [0x000000010c82e940+0x63]
J 521 C1 java.security.ProtectionDomain$1.doIntersectionPrivilege(Ljava/security/PrivilegedAction;Ljava/security/AccessControlContext;Ljava/security/AccessControlContext;)Ljava/lang/Object; (32 bytes) @ 0x000000010c830444 [0x000000010c830140+0x304]
J 634 C1 java.awt.EventQueue$4.run()Ljava/lang/Object; (5 bytes) @ 0x000000010c86a9dc [0x000000010c86a5e0+0x3fc]
v  ~StubRoutines::call_stub
J 515  java.security.AccessController.doPrivileged(Ljava/security/PrivilegedAction;Ljava/security/AccessControlContext;)Ljava/lang/Object; (0 bytes) @ 0x000000010c82e9a3 [0x000000010c82e940+0x63]
J 618 C1 java.awt.EventQueue.dispatchEvent(Ljava/awt/AWTEvent;)V (80 bytes) @ 0x000000010c860d4c [0x000000010c860060+0xcec]
J 620 C1 java.awt.EventDispatchThread.pumpOneEventForFilters(I)V (295 bytes) @ 0x000000010c86393c [0x000000010c861dc0+0x1b7c]
j  java.awt.EventDispatchThread.pumpEventsForFilter(ILjava/awt/Conditional;Ljava/awt/EventFilter;)V+35
j  java.awt.EventDispatchThread.pumpEventsForHierarchy(ILjava/awt/Conditional;Ljava/awt/Component;)V+11
j  java.awt.EventDispatchThread.pumpEvents(ILjava/awt/Conditional;)V+4
j  java.awt.EventDispatchThread.pumpEvents(Ljava/awt/Conditional;)V+3
j  java.awt.EventDispatchThread.run()V+9
v  ~StubRoutines::call_stub

---------------  P R O C E S S  ---------------

Java Threads: ( => current thread )
  0x00007f871a8fc800 JavaThread "TimerQueue" daemon [_thread_blocked, id=60455, stack(0x0000700001765000,0x0000700001865000)]
  0x00007f87190c5000 JavaThread "DestroyJavaVM" [_thread_blocked, id=4099, stack(0x0000700000084000,0x0000700000184000)]
=>0x00007f8719a64800 JavaThread "AWT-EventQueue-0" [_thread_in_native, id=53507, stack(0x00007000014dc000,0x00007000015dc000)]
  0x00007f8719925800 JavaThread "Java2D Disposer" daemon [_thread_blocked, id=52995, stack(0x00007000013d9000,0x00007000014d9000)]
  0x00007f8719917000 JavaThread "Java2D Queue Flusher" daemon [_thread_blocked, id=41503, stack(0x00007000012d6000,0x00007000013d6000)]
  0x00007f87198e4800 JavaThread "AWT-Shutdown" [_thread_blocked, id=27691, stack(0x0000700001150000,0x0000700001250000)]
  0x00007f8719842800 JavaThread "AppKit Thread" daemon [_thread_in_native, id=2571, stack(0x00007fff548c6000,0x00007fff550c6000)]
  0x00007f871a009000 JavaThread "Service Thread" daemon [_thread_blocked, id=18435, stack(0x0000700000dc1000,0x0000700000ec1000)]
  0x00007f8719083000 JavaThread "C1 CompilerThread2" daemon [_thread_blocked, id=17923, stack(0x0000700000cbe000,0x0000700000dbe000)]
  0x00007f8719833000 JavaThread "C2 CompilerThread1" daemon [_thread_blocked, id=17411, stack(0x0000700000bbb000,0x0000700000cbb000)]
  0x00007f8719838000 JavaThread "C2 CompilerThread0" daemon [_thread_blocked, id=16899, stack(0x0000700000ab8000,0x0000700000bb8000)]
  0x00007f8719022000 JavaThread "Signal Dispatcher" daemon [_thread_blocked, id=13839, stack(0x00007000009b5000,0x0000700000ab5000)]
  0x00007f871901a800 JavaThread "Finalizer" daemon [_thread_blocked, id=12291, stack(0x000070000082f000,0x000070000092f000)]
  0x00007f8719014800 JavaThread "Reference Handler" daemon [_thread_blocked, id=11779, stack(0x000070000072c000,0x000070000082c000)]

Other Threads:
  0x00007f8719011800 VMThread [stack: 0x0000700000629000,0x0000700000729000] [id=11267]
  0x00007f8719096000 WatcherThread [stack: 0x0000700000ec4000,0x0000700000fc4000] [id=18947]

VM state:not at safepoint (normal execution)

VM Mutex/Monitor currently owned by a thread: None

Heap:
 PSYoungGen      total 38400K, used 12678K [0x0000000795580000, 0x0000000798000000, 0x00000007c0000000)
  eden space 33280K, 38% used [0x0000000795580000,0x00000007961e1ad0,0x0000000797600000)
  from space 5120K, 0% used [0x0000000797b00000,0x0000000797b00000,0x0000000798000000)
  to   space 5120K, 0% used [0x0000000797600000,0x0000000797600000,0x0000000797b00000)
 ParOldGen       total 87552K, used 0K [0x0000000740000000, 0x0000000745580000, 0x0000000795580000)
  object space 87552K, 0% used [0x0000000740000000,0x0000000740000000,0x0000000745580000)
 Metaspace       used 12665K, capacity 12948K, committed 13056K, reserved 1060864K
  class space    used 1667K, capacity 1776K, committed 1792K, reserved 1048576K

Card table byte_map: [0x000000011b9c0000,0x000000011bdc1000] byte_map_base: 0x0000000117fc0000

Marking Bits: (ParMarkBitMap*) 0x000000010b6787a0
 Begin Bits: [0x000000011c06c000, 0x000000011e06c000)
 End Bits:   [0x000000011e06c000, 0x000000012006c000)

Polling page: 0x000000010bd66000

CodeCache: size=245760Kb used=3395Kb max_used=3406Kb free=242364Kb
 bounds [0x000000010c600000, 0x000000010c960000, 0x000000011b600000]
 total_blobs=1486 nmethods=965 adapters=434
 compilation: enabled

Compilation events (10 events):
Event: 26.314 Thread 0x00007f8719083000 nmethod 960 0x000000010c94e0d0 code [0x000000010c94e380, 0x000000010c94f308]
Event: 26.314 Thread 0x00007f8719083000  964       3       sun.java2d.SunGraphics2D::create (8 bytes)
Event: 26.314 Thread 0x00007f8719083000 nmethod 964 0x000000010c94fcd0 code [0x000000010c94fe40, 0x000000010c950128]
Event: 26.314 Thread 0x00007f8719083000  965   !   3       sun.java2d.SunGraphics2D::clone (114 bytes)
Event: 26.316 Thread 0x00007f8719083000 nmethod 965 0x000000010c9501d0 code [0x000000010c9503e0, 0x000000010c950e08]
Event: 26.316 Thread 0x00007f8719083000  963       3       sun.java2d.SunGraphics2D::translate (68 bytes)
Event: 26.316 Thread 0x00007f8719083000 nmethod 963 0x000000010c951250 code [0x000000010c9513e0, 0x000000010c951718]
Event: 26.316 Thread 0x00007f8719083000  961       1       sun.java2d.loops.RenderCache$Entry::getValue (5 bytes)
Event: 26.316 Thread 0x00007f8719083000 nmethod 961 0x000000010c935990 code [0x000000010c935ae0, 0x000000010c935bf0]
Event: 26.318 Thread 0x00007f8719833000 nmethod 962 0x000000010c954650 code [0x000000010c9547a0, 0x000000010c9549a8]

GC Heap History (0 events):
No events

Deoptimization events (5 events):
Event: 2.616 Thread 0x00007f8719a64800 Uncommon trap: reason=class_check action=maybe_recompile pc=0x000000010c779f1c method=java.lang.String.equals(Ljava/lang/Object;)Z @ 8
Event: 3.227 Thread 0x00007f8719a64800 Uncommon trap: reason=class_check action=maybe_recompile pc=0x000000010c779f1c method=java.lang.String.equals(Ljava/lang/Object;)Z @ 8
Event: 4.453 Thread 0x00007f8719a64800 Uncommon trap: reason=class_check action=maybe_recompile pc=0x000000010c779f1c method=java.lang.String.equals(Ljava/lang/Object;)Z @ 8
Event: 4.539 Thread 0x00007f87191aa000 Uncommon trap: reason=unstable_if action=reinterpret pc=0x000000010c7f7a00 method=java.lang.String.toLowerCase(Ljava/util/Locale;)Ljava/lang/String; @ 85
Event: 7.941 Thread 0x00007f8719a64800 Uncommon trap: reason=class_check action=maybe_recompile pc=0x000000010c779f1c method=java.lang.String.equals(Ljava/lang/Object;)Z @ 8

Internal exceptions (10 events):
Event: 1.388 Thread 0x00007f8719808000 Exception <a 'java/io/FileNotFoundException'> (0x0000000795e4ec50) thrown at [/Users/java_re/workspace/8-2-build-macosx-x86_64/jdk8u45/3457/hotspot/src/share/vm/prims/jni.cpp, line 709]
Event: 1.388 Thread 0x00007f8719808000 Exception <a 'java/io/FileNotFoundException'> (0x0000000795e50ea8) thrown at [/Users/java_re/workspace/8-2-build-macosx-x86_64/jdk8u45/3457/hotspot/src/share/vm/prims/jni.cpp, line 709]
Event: 1.390 Thread 0x00007f8719808000 Exception <a 'java/io/FileNotFoundException'> (0x0000000795e5d758) thrown at [/Users/java_re/workspace/8-2-build-macosx-x86_64/jdk8u45/3457/hotspot/src/share/vm/prims/jni.cpp, line 709]
Event: 1.390 Thread 0x00007f8719808000 Exception <a 'java/io/FileNotFoundException'> (0x0000000795e5f880) thrown at [/Users/java_re/workspace/8-2-build-macosx-x86_64/jdk8u45/3457/hotspot/src/share/vm/prims/jni.cpp, line 709]
Event: 1.392 Thread 0x00007f8719808000 Exception <a 'java/io/FileNotFoundException'> (0x0000000795e69750) thrown at [/Users/java_re/workspace/8-2-build-macosx-x86_64/jdk8u45/3457/hotspot/src/share/vm/prims/jni.cpp, line 709]
Event: 1.392 Thread 0x00007f8719808000 Exception <a 'java/io/FileNotFoundException'> (0x0000000795e6b878) thrown at [/Users/java_re/workspace/8-2-build-macosx-x86_64/jdk8u45/3457/hotspot/src/share/vm/prims/jni.cpp, line 709]
Event: 1.393 Thread 0x00007f8719808000 Exception <a 'java/io/FileNotFoundException'> (0x0000000795e734d0) thrown at [/Users/java_re/workspace/8-2-build-macosx-x86_64/jdk8u45/3457/hotspot/src/share/vm/prims/jni.cpp, line 709]
Event: 1.394 Thread 0x00007f8719808000 Exception <a 'java/io/FileNotFoundException'> (0x0000000795e755f8) thrown at [/Users/java_re/workspace/8-2-build-macosx-x86_64/jdk8u45/3457/hotspot/src/share/vm/prims/jni.cpp, line 709]
Event: 4.510 Thread 0x00007f8719a64800 Exception <a 'java/io/FileNotFoundException'> (0x0000000795f6af18) thrown at [/Users/java_re/workspace/8-2-build-macosx-x86_64/jdk8u45/3457/hotspot/src/share/vm/prims/jni.cpp, line 709]
Event: 4.510 Thread 0x00007f8719a64800 Exception <a 'java/io/FileNotFoundException'> (0x0000000795f6d1d0) thrown at [/Users/java_re/workspace/8-2-build-macosx-x86_64/jdk8u45/3457/hotspot/src/share/vm/prims/jni.cpp, line 709]

Events (10 events):
Event: 12.249 loading class javax/swing/text/GapContent$RemoveUndo done
Event: 12.249 loading class javax/swing/text/GapContent$UndoPosRef
Event: 12.249 loading class javax/swing/text/GapContent$UndoPosRef done
Event: 22.787 loading class java/awt/Canvas
Event: 22.787 loading class java/awt/Canvas done
Event: 22.787 loading class java/awt/Scrollbar
Event: 22.788 loading class java/awt/Scrollbar done
Event: 26.421 Executing VM operation: RevokeBias
Event: 26.421 Executing VM operation: RevokeBias done
Event: 26.421 Thread 0x00007f8719b4b800 Thread exited: 0x00007f8719b4b800


Dynamic libraries:
0x00000000060b9000 	/System/Library/Frameworks/Cocoa.framework/Versions/A/Cocoa
0x00000000060b9000 	/System/Library/Frameworks/Security.framework/Versions/A/Security
0x00000000060b9000 	/System/Library/Frameworks/ApplicationServices.framework/Versions/A/ApplicationServices
0x00000000060b9000 	/usr/lib/libz.1.dylib
0x00000000060b9000 	/usr/lib/libSystem.B.dylib
0x00000000060b9000 	/usr/lib/libobjc.A.dylib
0x00000000060b9000 	/System/Library/Frameworks/CoreFoundation.framework/Versions/A/CoreFoundation
0x00000000060b9000 	/System/Library/Frameworks/Foundation.framework/Versions/C/Foundation
0x00000000060b9000 	/System/Library/Frameworks/AppKit.framework/Versions/C/AppKit
0x00000000060b9000 	/System/Library/Frameworks/CoreData.framework/Versions/A/CoreData
0x00000000060b9000 	/System/Library/PrivateFrameworks/RemoteViewServices.framework/Versions/A/RemoteViewServices
0x00000000060b9000 	/System/Library/PrivateFrameworks/UIFoundation.framework/Versions/A/UIFoundation
0x00000000060b9000 	/usr/lib/libScreenReader.dylib
0x00000000060b9000 	/System/Library/Frameworks/Accelerate.framework/Versions/A/Accelerate
0x00000000060b9000 	/System/Library/Frameworks/IOSurface.framework/Versions/A/IOSurface
0x00000000060b9000 	/System/Library/Frameworks/AudioToolbox.framework/Versions/A/AudioToolbox
0x00000000060b9000 	/System/Library/Frameworks/AudioUnit.framework/Versions/A/AudioUnit
0x00000000060b9000 	/System/Library/PrivateFrameworks/DataDetectorsCore.framework/Versions/A/DataDetectorsCore
0x00000000060b9000 	/System/Library/PrivateFrameworks/DesktopServicesPriv.framework/Versions/A/DesktopServicesPriv
0x00000000060b9000 	/System/Library/Frameworks/Carbon.framework/Versions/A/Frameworks/HIToolbox.framework/Versions/A/HIToolbox
0x00000000060b9000 	/System/Library/Frameworks/QuartzCore.framework/Versions/A/QuartzCore
0x00000000060b9000 	/System/Library/Frameworks/Carbon.framework/Versions/A/Frameworks/SpeechRecognition.framework/Versions/A/SpeechRecognition
0x00000000060b9000 	/usr/lib/libauto.dylib
0x00000000060b9000 	/usr/lib/libicucore.A.dylib
0x00000000060b9000 	/usr/lib/libxml2.2.dylib
0x00000000060b9000 	/System/Library/PrivateFrameworks/CoreUI.framework/Versions/A/CoreUI
0x00000000060b9000 	/System/Library/Frameworks/CoreAudio.framework/Versions/A/CoreAudio
0x00000000060b9000 	/System/Library/Frameworks/DiskArbitration.framework/Versions/A/DiskArbitration
0x00000000060b9000 	/usr/lib/liblangid.dylib
0x00000000060b9000 	/System/Library/PrivateFrameworks/MultitouchSupport.framework/Versions/A/MultitouchSupport
0x00000000060b9000 	/System/Library/Frameworks/IOKit.framework/Versions/A/IOKit
0x00000000060b9000 	/usr/lib/libDiagnosticMessagesClient.dylib
0x00000000060b9000 	/System/Library/Frameworks/CoreServices.framework/Versions/A/CoreServices
0x00000000060b9000 	/System/Library/PrivateFrameworks/PerformanceAnalysis.framework/Versions/A/PerformanceAnalysis
0x00000000060b9000 	/System/Library/PrivateFrameworks/GenerationalStorage.framework/Versions/A/GenerationalStorage
0x00000000060b9000 	/System/Library/Frameworks/OpenGL.framework/Versions/A/OpenGL
0x00000000060b9000 	/System/Library/PrivateFrameworks/Sharing.framework/Versions/A/Sharing
0x00000000060b9000 	/System/Library/Frameworks/CoreGraphics.framework/Versions/A/CoreGraphics
0x00000000060b9000 	/System/Library/Frameworks/CoreImage.framework/Versions/A/CoreImage
0x00000000060b9000 	/System/Library/Frameworks/CoreText.framework/Versions/A/CoreText
0x00000000060b9000 	/System/Library/Frameworks/ImageIO.framework/Versions/A/ImageIO
0x00000000060b9000 	/System/Library/PrivateFrameworks/Backup.framework/Versions/A/Backup
0x00000000060b9000 	/usr/lib/libextension.dylib
0x00000000060b9000 	/usr/lib/libarchive.2.dylib
0x00000000060b9000 	/System/Library/Frameworks/CFNetwork.framework/Versions/A/CFNetwork
0x00000000060b9000 	/System/Library/Frameworks/SystemConfiguration.framework/Versions/A/SystemConfiguration
0x00000000060b9000 	/usr/lib/libCRFSuite.dylib
0x00000000060b9000 	/usr/lib/libc++.1.dylib
0x00000000060b9000 	/usr/lib/libc++abi.dylib
0x00000000060b9000 	/usr/lib/system/libcache.dylib
0x00000000060b9000 	/usr/lib/system/libcommonCrypto.dylib
0x00000000060b9000 	/usr/lib/system/libcompiler_rt.dylib
0x00000000060b9000 	/usr/lib/system/libcopyfile.dylib
0x00000000060b9000 	/usr/lib/system/libcorecrypto.dylib
0x00000000060b9000 	/usr/lib/system/libdispatch.dylib
0x00000000060b9000 	/usr/lib/system/libdyld.dylib
0x00000000060b9000 	/usr/lib/system/libkeymgr.dylib
0x00000000060b9000 	/usr/lib/system/liblaunch.dylib
0x00000000060b9000 	/usr/lib/system/libmacho.dylib
0x00000000060b9000 	/usr/lib/system/libquarantine.dylib
0x00000000060b9000 	/usr/lib/system/libremovefile.dylib
0x00000000060b9000 	/usr/lib/system/libsystem_asl.dylib
0x00000000060b9000 	/usr/lib/system/libsystem_blocks.dylib
0x00000000060b9000 	/usr/lib/system/libsystem_c.dylib
0x00000000060b9000 	/usr/lib/system/libsystem_configuration.dylib
0x00000000060b9000 	/usr/lib/system/libsystem_coreservices.dylib
0x00000000060b9000 	/usr/lib/system/libsystem_coretls.dylib
0x00000000060b9000 	/usr/lib/system/libsystem_dnssd.dylib
0x00000000060b9000 	/usr/lib/system/libsystem_info.dylib
0x00000000060b9000 	/usr/lib/system/libsystem_kernel.dylib
0x00000000060b9000 	/usr/lib/system/libsystem_m.dylib
0x00000000060b9000 	/usr/lib/system/libsystem_malloc.dylib
0x00000000060b9000 	/usr/lib/system/libsystem_network.dylib
0x00000000060b9000 	/usr/lib/system/libsystem_networkextension.dylib
0x00000000060b9000 	/usr/lib/system/libsystem_notify.dylib
0x00000000060b9000 	/usr/lib/system/libsystem_platform.dylib
0x00000000060b9000 	/usr/lib/system/libsystem_pthread.dylib
0x00000000060b9000 	/usr/lib/system/libsystem_sandbox.dylib
0x00000000060b9000 	/usr/lib/system/libsystem_secinit.dylib
0x00000000060b9000 	/usr/lib/system/libsystem_trace.dylib
0x00000000060b9000 	/usr/lib/system/libunc.dylib
0x00000000060b9000 	/usr/lib/system/libunwind.dylib
0x00000000060b9000 	/usr/lib/system/libxpc.dylib
0x00000000060b9000 	/usr/lib/libenergytrace.dylib
0x00000000060b9000 	/usr/lib/libbsm.0.dylib
0x00000000060b9000 	/usr/lib/system/libkxld.dylib
0x00000000060b9000 	/usr/lib/libxar.1.dylib
0x00000000060b9000 	/usr/lib/libsqlite3.dylib
0x00000000060b9000 	/usr/lib/libpam.2.dylib
0x00000000060b9000 	/usr/lib/libOpenScriptingUtil.dylib
0x00000000060b9000 	/usr/lib/libbz2.1.0.dylib
0x00000000060b9000 	/usr/lib/liblzma.5.dylib
0x00000000060b9000 	/System/Library/Frameworks/CoreServices.framework/Versions/A/Frameworks/FSEvents.framework/Versions/A/FSEvents
0x00000000060b9000 	/System/Library/Frameworks/CoreServices.framework/Versions/A/Frameworks/CarbonCore.framework/Versions/A/CarbonCore
0x00000000060b9000 	/System/Library/Frameworks/CoreServices.framework/Versions/A/Frameworks/Metadata.framework/Versions/A/Metadata
0x00000000060b9000 	/System/Library/Frameworks/CoreServices.framework/Versions/A/Frameworks/OSServices.framework/Versions/A/OSServices
0x00000000060b9000 	/System/Library/Frameworks/CoreServices.framework/Versions/A/Frameworks/SearchKit.framework/Versions/A/SearchKit
0x00000000060b9000 	/System/Library/Frameworks/CoreServices.framework/Versions/A/Frameworks/AE.framework/Versions/A/AE
0x00000000060b9000 	/System/Library/Frameworks/CoreServices.framework/Versions/A/Frameworks/LaunchServices.framework/Versions/A/LaunchServices
0x00000000060b9000 	/System/Library/Frameworks/CoreServices.framework/Versions/A/Frameworks/DictionaryServices.framework/Versions/A/DictionaryServices
0x00000000060b9000 	/System/Library/Frameworks/CoreServices.framework/Versions/A/Frameworks/SharedFileList.framework/Versions/A/SharedFileList
0x00000000060b9000 	/System/Library/Frameworks/NetFS.framework/Versions/A/NetFS
0x00000000060b9000 	/System/Library/PrivateFrameworks/NetAuth.framework/Versions/A/NetAuth
0x00000000060b9000 	/System/Library/PrivateFrameworks/login.framework/Versions/A/Frameworks/loginsupport.framework/Versions/A/loginsupport
0x00000000060b9000 	/System/Library/PrivateFrameworks/TCC.framework/Versions/A/TCC
0x00000000060b9000 	/usr/lib/libmecabra.dylib
0x00000000060b9000 	/System/Library/Frameworks/ApplicationServices.framework/Versions/A/Frameworks/ATS.framework/Versions/A/ATS
0x00000000060b9000 	/System/Library/Frameworks/ApplicationServices.framework/Versions/A/Frameworks/ColorSync.framework/Versions/A/ColorSync
0x00000000060b9000 	/System/Library/Frameworks/ApplicationServices.framework/Versions/A/Frameworks/HIServices.framework/Versions/A/HIServices
0x00000000060b9000 	/System/Library/Frameworks/ApplicationServices.framework/Versions/A/Frameworks/LangAnalysis.framework/Versions/A/LangAnalysis
0x00000000060b9000 	/System/Library/Frameworks/ApplicationServices.framework/Versions/A/Frameworks/PrintCore.framework/Versions/A/PrintCore
0x00000000060b9000 	/System/Library/Frameworks/ApplicationServices.framework/Versions/A/Frameworks/QD.framework/Versions/A/QD
0x00000000060b9000 	/System/Library/Frameworks/ApplicationServices.framework/Versions/A/Frameworks/SpeechSynthesis.framework/Versions/A/SpeechSynthesis
0x00000000060b9000 	/System/Library/Frameworks/Metal.framework/Versions/A/Metal
0x00000000060b9000 	/System/Library/Frameworks/Accelerate.framework/Versions/A/Frameworks/vImage.framework/Versions/A/vImage
0x00000000060b9000 	/System/Library/Frameworks/Accelerate.framework/Versions/A/Frameworks/vecLib.framework/Versions/A/vecLib
0x00000000060b9000 	/System/Library/Frameworks/Accelerate.framework/Versions/A/Frameworks/vecLib.framework/Versions/A/libvDSP.dylib
0x00000000060b9000 	/System/Library/Frameworks/Accelerate.framework/Versions/A/Frameworks/vecLib.framework/Versions/A/libvMisc.dylib
0x00000000060b9000 	/System/Library/Frameworks/Accelerate.framework/Versions/A/Frameworks/vecLib.framework/Versions/A/libLAPACK.dylib
0x00000000060b9000 	/System/Library/Frameworks/Accelerate.framework/Versions/A/Frameworks/vecLib.framework/Versions/A/libBLAS.dylib
0x00000000060b9000 	/System/Library/Frameworks/Accelerate.framework/Versions/A/Frameworks/vecLib.framework/Versions/A/libLinearAlgebra.dylib
0x00000000060b9000 	/System/Library/Frameworks/Accelerate.framework/Versions/A/Frameworks/vecLib.framework/Versions/A/libSparseBLAS.dylib
0x00000000060b9000 	/System/Library/PrivateFrameworks/GPUCompiler.framework/libmetal_timestamp.dylib
0x00000000060b9000 	/System/Library/Frameworks/OpenGL.framework/Versions/A/Libraries/libCoreFSCache.dylib
0x00000000060b9000 	/System/Library/PrivateFrameworks/IOAccelerator.framework/Versions/A/IOAccelerator
0x00000000060b9000 	/System/Library/Frameworks/ApplicationServices.framework/Versions/A/Frameworks/ATS.framework/Versions/A/Resources/libFontParser.dylib
0x00000000060b9000 	/System/Library/Frameworks/ApplicationServices.framework/Versions/A/Frameworks/ATS.framework/Versions/A/Resources/libFontRegistry.dylib
0x00000000060b9000 	/System/Library/PrivateFrameworks/AppleVPA.framework/Versions/A/AppleVPA
0x00000000060b9000 	/System/Library/PrivateFrameworks/AppleJPEG.framework/Versions/A/AppleJPEG
0x00000000060b9000 	/System/Library/Frameworks/ImageIO.framework/Versions/A/Resources/libJPEG.dylib
0x00000000060b9000 	/System/Library/Frameworks/ImageIO.framework/Versions/A/Resources/libTIFF.dylib
0x00000000060b9000 	/System/Library/Frameworks/ImageIO.framework/Versions/A/Resources/libPng.dylib
0x00000000060b9000 	/System/Library/Frameworks/ImageIO.framework/Versions/A/Resources/libGIF.dylib
0x00000000060b9000 	/System/Library/Frameworks/ImageIO.framework/Versions/A/Resources/libJP2.dylib
0x00000000060b9000 	/System/Library/Frameworks/ImageIO.framework/Versions/A/Resources/libRadiance.dylib
0x00000000060b9000 	/System/Library/Frameworks/CoreVideo.framework/Versions/A/CoreVideo
0x00000000060b9000 	/System/Library/Frameworks/OpenGL.framework/Versions/A/Libraries/libGLU.dylib
0x00000000060b9000 	/System/Library/Frameworks/OpenGL.framework/Versions/A/Libraries/libGFXShared.dylib
0x00000000060b9000 	/System/Library/Frameworks/OpenGL.framework/Versions/A/Libraries/libGL.dylib
0x00000000060b9000 	/System/Library/Frameworks/OpenGL.framework/Versions/A/Libraries/libGLImage.dylib
0x00000000060b9000 	/System/Library/Frameworks/OpenGL.framework/Versions/A/Libraries/libCVMSPluginSupport.dylib
0x00000000060b9000 	/System/Library/Frameworks/OpenGL.framework/Versions/A/Libraries/libCoreVMClient.dylib
0x00000000060b9000 	/usr/lib/libcups.2.dylib
0x00000000060b9000 	/System/Library/Frameworks/Kerberos.framework/Versions/A/Kerberos
0x00000000060b9000 	/System/Library/Frameworks/GSS.framework/Versions/A/GSS
0x00000000060b9000 	/usr/lib/libresolv.9.dylib
0x00000000060b9000 	/usr/lib/libiconv.2.dylib
0x00000000060b9000 	/System/Library/PrivateFrameworks/Heimdal.framework/Versions/A/Heimdal
0x00000000060b9000 	/usr/lib/libheimdal-asn1.dylib
0x00000000060b9000 	/System/Library/Frameworks/OpenDirectory.framework/Versions/A/OpenDirectory
0x00000000060b9000 	/System/Library/PrivateFrameworks/CommonAuth.framework/Versions/A/CommonAuth
0x00000000060b9000 	/System/Library/Frameworks/OpenDirectory.framework/Versions/A/Frameworks/CFOpenDirectory.framework/Versions/A/CFOpenDirectory
0x00000000060b9000 	/System/Library/Frameworks/SecurityFoundation.framework/Versions/A/SecurityFoundation
0x00000000060b9000 	/System/Library/PrivateFrameworks/LanguageModeling.framework/Versions/A/LanguageModeling
0x00000000060b9000 	/usr/lib/libmarisa.dylib
0x00000000060b9000 	/usr/lib/libChineseTokenizer.dylib
0x00000000060b9000 	/usr/lib/libcmph.dylib
0x00000000060b9000 	/usr/lib/libcompression.dylib
0x00000000060b9000 	/System/Library/Frameworks/ServiceManagement.framework/Versions/A/ServiceManagement
0x00000000060b9000 	/usr/lib/libxslt.1.dylib
0x00000000060b9000 	/System/Library/Frameworks/Carbon.framework/Versions/A/Frameworks/Ink.framework/Versions/A/Ink
0x00000000060b9000 	/usr/lib/libFosl_dynamic.dylib
0x00000000060b9000 	/System/Library/PrivateFrameworks/FaceCore.framework/Versions/A/FaceCore
0x00000000060b9000 	/System/Library/Frameworks/OpenCL.framework/Versions/A/OpenCL
0x00000000060b9000 	/System/Library/PrivateFrameworks/CrashReporterSupport.framework/Versions/A/CrashReporterSupport
0x00000000060b9000 	/System/Library/PrivateFrameworks/IconServices.framework/Versions/A/IconServices
0x00000000060b9000 	/System/Library/PrivateFrameworks/Apple80211.framework/Versions/A/Apple80211
0x00000000060b9000 	/System/Library/Frameworks/CoreWLAN.framework/Versions/A/CoreWLAN
0x00000000060b9000 	/System/Library/Frameworks/IOBluetooth.framework/Versions/A/IOBluetooth
0x00000000060b9000 	/System/Library/PrivateFrameworks/CoreWiFi.framework/Versions/A/CoreWiFi
0x00000000060b9000 	/System/Library/Frameworks/CoreBluetooth.framework/Versions/A/CoreBluetooth
0x00000000060b9000 	/System/Library/PrivateFrameworks/ChunkingLibrary.framework/Versions/A/ChunkingLibrary
0x00000000060b9000 	/System/Library/PrivateFrameworks/DebugSymbols.framework/Versions/A/DebugSymbols
0x00000000060b9000 	/System/Library/PrivateFrameworks/CoreSymbolication.framework/Versions/A/CoreSymbolication
0x00000000060b9000 	/System/Library/PrivateFrameworks/Symbolication.framework/Versions/A/Symbolication
0x00000000060b9000 	/System/Library/PrivateFrameworks/SpeechRecognitionCore.framework/Versions/A/SpeechRecognitionCore
0x000000010adb6000 	/Library/Java/JavaVirtualMachines/jdk1.8.0_45.jdk/Contents/Home/jre/lib/server/libjvm.dylib
0x00000000060b9000 	/usr/lib/libstdc++.6.dylib
0x000000010bd23000 	/Library/Java/JavaVirtualMachines/jdk1.8.0_45.jdk/Contents/Home/jre/lib/libverify.dylib
0x000000010bd31000 	/Library/Java/JavaVirtualMachines/jdk1.8.0_45.jdk/Contents/Home/jre/lib/libjava.dylib
0x000000010bd70000 	/Library/Java/JavaVirtualMachines/jdk1.8.0_45.jdk/Contents/Home/jre/lib/libzip.dylib
0x0000000121ef2000 	/System/Library/Frameworks/JavaVM.framework/Frameworks/JavaRuntimeSupport.framework/JavaRuntimeSupport
0x000000010bdea000 	/System/Library/Frameworks/JavaVM.framework/Versions/A/Frameworks/JavaNativeFoundation.framework/Versions/A/JavaNativeFoundation
0x0000000121f0d000 	/System/Library/Frameworks/JavaVM.framework/Versions/A/JavaVM
0x00000000060b9000 	/System/Library/Frameworks/Carbon.framework/Versions/A/Carbon
0x0000000121f1a000 	/System/Library/PrivateFrameworks/JavaLaunching.framework/Versions/A/JavaLaunching
0x00000000060b9000 	/System/Library/Frameworks/Carbon.framework/Versions/A/Frameworks/CommonPanels.framework/Versions/A/CommonPanels
0x00000000060b9000 	/System/Library/Frameworks/Carbon.framework/Versions/A/Frameworks/Help.framework/Versions/A/Help
0x00000000060b9000 	/System/Library/Frameworks/Carbon.framework/Versions/A/Frameworks/ImageCapture.framework/Versions/A/ImageCapture
0x00000000060b9000 	/System/Library/Frameworks/Carbon.framework/Versions/A/Frameworks/OpenScripting.framework/Versions/A/OpenScripting
0x00000000060b9000 	/System/Library/Frameworks/Carbon.framework/Versions/A/Frameworks/Print.framework/Versions/A/Print
0x00000000060b9000 	/System/Library/Frameworks/Carbon.framework/Versions/A/Frameworks/SecurityHI.framework/Versions/A/SecurityHI
0x0000000123844000 	/Library/Java/JavaVirtualMachines/jdk1.8.0_45.jdk/Contents/Home/jre/lib/libawt.dylib
0x00000001238ec000 	/Library/Java/JavaVirtualMachines/jdk1.8.0_45.jdk/Contents/Home/jre/lib/./libmlib_image.dylib
0x00000001239b8000 	/Library/Java/JavaVirtualMachines/jdk1.8.0_45.jdk/Contents/Home/jre/lib/libawt_lwawt.dylib
0x0000000123a6c000 	/Library/Java/JavaVirtualMachines/jdk1.8.0_45.jdk/Contents/Home/jre/lib/./libosxapp.dylib
0x00000000060b9000 	/System/Library/Frameworks/ExceptionHandling.framework/Versions/A/ExceptionHandling
0x00000000060b9000 	/System/Library/PrivateFrameworks/CoreServicesInternal.framework/Versions/A/CoreServicesInternal
0x00000000060b9000 	/System/Library/Frameworks/CoreGraphics.framework/Versions/A/Resources/libRIP.A.dylib
0x0000000124729000 	/System/Library/Frameworks/Accelerate.framework/Frameworks/vImage.framework/Versions/A/Libraries/libCGInterfaces.dylib
0x00000000060b9000 	/System/Library/Frameworks/CoreGraphics.framework/Versions/A/Resources/libCGXType.A.dylib
0x00000000060b9000 	/System/Library/Frameworks/OpenCL.framework/Versions/A/Libraries/libcldcpuengine.dylib
0x00000000060b9000 	/System/Library/PrivateFrameworks/DiskImages.framework/Versions/A/DiskImages
0x00000000060b9000 	/System/Library/Frameworks/DiscRecording.framework/Versions/A/DiscRecording
0x00000000060b9000 	/usr/lib/libcsfde.dylib
0x00000000060b9000 	/usr/lib/libcurl.4.dylib
0x00000000060b9000 	/System/Library/PrivateFrameworks/MediaKit.framework/Versions/A/MediaKit
0x00000000060b9000 	/System/Library/PrivateFrameworks/ProtectedCloudStorage.framework/Versions/A/ProtectedCloudStorage
0x00000000060b9000 	/usr/lib/libCoreStorage.dylib
0x00000000060b9000 	/System/Library/PrivateFrameworks/EFILogin.framework/Versions/A/EFILogin
0x00000000060b9000 	/usr/lib/libutil.dylib
0x00000000060b9000 	/System/Library/PrivateFrameworks/FindMyDevice.framework/Versions/A/FindMyDevice
0x00000000060b9000 	/System/Library/Frameworks/LDAP.framework/Versions/A/LDAP
0x00000000060b9000 	/usr/lib/libsasl2.2.dylib
0x00000000060b9000 	/System/Library/PrivateFrameworks/CoreDaemon.framework/Versions/B/CoreDaemon
0x00000000060b9000 	/usr/lib/libcrypto.0.9.8.dylib
0x00000000060b9000 	/System/Library/PrivateFrameworks/AppleSRP.framework/Versions/A/AppleSRP
0x00000000060b9000 	/System/Library/PrivateFrameworks/TrustEvaluationAgent.framework/Versions/A/TrustEvaluationAgent
0x0000000125455000 	cl_kernels
0x00000000060b9000 	/System/Library/Frameworks/OpenCL.framework/Versions/A/Libraries/ImageFormats/unorm8_bgra.dylib
0x00000000060b9000 	/System/Library/Frameworks/OpenCL.framework/Versions/A/Libraries/ImageFormats/unorm8_rgba.dylib
0x00000000060b9000 	/System/Library/PrivateFrameworks/FamilyControls.framework/Versions/A/FamilyControls
0x00000000060b9000 	/System/Library/PrivateFrameworks/CommerceKit.framework/Versions/A/Frameworks/CommerceCore.framework/Versions/A/CommerceCore
0x00000000060b9000 	/System/Library/PrivateFrameworks/SystemAdministration.framework/Versions/A/SystemAdministration
0x00000000060b9000 	/System/Library/PrivateFrameworks/AppContainer.framework/Versions/A/AppContainer
0x00000000060b9000 	/System/Library/PrivateFrameworks/SecCodeWrapper.framework/Versions/A/SecCodeWrapper
0x00000000060b9000 	/System/Library/Frameworks/DirectoryService.framework/Versions/A/DirectoryService
0x00000000060b9000 	/System/Library/PrivateFrameworks/LoginUIKit.framework/Versions/A/Frameworks/LoginUICore.framework/Versions/A/LoginUICore
0x00000000060b9000 	/usr/lib/libodfde.dylib
0x0000000126472000 	/System/Library/Frameworks/OpenGL.framework/Resources/GLEngine.bundle/GLEngine
0x00000000060b9000 	/System/Library/Frameworks/OpenGL.framework/Versions/A/Libraries/libGLProgrammability.dylib
0x000000012665a000 	/System/Library/Extensions/AppleIntelHD5000GraphicsGLDriver.bundle/Contents/MacOS/AppleIntelHD5000GraphicsGLDriver
0x00000000060b9000 	/System/Library/PrivateFrameworks/GPUSupport.framework/Versions/A/Libraries/libGPUSupportMercury.dylib
0x0000000126daa000 	/System/Library/Frameworks/OpenGL.framework/Resources//GLRendererFloat.bundle/GLRendererFloat
0x0000000127661000 	/Library/Java/JavaVirtualMachines/jdk1.8.0_45.jdk/Contents/Home/jre/lib/libfontmanager.dylib
0x00000001276c8000 	/Library/Java/JavaVirtualMachines/jdk1.8.0_45.jdk/Contents/Home/jre/lib/libosxui.dylib
0x00000001297a5000 	/Library/Java/JavaVirtualMachines/jdk1.8.0_45.jdk/Contents/Home/jre/lib/libnet.dylib
0x0000000129804000 	/Library/Java/JavaVirtualMachines/jdk1.8.0_45.jdk/Contents/Home/jre/lib/libnio.dylib
0x0000000129f00000 	/System/Library/Extensions/AppleIntelHD5000GraphicsMTLDriver.bundle/Contents/MacOS/AppleIntelHD5000GraphicsMTLDriver
0x000000012a0a6000 	/Library/Java/Extensions/librxtxSerial.jnilib
0x000000012ac51000 	/Library/Java/JavaVirtualMachines/jdk1.8.0_45.jdk/Contents/Home/jre/lib/libdcpr.dylib

VM Arguments:
jvm_args: -Dfile.encoding=UTF-8 
java_command: com.aldo.ArduinoSwitch
java_class_path (initial): /Applications/NetBeans/glassfish-4.1/javadb/lib/ArduinoSwitch.v1.0.0.jar:/Applications/NetBeans/glassfish-4.1/javadb/lib/PanamaHitek_Arduino.v2.7.0.jar:/Users/AldoC/NetBeansProjects/ArduinoSwitch-1.0.0/ArduinoSwitch-1.0.0/Java/build/classes
Launcher Type: SUN_STANDARD

Environment Variables:
PATH=/usr/bin:/bin:/usr/sbin:/sbin
LD_LIBRARY_PATH=/Library/Java/JavaVirtualMachines/jdk1.8.0_45.jdk/Contents/Home/jre/lib/amd64:/Library/Java/JavaVirtualMachines/jdk1.8.0_45.jdk/Contents/Home/jre/lib/i386:
SHELL=/bin/bash
DISPLAY=/private/tmp/com.apple.launchd.6QlWOQwFqC/org.macosforge.xquartz:0

Signal Handlers:
SIGSEGV: [libjvm.dylib+0x58ef95], sa_mask[0]=11111111011111110111111111111111, sa_flags=SA_ONSTACK|SA_RESTART|SA_SIGINFO
SIGBUS: [libjvm.dylib+0x58ef95], sa_mask[0]=11111111011111110111111111111111, sa_flags=SA_RESTART|SA_SIGINFO
SIGFPE: [libjvm.dylib+0x46c108], sa_mask[0]=11111111011111110111111111111111, sa_flags=SA_RESTART|SA_SIGINFO
SIGPIPE: [libjvm.dylib+0x46c108], sa_mask[0]=11111111011111110111111111111111, sa_flags=SA_RESTART|SA_SIGINFO
SIGXFSZ: [libjvm.dylib+0x46c108], sa_mask[0]=11111111011111110111111111111111, sa_flags=SA_RESTART|SA_SIGINFO
SIGILL: [libjvm.dylib+0x46c108], sa_mask[0]=11111111011111110111111111111111, sa_flags=SA_RESTART|SA_SIGINFO
SIGUSR1: SIG_DFL, sa_mask[0]=00000000000000000000000000000000, sa_flags=none
SIGUSR2: [libjvm.dylib+0x46bc26], sa_mask[0]=00100000000000000000000000000000, sa_flags=SA_RESTART|SA_SIGINFO
SIGHUP: [libjvm.dylib+0x46a1f9], sa_mask[0]=11111111011111110111111111111111, sa_flags=SA_RESTART|SA_SIGINFO
SIGINT: SIG_IGN, sa_mask[0]=00000000000000000000000000000000, sa_flags=none
SIGTERM: [libjvm.dylib+0x46a1f9], sa_mask[0]=11111111011111110111111111111111, sa_flags=SA_RESTART|SA_SIGINFO
SIGQUIT: [libjvm.dylib+0x46a1f9], sa_mask[0]=11111111011111110111111111111111, sa_flags=SA_RESTART|SA_SIGINFO


---------------  S Y S T E M  ---------------

OS:Bsduname:Darwin 15.3.0 Darwin Kernel Version 15.3.0: Thu Dec 10 18:40:58 PST 2015; root:xnu-3248.30.4~1/RELEASE_X86_64 x86_64
rlimit: STACK 8192k, CORE 0k, NPROC 709, NOFILE 10240, AS infinity
load average:1.85 1.86 1.78

CPU:total 4 (2 cores per cpu, 2 threads per core) family 6 model 69 stepping 1, cmov, cx8, fxsr, mmx, sse, sse2, sse3, ssse3, sse4.1, sse4.2, popcnt, avx, avx2, aes, clmul, erms, rtm, lzcnt, ht, tsc, tscinvbit, bmi1, bmi2

Memory: 4k page, physical 8388608k(427860k free)

/proc/meminfo:


vm_info: Java HotSpot(TM) 64-Bit Server VM (25.45-b02) for bsd-amd64 JRE (1.8.0_45-b14), built on Apr 10 2015 10:46:38 by "java_re" with gcc 4.2.1 (Based on Apple Inc. build 5658) (LLVM build 2336.11.00)

time: Fri Feb  5 17:03:55 2016
elapsed time: 26 seconds (0d 0h 0m 26s)

