#
# A fatal error has been detected by the Java Runtime Environment:
#
#  SIGSEGV (0xb) at pc=0x000000012293312f, pid=24640, tid=51219
#
# JRE version: Java(TM) SE Runtime Environment (8.0_45-b14) (build 1.8.0_45-b14)
# Java VM: Java HotSpot(TM) 64-Bit Server VM (25.45-b02 mixed mode bsd-amd64 compressed oops)
# Problematic frame:
# C  [librxtxSerial.jnilib+0x312f]  Java_gnu_io_RXTXPort_interruptEventLoop+0x6b
#
# Failed to write core dump. Core dumps have been disabled. To enable core dumping, try "ulimit -c unlimited" before starting Java again
#
# If you would like to submit a bug report, please visit:
#   http://bugreport.java.com/bugreport/crash.jsp
# The crash happened outside the Java Virtual Machine in native code.
# See problematic frame for where to report the bug.
#

---------------  T H R E A D  ---------------

Current thread (0x00007fb631879000):  JavaThread "AWT-EventQueue-0" [_thread_in_native, id=51219, stack(0x0000000121432000,0x0000000121532000)]

siginfo: si_signo: 11 (SIGSEGV), si_code: 1 (SEGV_MAPERR), si_addr: 0x00000001245d6868

Registers:
RAX=0x0000000000000000, RBX=0x00000001245d6700, RCX=0x00007fff8aef348a, RDX=0xffffffffffffffff
RSP=0x000000012152f270, RBP=0x000000012152f280, RSI=0x0000000000000000, RDI=0x000000000000003c
R8 =0x0000000000000000, R9 =0x0000000002faf080, R10=0x0000000000000001, R11=0x0000000000000247
R12=0x000000000000001e, R13=0x00000001216db0f0, R14=0x000000012152f2f8, R15=0x00007fb631879000
RIP=0x000000012293312f, EFLAGS=0x0000000000010206, ERR=0x0000000000000004
  TRAPNO=0x000000000000000e

Top of Stack: (sp=0x000000012152f270)
0x000000012152f270:   00000001216db0f0 0000000000000000
0x000000012152f280:   000000012152f2d8 0000000104815954
0x000000012152f290:   00000001048156a2 000000012152f298
0x000000012152f2a0:   00000001216db0f0 000000012152f2f8
0x000000012152f2b0:   00000001216e6e50 0000000000000000
0x000000012152f2c0:   00000001216db0f0 0000000000000000
0x000000012152f2d0:   000000012152f2f8 000000012152f340
0x000000012152f2e0:   0000000104807c4d 0000000000000000
0x000000012152f2f0:   000000010480f578 0000000795f7ffe8
0x000000012152f300:   000000012152f300 00000001216db597
0x000000012152f310:   000000012152f358 00000001216e6e50
0x000000012152f320:   0000000000000000 00000001216db600
0x000000012152f330:   000000012152f2f8 000000012152f358
0x000000012152f340:   000000012152f3b0 0000000104807c4d
0x000000012152f350:   0000000000000000 0000000795f7ffe8
0x000000012152f360:   0000000795f7ffe8 0000000000000000
0x000000012152f370:   000000012152f360 00000001216dbff3
0x000000012152f380:   000000012152f3d8 00000001216e6e50
0x000000012152f390:   0000000000000000 00000001216dc058
0x000000012152f3a0:   000000012152f358 000000012152f3d8
0x000000012152f3b0:   000000012152f420 0000000104807c4d
0x000000012152f3c0:   0000000000000000 0000000000000000
0x000000012152f3d0:   0000000795f7ffe8 0000000795f7ffe8
0x000000012152f3e0:   000000012152f3e0 00000001190fa67a
0x000000012152f3f0:   000000012152f438 00000001190fb180
0x000000012152f400:   0000000000000000 00000001190fa6e8
0x000000012152f410:   000000012152f3d8 000000012152f438
0x000000012152f420:   000000012152f480 0000000104807c4d
0x000000012152f430:   0000000000000000 0000000795afda28
0x000000012152f440:   000000012152f440 0000000118e7a61b
0x000000012152f450:   000000012152f4a0 0000000118e7b098
0x000000012152f460:   0000000000000000 0000000118e7a720 

Instructions: (pc=0x000000012293312f)
0x000000012293310f:   00 01 00 00 00 48 8b bb 78 01 00 00 be 06 00 00
0x000000012293311f:   00 e8 4d 27 00 00 bf 50 c3 00 00 e8 c7 27 00 00
0x000000012293312f:   83 bb 68 01 00 00 01 74 16 48 8b bb 78 01 00 00
0x000000012293313f:   e8 16 27 00 00 c7 83 68 01 00 00 01 00 00 00 5b 

Register to memory mapping:

RAX=0x0000000000000000 is an unknown value
RBX=0x00000001245d6700 is an unknown value
RCX=0x00007fff8aef348a: __semwait_signal+0xa in /usr/lib/system/libsystem_kernel.dylib at 0x00007fff8aedd000
RDX=0xffffffffffffffff is an unknown value
RSP=0x000000012152f270 is pointing into the stack for thread: 0x00007fb631879000
RBP=0x000000012152f280 is pointing into the stack for thread: 0x00007fb631879000
RSI=0x0000000000000000 is an unknown value
RDI=0x000000000000003c is an unknown value
R8 =0x0000000000000000 is an unknown value
R9 =0x0000000002faf080 is an unknown value
R10=0x0000000000000001 is an unknown value
R11=0x0000000000000247 is an unknown value
R12=0x000000000000001e is an unknown value
R13={method} {0x00000001216db0f0} 'interruptEventLoop' '()V' in 'gnu/io/RXTXPort'
R14=0x000000012152f2f8 is pointing into the stack for thread: 0x00007fb631879000
R15=0x00007fb631879000 is a thread


Stack: [0x0000000121432000,0x0000000121532000],  sp=0x000000012152f270,  free space=1012k
Native frames: (J=compiled Java code, j=interpreted, Vv=VM code, C=native code)
C  [librxtxSerial.jnilib+0x312f]  Java_gnu_io_RXTXPort_interruptEventLoop+0x6b
j  gnu.io.RXTXPort.interruptEventLoop()V+0
j  gnu.io.RXTXPort.removeEventListener()V+55
j  gnu.io.RXTXPort.close()V+91
j  panamahitek.Arduino.PanamaHitek_Arduino.killArduinoConnection()V+26
j  com.aldo.Window.jButtonConectarActionPerformed(Ljava/awt/event/ActionEvent;)V+19
j  com.aldo.Window.access$100(Lcom/aldo/Window;Ljava/awt/event/ActionEvent;)V+2
j  com.aldo.Window$2.actionPerformed(Ljava/awt/event/ActionEvent;)V+5
j  javax.swing.AbstractButton.fireActionPerformed(Ljava/awt/event/ActionEvent;)V+83
j  javax.swing.AbstractButton$Handler.actionPerformed(Ljava/awt/event/ActionEvent;)V+5
j  javax.swing.DefaultButtonModel.fireActionPerformed(Ljava/awt/event/ActionEvent;)V+34
j  javax.swing.DefaultButtonModel.setPressed(Z)V+117
j  javax.swing.plaf.basic.BasicButtonListener.mouseReleased(Ljava/awt/event/MouseEvent;)V+35
j  java.awt.Component.processMouseEvent(Ljava/awt/event/MouseEvent;)V+64
j  javax.swing.JComponent.processMouseEvent(Ljava/awt/event/MouseEvent;)V+23
j  java.awt.Component.processEvent(Ljava/awt/AWTEvent;)V+81
j  java.awt.Container.processEvent(Ljava/awt/AWTEvent;)V+18
j  java.awt.Component.dispatchEventImpl(Ljava/awt/AWTEvent;)V+589
J 719 C1 java.awt.Container.dispatchEventImpl(Ljava/awt/AWTEvent;)V (129 bytes) @ 0x0000000104a91bec [0x0000000104a91aa0+0x14c]
J 718 C1 java.awt.Component.dispatchEvent(Ljava/awt/AWTEvent;)V (6 bytes) @ 0x0000000104a91704 [0x0000000104a91600+0x104]
j  java.awt.LightweightDispatcher.retargetMouseEvent(Ljava/awt/Component;ILjava/awt/event/MouseEvent;)V+327
j  java.awt.LightweightDispatcher.processMouseEvent(Ljava/awt/event/MouseEvent;)Z+143
j  java.awt.LightweightDispatcher.dispatchEvent(Ljava/awt/AWTEvent;)Z+50
J 719 C1 java.awt.Container.dispatchEventImpl(Ljava/awt/AWTEvent;)V (129 bytes) @ 0x0000000104a91b8c [0x0000000104a91aa0+0xec]
j  java.awt.Window.dispatchEventImpl(Ljava/awt/AWTEvent;)V+19
J 718 C1 java.awt.Component.dispatchEvent(Ljava/awt/AWTEvent;)V (6 bytes) @ 0x0000000104a91704 [0x0000000104a91600+0x104]
j  java.awt.EventQueue.dispatchEventImpl(Ljava/awt/AWTEvent;Ljava/lang/Object;)V+41
J 724 C1 java.awt.EventQueue$3.run()Ljava/lang/Void; (60 bytes) @ 0x0000000104a947d4 [0x0000000104a945c0+0x214]
J 723 C1 java.awt.EventQueue$3.run()Ljava/lang/Object; (5 bytes) @ 0x0000000104a9424c [0x0000000104a941c0+0x8c]
v  ~StubRoutines::call_stub
V  [libjvm.dylib+0x2e032a]
V  [libjvm.dylib+0x338818]
J 545  java.security.AccessController.doPrivileged(Ljava/security/PrivilegedAction;Ljava/security/AccessControlContext;)Ljava/lang/Object; (0 bytes) @ 0x0000000104a41d55 [0x0000000104a41c80+0xd5]
J 550 C1 java.security.ProtectionDomain$1.doIntersectionPrivilege(Ljava/security/PrivilegedAction;Ljava/security/AccessControlContext;Ljava/security/AccessControlContext;)Ljava/lang/Object; (32 bytes) @ 0x0000000104a42fc4 [0x0000000104a42cc0+0x304]
J 633 C1 java.awt.EventQueue$4.run()Ljava/lang/Object; (5 bytes) @ 0x0000000104a6c05c [0x0000000104a6bc60+0x3fc]
v  ~StubRoutines::call_stub
V  [libjvm.dylib+0x2e032a]
V  [libjvm.dylib+0x338818]
J 545  java.security.AccessController.doPrivileged(Ljava/security/PrivilegedAction;Ljava/security/AccessControlContext;)Ljava/lang/Object; (0 bytes) @ 0x0000000104a41d55 [0x0000000104a41c80+0xd5]
J 727 C1 java.awt.EventQueue.dispatchEvent(Ljava/awt/AWTEvent;)V (80 bytes) @ 0x0000000104a9704c [0x0000000104a96380+0xccc]
J 626 C1 java.awt.EventDispatchThread.pumpOneEventForFilters(I)V (295 bytes) @ 0x0000000104a68dfc [0x0000000104a67280+0x1b7c]
j  java.awt.EventDispatchThread.pumpEventsForFilter(ILjava/awt/Conditional;Ljava/awt/EventFilter;)V+35
j  java.awt.EventDispatchThread.pumpEventsForHierarchy(ILjava/awt/Conditional;Ljava/awt/Component;)V+11
j  java.awt.EventDispatchThread.pumpEvents(ILjava/awt/Conditional;)V+4
j  java.awt.EventDispatchThread.pumpEvents(Ljava/awt/Conditional;)V+3
j  java.awt.EventDispatchThread.run()V+9
v  ~StubRoutines::call_stub
V  [libjvm.dylib+0x2e032a]
V  [libjvm.dylib+0x2e0ab8]
V  [libjvm.dylib+0x2e0c64]
V  [libjvm.dylib+0x3331a5]
V  [libjvm.dylib+0x549acf]
V  [libjvm.dylib+0x54b1c0]
V  [libjvm.dylib+0x46ea7e]
C  [libsystem_pthread.dylib+0x3268]  _pthread_body+0x83
C  [libsystem_pthread.dylib+0x31e5]  _pthread_body+0x0
C  [libsystem_pthread.dylib+0x141d]  thread_start+0xd
C  0x0000000000000000

Java frames: (J=compiled Java code, j=interpreted, Vv=VM code)
j  gnu.io.RXTXPort.interruptEventLoop()V+0
j  gnu.io.RXTXPort.removeEventListener()V+55
j  gnu.io.RXTXPort.close()V+91
j  panamahitek.Arduino.PanamaHitek_Arduino.killArduinoConnection()V+26
j  com.aldo.Window.jButtonConectarActionPerformed(Ljava/awt/event/ActionEvent;)V+19
j  com.aldo.Window.access$100(Lcom/aldo/Window;Ljava/awt/event/ActionEvent;)V+2
j  com.aldo.Window$2.actionPerformed(Ljava/awt/event/ActionEvent;)V+5
j  javax.swing.AbstractButton.fireActionPerformed(Ljava/awt/event/ActionEvent;)V+83
j  javax.swing.AbstractButton$Handler.actionPerformed(Ljava/awt/event/ActionEvent;)V+5
j  javax.swing.DefaultButtonModel.fireActionPerformed(Ljava/awt/event/ActionEvent;)V+34
j  javax.swing.DefaultButtonModel.setPressed(Z)V+117
j  javax.swing.plaf.basic.BasicButtonListener.mouseReleased(Ljava/awt/event/MouseEvent;)V+35
j  java.awt.Component.processMouseEvent(Ljava/awt/event/MouseEvent;)V+64
j  javax.swing.JComponent.processMouseEvent(Ljava/awt/event/MouseEvent;)V+23
j  java.awt.Component.processEvent(Ljava/awt/AWTEvent;)V+81
j  java.awt.Container.processEvent(Ljava/awt/AWTEvent;)V+18
j  java.awt.Component.dispatchEventImpl(Ljava/awt/AWTEvent;)V+589
J 719 C1 java.awt.Container.dispatchEventImpl(Ljava/awt/AWTEvent;)V (129 bytes) @ 0x0000000104a91bec [0x0000000104a91aa0+0x14c]
J 718 C1 java.awt.Component.dispatchEvent(Ljava/awt/AWTEvent;)V (6 bytes) @ 0x0000000104a91704 [0x0000000104a91600+0x104]
j  java.awt.LightweightDispatcher.retargetMouseEvent(Ljava/awt/Component;ILjava/awt/event/MouseEvent;)V+327
j  java.awt.LightweightDispatcher.processMouseEvent(Ljava/awt/event/MouseEvent;)Z+143
j  java.awt.LightweightDispatcher.dispatchEvent(Ljava/awt/AWTEvent;)Z+50
J 719 C1 java.awt.Container.dispatchEventImpl(Ljava/awt/AWTEvent;)V (129 bytes) @ 0x0000000104a91b8c [0x0000000104a91aa0+0xec]
j  java.awt.Window.dispatchEventImpl(Ljava/awt/AWTEvent;)V+19
J 718 C1 java.awt.Component.dispatchEvent(Ljava/awt/AWTEvent;)V (6 bytes) @ 0x0000000104a91704 [0x0000000104a91600+0x104]
j  java.awt.EventQueue.dispatchEventImpl(Ljava/awt/AWTEvent;Ljava/lang/Object;)V+41
J 724 C1 java.awt.EventQueue$3.run()Ljava/lang/Void; (60 bytes) @ 0x0000000104a947d4 [0x0000000104a945c0+0x214]
J 723 C1 java.awt.EventQueue$3.run()Ljava/lang/Object; (5 bytes) @ 0x0000000104a9424c [0x0000000104a941c0+0x8c]
v  ~StubRoutines::call_stub
J 545  java.security.AccessController.doPrivileged(Ljava/security/PrivilegedAction;Ljava/security/AccessControlContext;)Ljava/lang/Object; (0 bytes) @ 0x0000000104a41ce3 [0x0000000104a41c80+0x63]
J 550 C1 java.security.ProtectionDomain$1.doIntersectionPrivilege(Ljava/security/PrivilegedAction;Ljava/security/AccessControlContext;Ljava/security/AccessControlContext;)Ljava/lang/Object; (32 bytes) @ 0x0000000104a42fc4 [0x0000000104a42cc0+0x304]
J 633 C1 java.awt.EventQueue$4.run()Ljava/lang/Object; (5 bytes) @ 0x0000000104a6c05c [0x0000000104a6bc60+0x3fc]
v  ~StubRoutines::call_stub
J 545  java.security.AccessController.doPrivileged(Ljava/security/PrivilegedAction;Ljava/security/AccessControlContext;)Ljava/lang/Object; (0 bytes) @ 0x0000000104a41ce3 [0x0000000104a41c80+0x63]
J 727 C1 java.awt.EventQueue.dispatchEvent(Ljava/awt/AWTEvent;)V (80 bytes) @ 0x0000000104a9704c [0x0000000104a96380+0xccc]
J 626 C1 java.awt.EventDispatchThread.pumpOneEventForFilters(I)V (295 bytes) @ 0x0000000104a68dfc [0x0000000104a67280+0x1b7c]
j  java.awt.EventDispatchThread.pumpEventsForFilter(ILjava/awt/Conditional;Ljava/awt/EventFilter;)V+35
j  java.awt.EventDispatchThread.pumpEventsForHierarchy(ILjava/awt/Conditional;Ljava/awt/Component;)V+11
j  java.awt.EventDispatchThread.pumpEvents(ILjava/awt/Conditional;)V+4
j  java.awt.EventDispatchThread.pumpEvents(Ljava/awt/Conditional;)V+3
j  java.awt.EventDispatchThread.run()V+9
v  ~StubRoutines::call_stub

---------------  P R O C E S S  ---------------

Java Threads: ( => current thread )
  0x00007fb63238b000 JavaThread "TimerQueue" daemon [_thread_blocked, id=57863, stack(0x000000012426f000,0x000000012436f000)]
  0x00007fb6323cc000 JavaThread "DestroyJavaVM" [_thread_blocked, id=3331, stack(0x0000000103dbd000,0x0000000103ebd000)]
  0x00007fb6322e6800 JavaThread "Image Fetcher 0" daemon [_thread_blocked, id=51719, stack(0x0000000121735000,0x0000000121835000)]
=>0x00007fb631879000 JavaThread "AWT-EventQueue-0" [_thread_in_native, id=51219, stack(0x0000000121432000,0x0000000121532000)]
  0x00007fb6322c2800 JavaThread "Java2D Disposer" daemon [_thread_blocked, id=50967, stack(0x00000001212b9000,0x00000001213b9000)]
  0x00007fb63114e000 JavaThread "Java2D Queue Flusher" daemon [_thread_blocked, id=49415, stack(0x0000000120951000,0x0000000120a51000)]
  0x00007fb6320a0000 JavaThread "AWT-Shutdown" [_thread_blocked, id=28179, stack(0x000000011e00b000,0x000000011e10b000)]
  0x00007fb63209f000 JavaThread "AppKit Thread" daemon [_thread_in_native, id=1811, stack(0x00007fff5c6ac000,0x00007fff5ceac000)]
  0x00007fb631840000 JavaThread "Service Thread" daemon [_thread_blocked, id=18179, stack(0x000000011c4d2000,0x000000011c5d2000)]
  0x00007fb63103e800 JavaThread "C1 CompilerThread2" daemon [_thread_blocked, id=17667, stack(0x000000011c3cf000,0x000000011c4cf000)]
  0x00007fb632804000 JavaThread "C2 CompilerThread1" daemon [_thread_blocked, id=17155, stack(0x000000011c2cc000,0x000000011c3cc000)]
  0x00007fb631063000 JavaThread "C2 CompilerThread0" daemon [_thread_blocked, id=16643, stack(0x000000011c1c9000,0x000000011c2c9000)]
  0x00007fb632807000 JavaThread "Signal Dispatcher" daemon [_thread_blocked, id=12303, stack(0x000000011c0c6000,0x000000011c1c6000)]
  0x00007fb63105a000 JavaThread "Finalizer" daemon [_thread_blocked, id=11011, stack(0x000000011a6aa000,0x000000011a7aa000)]
  0x00007fb631059000 JavaThread "Reference Handler" daemon [_thread_blocked, id=10499, stack(0x000000011a5a7000,0x000000011a6a7000)]

Other Threads:
  0x00007fb631058800 VMThread [stack: 0x000000011a4a4000,0x000000011a5a4000] [id=9987]
  0x00007fb63280c000 WatcherThread [stack: 0x000000011c5d5000,0x000000011c6d5000] [id=18691]

VM state:not at safepoint (normal execution)

VM Mutex/Monitor currently owned by a thread: None

Heap:
 PSYoungGen      total 38400K, used 11324K [0x0000000795580000, 0x0000000798000000, 0x00000007c0000000)
  eden space 33280K, 34% used [0x0000000795580000,0x000000079608f140,0x0000000797600000)
  from space 5120K, 0% used [0x0000000797b00000,0x0000000797b00000,0x0000000798000000)
  to   space 5120K, 0% used [0x0000000797600000,0x0000000797600000,0x0000000797b00000)
 ParOldGen       total 87552K, used 0K [0x0000000740000000, 0x0000000745580000, 0x0000000795580000)
  object space 87552K, 0% used [0x0000000740000000,0x0000000740000000,0x0000000745580000)
 Metaspace       used 12277K, capacity 12544K, committed 12800K, reserved 1060864K
  class space    used 1640K, capacity 1744K, committed 1792K, reserved 1048576K

Card table byte_map: [0x0000000113bc0000,0x0000000113fc1000] byte_map_base: 0x00000001101c0000

Marking Bits: (ParMarkBitMap*) 0x00000001037157a0
 Begin Bits: [0x0000000114678000, 0x0000000116678000)
 End Bits:   [0x0000000116678000, 0x0000000118678000)

Polling page: 0x0000000103f02000

CodeCache: size=245760Kb used=2714Kb max_used=2714Kb free=243045Kb
 bounds [0x0000000104800000, 0x0000000104ab0000, 0x0000000113800000]
 total_blobs=1265 nmethods=752 adapters=427
 compilation: enabled

Compilation events (10 events):
Event: 7.779 Thread 0x00007fb63103e800  748       3       sun.lwawt.LWWindowPeer::getPeerUnderCursor (4 bytes)
Event: 7.779 Thread 0x00007fb63103e800 nmethod 748 0x0000000104aa53d0 code [0x0000000104aa5520, 0x0000000104aa5670]
Event: 7.779 Thread 0x00007fb63103e800  749       3       sun.lwawt.macosx.CCursorManager::setCursor (111 bytes)
Event: 7.780 Thread 0x00007fb63103e800 nmethod 749 0x0000000104aa56d0 code [0x0000000104aa58e0, 0x0000000104aa6228]
Event: 7.809 Thread 0x00007fb63103e800  750       1       javax.swing.RepaintManager::isDoubleBufferingEnabled (5 bytes)
Event: 7.809 Thread 0x00007fb63103e800 nmethod 750 0x0000000104aa64d0 code [0x0000000104aa6620, 0x0000000104aa6730]
Event: 7.811 Thread 0x00007fb63103e800  751       3       java.awt.Container::getComponentCount (5 bytes)
Event: 7.811 Thread 0x00007fb63103e800 nmethod 751 0x0000000104aa6790 code [0x0000000104aa6900, 0x0000000104aa6be8]
Event: 7.887 Thread 0x00007fb63103e800  752       3       java.awt.Toolkit$ToolkitEventMulticaster::eventDispatched (27 bytes)
Event: 7.887 Thread 0x00007fb63103e800 nmethod 752 0x0000000104aa6cd0 code [0x0000000104aa6e60, 0x0000000104aa7378]

GC Heap History (0 events):
No events

Deoptimization events (4 events):
Event: 2.511 Thread 0x00007fb631879000 Uncommon trap: reason=class_check action=maybe_recompile pc=0x000000010498745c method=java.lang.String.equals(Ljava/lang/Object;)Z @ 8
Event: 2.715 Thread 0x00007fb631879000 Uncommon trap: reason=class_check action=maybe_recompile pc=0x000000010498745c method=java.lang.String.equals(Ljava/lang/Object;)Z @ 8
Event: 4.569 Thread 0x00007fb631879000 Uncommon trap: reason=class_check action=maybe_recompile pc=0x000000010498745c method=java.lang.String.equals(Ljava/lang/Object;)Z @ 8
Event: 4.644 Thread 0x00007fb6322e6800 Uncommon trap: reason=unstable_if action=reinterpret pc=0x0000000104a00440 method=java.lang.String.toLowerCase(Ljava/util/Locale;)Ljava/lang/String; @ 85

Internal exceptions (10 events):
Event: 1.282 Thread 0x00007fb631008000 Exception <a 'java/io/FileNotFoundException'> (0x0000000795e2cbd8) thrown at [/Users/java_re/workspace/8-2-build-macosx-x86_64/jdk8u45/3457/hotspot/src/share/vm/prims/jni.cpp, line 709]
Event: 1.283 Thread 0x00007fb631008000 Exception <a 'java/io/FileNotFoundException'> (0x0000000795e2ef40) thrown at [/Users/java_re/workspace/8-2-build-macosx-x86_64/jdk8u45/3457/hotspot/src/share/vm/prims/jni.cpp, line 709]
Event: 1.285 Thread 0x00007fb631008000 Exception <a 'java/io/FileNotFoundException'> (0x0000000795e3cd78) thrown at [/Users/java_re/workspace/8-2-build-macosx-x86_64/jdk8u45/3457/hotspot/src/share/vm/prims/jni.cpp, line 709]
Event: 1.286 Thread 0x00007fb631008000 Exception <a 'java/io/FileNotFoundException'> (0x0000000795e3efb0) thrown at [/Users/java_re/workspace/8-2-build-macosx-x86_64/jdk8u45/3457/hotspot/src/share/vm/prims/jni.cpp, line 709]
Event: 1.287 Thread 0x00007fb631008000 Exception <a 'java/io/FileNotFoundException'> (0x0000000795e48970) thrown at [/Users/java_re/workspace/8-2-build-macosx-x86_64/jdk8u45/3457/hotspot/src/share/vm/prims/jni.cpp, line 709]
Event: 1.287 Thread 0x00007fb631008000 Exception <a 'java/io/FileNotFoundException'> (0x0000000795e4aba8) thrown at [/Users/java_re/workspace/8-2-build-macosx-x86_64/jdk8u45/3457/hotspot/src/share/vm/prims/jni.cpp, line 709]
Event: 1.288 Thread 0x00007fb631008000 Exception <a 'java/io/FileNotFoundException'> (0x0000000795e52920) thrown at [/Users/java_re/workspace/8-2-build-macosx-x86_64/jdk8u45/3457/hotspot/src/share/vm/prims/jni.cpp, line 709]
Event: 1.288 Thread 0x00007fb631008000 Exception <a 'java/io/FileNotFoundException'> (0x0000000795e54b58) thrown at [/Users/java_re/workspace/8-2-build-macosx-x86_64/jdk8u45/3457/hotspot/src/share/vm/prims/jni.cpp, line 709]
Event: 4.625 Thread 0x00007fb631879000 Exception <a 'java/io/FileNotFoundException'> (0x0000000795f66070) thrown at [/Users/java_re/workspace/8-2-build-macosx-x86_64/jdk8u45/3457/hotspot/src/share/vm/prims/jni.cpp, line 709]
Event: 4.625 Thread 0x00007fb631879000 Exception <a 'java/io/FileNotFoundException'> (0x0000000795f68438) thrown at [/Users/java_re/workspace/8-2-build-macosx-x86_64/jdk8u45/3457/hotspot/src/share/vm/prims/jni.cpp, line 709]

Events (10 events):
Event: 4.644 Thread 0x00007fb6322e6800 DEOPT UNPACKING pc=0x0000000104805229 sp=0x0000000121834218 mode 2
Event: 4.645 Executing VM operation: RevokeBias
Event: 4.645 Executing VM operation: RevokeBias done
Event: 4.647 Executing VM operation: RevokeBias
Event: 4.647 Executing VM operation: RevokeBias done
Event: 4.647 Executing VM operation: RevokeBias
Event: 4.647 Executing VM operation: RevokeBias done
Event: 7.888 Executing VM operation: RevokeBias
Event: 7.888 Executing VM operation: RevokeBias done
Event: 7.888 Thread 0x00007fb6312a2000 Thread exited: 0x00007fb6312a2000


Dynamic libraries:
0x000000000426c000 	/System/Library/Frameworks/Cocoa.framework/Versions/A/Cocoa
0x000000000426c000 	/System/Library/Frameworks/Security.framework/Versions/A/Security
0x000000000426c000 	/System/Library/Frameworks/ApplicationServices.framework/Versions/A/ApplicationServices
0x000000000426c000 	/usr/lib/libz.1.dylib
0x000000000426c000 	/usr/lib/libSystem.B.dylib
0x000000000426c000 	/usr/lib/libobjc.A.dylib
0x000000000426c000 	/System/Library/Frameworks/CoreFoundation.framework/Versions/A/CoreFoundation
0x000000000426c000 	/System/Library/Frameworks/Foundation.framework/Versions/C/Foundation
0x000000000426c000 	/System/Library/Frameworks/AppKit.framework/Versions/C/AppKit
0x000000000426c000 	/System/Library/Frameworks/CoreData.framework/Versions/A/CoreData
0x000000000426c000 	/System/Library/PrivateFrameworks/RemoteViewServices.framework/Versions/A/RemoteViewServices
0x000000000426c000 	/System/Library/PrivateFrameworks/UIFoundation.framework/Versions/A/UIFoundation
0x000000000426c000 	/System/Library/Frameworks/IOSurface.framework/Versions/A/IOSurface
0x000000000426c000 	/System/Library/Frameworks/AudioToolbox.framework/Versions/A/AudioToolbox
0x000000000426c000 	/System/Library/Frameworks/AudioUnit.framework/Versions/A/AudioUnit
0x000000000426c000 	/System/Library/PrivateFrameworks/DataDetectorsCore.framework/Versions/A/DataDetectorsCore
0x000000000426c000 	/System/Library/PrivateFrameworks/DesktopServicesPriv.framework/Versions/A/DesktopServicesPriv
0x000000000426c000 	/System/Library/Frameworks/Carbon.framework/Versions/A/Frameworks/HIToolbox.framework/Versions/A/HIToolbox
0x000000000426c000 	/System/Library/Frameworks/QuartzCore.framework/Versions/A/QuartzCore
0x000000000426c000 	/System/Library/Frameworks/Carbon.framework/Versions/A/Frameworks/SpeechRecognition.framework/Versions/A/SpeechRecognition
0x000000000426c000 	/usr/lib/libauto.dylib
0x000000000426c000 	/usr/lib/libicucore.A.dylib
0x000000000426c000 	/usr/lib/libxml2.2.dylib
0x000000000426c000 	/System/Library/PrivateFrameworks/CoreUI.framework/Versions/A/CoreUI
0x000000000426c000 	/System/Library/Frameworks/CoreAudio.framework/Versions/A/CoreAudio
0x000000000426c000 	/System/Library/Frameworks/DiskArbitration.framework/Versions/A/DiskArbitration
0x000000000426c000 	/usr/lib/liblangid.dylib
0x000000000426c000 	/System/Library/PrivateFrameworks/MultitouchSupport.framework/Versions/A/MultitouchSupport
0x000000000426c000 	/System/Library/Frameworks/IOKit.framework/Versions/A/IOKit
0x000000000426c000 	/usr/lib/libDiagnosticMessagesClient.dylib
0x000000000426c000 	/System/Library/Frameworks/CoreServices.framework/Versions/A/CoreServices
0x000000000426c000 	/System/Library/PrivateFrameworks/PerformanceAnalysis.framework/Versions/A/PerformanceAnalysis
0x000000000426c000 	/System/Library/PrivateFrameworks/GenerationalStorage.framework/Versions/A/GenerationalStorage
0x000000000426c000 	/System/Library/Frameworks/OpenGL.framework/Versions/A/OpenGL
0x000000000426c000 	/System/Library/PrivateFrameworks/Sharing.framework/Versions/A/Sharing
0x000000000426c000 	/System/Library/Frameworks/CoreGraphics.framework/Versions/A/CoreGraphics
0x000000000426c000 	/System/Library/Frameworks/CoreText.framework/Versions/A/CoreText
0x000000000426c000 	/System/Library/Frameworks/ImageIO.framework/Versions/A/ImageIO
0x000000000426c000 	/usr/lib/libextension.dylib
0x000000000426c000 	/System/Library/PrivateFrameworks/Backup.framework/Versions/A/Backup
0x000000000426c000 	/usr/lib/libarchive.2.dylib
0x000000000426c000 	/System/Library/Frameworks/CFNetwork.framework/Versions/A/CFNetwork
0x000000000426c000 	/System/Library/Frameworks/SystemConfiguration.framework/Versions/A/SystemConfiguration
0x000000000426c000 	/usr/lib/libCRFSuite.dylib
0x000000000426c000 	/usr/lib/libc++.1.dylib
0x000000000426c000 	/usr/lib/libc++abi.dylib
0x000000000426c000 	/usr/lib/system/libcache.dylib
0x000000000426c000 	/usr/lib/system/libcommonCrypto.dylib
0x000000000426c000 	/usr/lib/system/libcompiler_rt.dylib
0x000000000426c000 	/usr/lib/system/libcopyfile.dylib
0x000000000426c000 	/usr/lib/system/libcorecrypto.dylib
0x000000000426c000 	/usr/lib/system/libdispatch.dylib
0x000000000426c000 	/usr/lib/system/libdyld.dylib
0x000000000426c000 	/usr/lib/system/libkeymgr.dylib
0x000000000426c000 	/usr/lib/system/liblaunch.dylib
0x000000000426c000 	/usr/lib/system/libmacho.dylib
0x000000000426c000 	/usr/lib/system/libquarantine.dylib
0x000000000426c000 	/usr/lib/system/libremovefile.dylib
0x000000000426c000 	/usr/lib/system/libsystem_asl.dylib
0x000000000426c000 	/usr/lib/system/libsystem_blocks.dylib
0x000000000426c000 	/usr/lib/system/libsystem_c.dylib
0x000000000426c000 	/usr/lib/system/libsystem_configuration.dylib
0x000000000426c000 	/usr/lib/system/libsystem_coreservices.dylib
0x000000000426c000 	/usr/lib/system/libsystem_coretls.dylib
0x000000000426c000 	/usr/lib/system/libsystem_dnssd.dylib
0x000000000426c000 	/usr/lib/system/libsystem_info.dylib
0x000000000426c000 	/usr/lib/system/libsystem_kernel.dylib
0x000000000426c000 	/usr/lib/system/libsystem_m.dylib
0x000000000426c000 	/usr/lib/system/libsystem_malloc.dylib
0x000000000426c000 	/usr/lib/system/libsystem_network.dylib
0x000000000426c000 	/usr/lib/system/libsystem_networkextension.dylib
0x000000000426c000 	/usr/lib/system/libsystem_notify.dylib
0x000000000426c000 	/usr/lib/system/libsystem_platform.dylib
0x000000000426c000 	/usr/lib/system/libsystem_pthread.dylib
0x000000000426c000 	/usr/lib/system/libsystem_sandbox.dylib
0x000000000426c000 	/usr/lib/system/libsystem_secinit.dylib
0x000000000426c000 	/usr/lib/system/libsystem_stats.dylib
0x000000000426c000 	/usr/lib/system/libsystem_trace.dylib
0x000000000426c000 	/usr/lib/system/libunc.dylib
0x000000000426c000 	/usr/lib/system/libunwind.dylib
0x000000000426c000 	/usr/lib/system/libxpc.dylib
0x000000000426c000 	/usr/lib/libbz2.1.0.dylib
0x000000000426c000 	/usr/lib/liblzma.5.dylib
0x000000000426c000 	/usr/lib/libbsm.0.dylib
0x000000000426c000 	/usr/lib/libsqlite3.dylib
0x000000000426c000 	/usr/lib/system/libkxld.dylib
0x000000000426c000 	/usr/lib/libxar.1.dylib
0x000000000426c000 	/usr/lib/libpam.2.dylib
0x000000000426c000 	/usr/lib/libOpenScriptingUtil.dylib
0x000000000426c000 	/System/Library/Frameworks/CoreServices.framework/Versions/A/Frameworks/FSEvents.framework/Versions/A/FSEvents
0x000000000426c000 	/System/Library/Frameworks/CoreServices.framework/Versions/A/Frameworks/CarbonCore.framework/Versions/A/CarbonCore
0x000000000426c000 	/System/Library/Frameworks/CoreServices.framework/Versions/A/Frameworks/Metadata.framework/Versions/A/Metadata
0x000000000426c000 	/System/Library/Frameworks/CoreServices.framework/Versions/A/Frameworks/OSServices.framework/Versions/A/OSServices
0x000000000426c000 	/System/Library/Frameworks/CoreServices.framework/Versions/A/Frameworks/SearchKit.framework/Versions/A/SearchKit
0x000000000426c000 	/System/Library/Frameworks/CoreServices.framework/Versions/A/Frameworks/AE.framework/Versions/A/AE
0x000000000426c000 	/System/Library/Frameworks/CoreServices.framework/Versions/A/Frameworks/LaunchServices.framework/Versions/A/LaunchServices
0x000000000426c000 	/System/Library/Frameworks/CoreServices.framework/Versions/A/Frameworks/DictionaryServices.framework/Versions/A/DictionaryServices
0x000000000426c000 	/System/Library/Frameworks/NetFS.framework/Versions/A/NetFS
0x000000000426c000 	/System/Library/PrivateFrameworks/NetAuth.framework/Versions/A/NetAuth
0x000000000426c000 	/System/Library/PrivateFrameworks/login.framework/Versions/A/Frameworks/loginsupport.framework/Versions/A/loginsupport
0x000000000426c000 	/System/Library/PrivateFrameworks/TCC.framework/Versions/A/TCC
0x000000000426c000 	/usr/lib/libmecabra.dylib
0x000000000426c000 	/System/Library/Frameworks/ApplicationServices.framework/Versions/A/Frameworks/ATS.framework/Versions/A/ATS
0x000000000426c000 	/System/Library/Frameworks/ApplicationServices.framework/Versions/A/Frameworks/ColorSync.framework/Versions/A/ColorSync
0x000000000426c000 	/System/Library/Frameworks/ApplicationServices.framework/Versions/A/Frameworks/HIServices.framework/Versions/A/HIServices
0x000000000426c000 	/System/Library/Frameworks/ApplicationServices.framework/Versions/A/Frameworks/LangAnalysis.framework/Versions/A/LangAnalysis
0x000000000426c000 	/System/Library/Frameworks/ApplicationServices.framework/Versions/A/Frameworks/PrintCore.framework/Versions/A/PrintCore
0x000000000426c000 	/System/Library/Frameworks/ApplicationServices.framework/Versions/A/Frameworks/QD.framework/Versions/A/QD
0x000000000426c000 	/System/Library/Frameworks/ApplicationServices.framework/Versions/A/Frameworks/SpeechSynthesis.framework/Versions/A/SpeechSynthesis
0x000000000426c000 	/System/Library/Frameworks/Accelerate.framework/Versions/A/Accelerate
0x000000000426c000 	/System/Library/Frameworks/Accelerate.framework/Versions/A/Frameworks/vImage.framework/Versions/A/vImage
0x000000000426c000 	/System/Library/Frameworks/Accelerate.framework/Versions/A/Frameworks/vecLib.framework/Versions/A/vecLib
0x000000000426c000 	/System/Library/Frameworks/Accelerate.framework/Versions/A/Frameworks/vecLib.framework/Versions/A/libvDSP.dylib
0x000000000426c000 	/System/Library/Frameworks/Accelerate.framework/Versions/A/Frameworks/vecLib.framework/Versions/A/libvMisc.dylib
0x000000000426c000 	/System/Library/Frameworks/Accelerate.framework/Versions/A/Frameworks/vecLib.framework/Versions/A/libLAPACK.dylib
0x000000000426c000 	/System/Library/Frameworks/Accelerate.framework/Versions/A/Frameworks/vecLib.framework/Versions/A/libBLAS.dylib
0x000000000426c000 	/System/Library/Frameworks/Accelerate.framework/Versions/A/Frameworks/vecLib.framework/Versions/A/libLinearAlgebra.dylib
0x000000000426c000 	/System/Library/Frameworks/ApplicationServices.framework/Versions/A/Frameworks/ATS.framework/Versions/A/Resources/libFontParser.dylib
0x000000000426c000 	/System/Library/Frameworks/ApplicationServices.framework/Versions/A/Frameworks/ATS.framework/Versions/A/Resources/libFontRegistry.dylib
0x000000000426c000 	/System/Library/PrivateFrameworks/AppleVPA.framework/Versions/A/AppleVPA
0x000000000426c000 	/System/Library/PrivateFrameworks/AppleJPEG.framework/Versions/A/AppleJPEG
0x000000000426c000 	/System/Library/Frameworks/ImageIO.framework/Versions/A/Resources/libJPEG.dylib
0x000000000426c000 	/System/Library/Frameworks/ImageIO.framework/Versions/A/Resources/libTIFF.dylib
0x000000000426c000 	/System/Library/Frameworks/ImageIO.framework/Versions/A/Resources/libPng.dylib
0x000000000426c000 	/System/Library/Frameworks/ImageIO.framework/Versions/A/Resources/libGIF.dylib
0x000000000426c000 	/System/Library/Frameworks/ImageIO.framework/Versions/A/Resources/libJP2.dylib
0x000000000426c000 	/System/Library/Frameworks/ImageIO.framework/Versions/A/Resources/libRadiance.dylib
0x000000000426c000 	/System/Library/Frameworks/CoreVideo.framework/Versions/A/CoreVideo
0x000000000426c000 	/System/Library/Frameworks/OpenGL.framework/Versions/A/Libraries/libGLU.dylib
0x000000000426c000 	/System/Library/Frameworks/OpenGL.framework/Versions/A/Libraries/libGFXShared.dylib
0x000000000426c000 	/System/Library/Frameworks/OpenGL.framework/Versions/A/Libraries/libGL.dylib
0x000000000426c000 	/System/Library/Frameworks/OpenGL.framework/Versions/A/Libraries/libGLImage.dylib
0x000000000426c000 	/System/Library/Frameworks/OpenGL.framework/Versions/A/Libraries/libCVMSPluginSupport.dylib
0x000000000426c000 	/System/Library/Frameworks/OpenGL.framework/Versions/A/Libraries/libCoreVMClient.dylib
0x000000000426c000 	/usr/lib/libcups.2.dylib
0x000000000426c000 	/System/Library/Frameworks/Kerberos.framework/Versions/A/Kerberos
0x000000000426c000 	/System/Library/Frameworks/GSS.framework/Versions/A/GSS
0x000000000426c000 	/usr/lib/libresolv.9.dylib
0x000000000426c000 	/usr/lib/libiconv.2.dylib
0x000000000426c000 	/System/Library/PrivateFrameworks/Heimdal.framework/Versions/A/Heimdal
0x000000000426c000 	/usr/lib/libheimdal-asn1.dylib
0x000000000426c000 	/System/Library/Frameworks/OpenDirectory.framework/Versions/A/OpenDirectory
0x000000000426c000 	/System/Library/PrivateFrameworks/CommonAuth.framework/Versions/A/CommonAuth
0x000000000426c000 	/System/Library/Frameworks/OpenDirectory.framework/Versions/A/Frameworks/CFOpenDirectory.framework/Versions/A/CFOpenDirectory
0x000000000426c000 	/System/Library/Frameworks/SecurityFoundation.framework/Versions/A/SecurityFoundation
0x000000000426c000 	/System/Library/PrivateFrameworks/LanguageModeling.framework/Versions/A/LanguageModeling
0x000000000426c000 	/usr/lib/libcmph.dylib
0x000000000426c000 	/System/Library/Frameworks/ServiceManagement.framework/Versions/A/ServiceManagement
0x000000000426c000 	/usr/lib/libxslt.1.dylib
0x000000000426c000 	/System/Library/Frameworks/Carbon.framework/Versions/A/Frameworks/Ink.framework/Versions/A/Ink
0x000000000426c000 	/System/Library/Frameworks/QuartzCore.framework/Versions/A/Frameworks/CoreImage.framework/Versions/A/CoreImage
0x000000000426c000 	/System/Library/PrivateFrameworks/CrashReporterSupport.framework/Versions/A/CrashReporterSupport
0x000000000426c000 	/System/Library/Frameworks/OpenCL.framework/Versions/A/OpenCL
0x000000000426c000 	/System/Library/PrivateFrameworks/FaceCore.framework/Versions/A/FaceCore
0x000000000426c000 	/System/Library/PrivateFrameworks/Ubiquity.framework/Versions/A/Ubiquity
0x000000000426c000 	/System/Library/PrivateFrameworks/IconServices.framework/Versions/A/IconServices
0x000000000426c000 	/System/Library/PrivateFrameworks/ChunkingLibrary.framework/Versions/A/ChunkingLibrary
0x000000000426c000 	/System/Library/PrivateFrameworks/Apple80211.framework/Versions/A/Apple80211
0x000000000426c000 	/System/Library/Frameworks/CoreWLAN.framework/Versions/A/CoreWLAN
0x000000000426c000 	/System/Library/Frameworks/IOBluetooth.framework/Versions/A/IOBluetooth
0x000000000426c000 	/System/Library/PrivateFrameworks/CoreWiFi.framework/Versions/A/CoreWiFi
0x000000000426c000 	/System/Library/Frameworks/CoreBluetooth.framework/Versions/A/CoreBluetooth
0x000000000426c000 	/System/Library/PrivateFrameworks/DebugSymbols.framework/Versions/A/DebugSymbols
0x000000000426c000 	/System/Library/PrivateFrameworks/CoreSymbolication.framework/Versions/A/CoreSymbolication
0x000000000426c000 	/System/Library/PrivateFrameworks/Symbolication.framework/Versions/A/Symbolication
0x000000000426c000 	/System/Library/PrivateFrameworks/SpeechRecognitionCore.framework/Versions/A/SpeechRecognitionCore
0x0000000102e53000 	/Library/Java/JavaVirtualMachines/jdk1.8.0_45.jdk/Contents/Home/jre/lib/server/libjvm.dylib
0x000000000426c000 	/usr/lib/libstdc++.6.dylib
0x0000000103ebf000 	/Library/Java/JavaVirtualMachines/jdk1.8.0_45.jdk/Contents/Home/jre/lib/libverify.dylib
0x0000000103ecd000 	/Library/Java/JavaVirtualMachines/jdk1.8.0_45.jdk/Contents/Home/jre/lib/libjava.dylib
0x0000000103f23000 	/Library/Java/JavaVirtualMachines/jdk1.8.0_45.jdk/Contents/Home/jre/lib/libzip.dylib
0x000000011a7ac000 	/System/Library/Frameworks/JavaVM.framework/Frameworks/JavaRuntimeSupport.framework/JavaRuntimeSupport
0x000000011a7c2000 	/System/Library/Frameworks/JavaVM.framework/Versions/A/Frameworks/JavaNativeFoundation.framework/Versions/A/JavaNativeFoundation
0x000000011a7d6000 	/System/Library/Frameworks/JavaVM.framework/Versions/A/JavaVM
0x000000000426c000 	/System/Library/Frameworks/Carbon.framework/Versions/A/Carbon
0x000000011a7e2000 	/System/Library/PrivateFrameworks/JavaLaunching.framework/Versions/A/JavaLaunching
0x000000000426c000 	/System/Library/Frameworks/Carbon.framework/Versions/A/Frameworks/CommonPanels.framework/Versions/A/CommonPanels
0x000000000426c000 	/System/Library/Frameworks/Carbon.framework/Versions/A/Frameworks/Help.framework/Versions/A/Help
0x000000000426c000 	/System/Library/Frameworks/Carbon.framework/Versions/A/Frameworks/ImageCapture.framework/Versions/A/ImageCapture
0x000000000426c000 	/System/Library/Frameworks/Carbon.framework/Versions/A/Frameworks/OpenScripting.framework/Versions/A/OpenScripting
0x000000000426c000 	/System/Library/Frameworks/Carbon.framework/Versions/A/Frameworks/Print.framework/Versions/A/Print
0x000000000426c000 	/System/Library/Frameworks/Carbon.framework/Versions/A/Frameworks/SecurityHI.framework/Versions/A/SecurityHI
0x000000011c6db000 	/Library/Java/JavaVirtualMachines/jdk1.8.0_45.jdk/Contents/Home/jre/lib/libawt.dylib
0x000000011c783000 	/Library/Java/JavaVirtualMachines/jdk1.8.0_45.jdk/Contents/Home/jre/lib/./libmlib_image.dylib
0x000000011c84f000 	/Library/Java/JavaVirtualMachines/jdk1.8.0_45.jdk/Contents/Home/jre/lib/libawt_lwawt.dylib
0x000000011c903000 	/Library/Java/JavaVirtualMachines/jdk1.8.0_45.jdk/Contents/Home/jre/lib/./libosxapp.dylib
0x000000000426c000 	/System/Library/Frameworks/ExceptionHandling.framework/Versions/A/ExceptionHandling
0x000000000426c000 	/System/Library/PrivateFrameworks/CoreServicesInternal.framework/Versions/A/CoreServicesInternal
0x000000000426c000 	/System/Library/PrivateFrameworks/CloudDocs.framework/Versions/A/CloudDocs
0x000000000426c000 	/System/Library/PrivateFrameworks/CoreDuet.framework/Versions/A/CoreDuet
0x000000000426c000 	/System/Library/Frameworks/CloudKit.framework/Versions/A/CloudKit
0x000000000426c000 	/System/Library/PrivateFrameworks/ProtocolBuffer.framework/Versions/A/ProtocolBuffer
0x000000000426c000 	/System/Library/PrivateFrameworks/CoreDuetDaemonProtocol.framework/Versions/A/CoreDuetDaemonProtocol
0x000000000426c000 	/System/Library/PrivateFrameworks/CoreDuetDebugLogging.framework/Versions/A/CoreDuetDebugLogging
0x000000000426c000 	/System/Library/PrivateFrameworks/MMCS.framework/Versions/A/MMCS
0x000000000426c000 	/System/Library/Frameworks/CoreLocation.framework/Versions/A/CoreLocation
0x000000000426c000 	/System/Library/PrivateFrameworks/ProtectedCloudStorage.framework/Versions/A/ProtectedCloudStorage
0x000000000426c000 	/System/Library/PrivateFrameworks/GeoServices.framework/Versions/A/GeoServices
0x000000000426c000 	/System/Library/Frameworks/CoreGraphics.framework/Versions/A/Resources/libCGCMS.A.dylib
0x000000000426c000 	/System/Library/Frameworks/CoreGraphics.framework/Versions/A/Resources/libRIP.A.dylib
0x000000000426c000 	/System/Library/Frameworks/CoreGraphics.framework/Versions/A/Resources/libCGXType.A.dylib
0x000000000426c000 	/System/Library/Frameworks/OpenCL.framework/Versions/A/Libraries/libcldcpuengine.dylib
0x000000000426c000 	/System/Library/PrivateFrameworks/DiskImages.framework/Versions/A/DiskImages
0x000000000426c000 	/System/Library/Frameworks/DiscRecording.framework/Versions/A/DiscRecording
0x000000000426c000 	/usr/lib/libcsfde.dylib
0x000000000426c000 	/usr/lib/libcurl.4.dylib
0x000000000426c000 	/System/Library/PrivateFrameworks/MediaKit.framework/Versions/A/MediaKit
0x000000000426c000 	/usr/lib/libCoreStorage.dylib
0x000000000426c000 	/System/Library/PrivateFrameworks/EFILogin.framework/Versions/A/EFILogin
0x000000000426c000 	/usr/lib/libutil.dylib
0x000000000426c000 	/System/Library/PrivateFrameworks/FindMyDevice.framework/Versions/A/FindMyDevice
0x000000000426c000 	/System/Library/Frameworks/LDAP.framework/Versions/A/LDAP
0x000000000426c000 	/usr/lib/libsasl2.2.dylib
0x000000000426c000 	/System/Library/PrivateFrameworks/CoreDaemon.framework/Versions/B/CoreDaemon
0x000000000426c000 	/usr/lib/libcrypto.0.9.8.dylib
0x000000000426c000 	/System/Library/PrivateFrameworks/AppleSRP.framework/Versions/A/AppleSRP
0x000000000426c000 	/System/Library/PrivateFrameworks/TrustEvaluationAgent.framework/Versions/A/TrustEvaluationAgent
0x000000011f788000 	cl_kernels
0x000000011f78a000 	/System/Library/Frameworks/OpenCL.framework/Versions/A/Libraries/ImageFormats/unorm8_bgra.dylib
0x000000011f779000 	cl_kernels
0x000000000426c000 	/System/Library/PrivateFrameworks/FamilyControls.framework/Versions/A/FamilyControls
0x000000000426c000 	/System/Library/PrivateFrameworks/CommerceKit.framework/Versions/A/Frameworks/CommerceCore.framework/Versions/A/CommerceCore
0x000000000426c000 	/System/Library/PrivateFrameworks/SystemAdministration.framework/Versions/A/SystemAdministration
0x000000000426c000 	/System/Library/PrivateFrameworks/AppContainer.framework/Versions/A/AppContainer
0x000000000426c000 	/System/Library/PrivateFrameworks/SecCodeWrapper.framework/Versions/A/SecCodeWrapper
0x000000000426c000 	/System/Library/Frameworks/DirectoryService.framework/Versions/A/DirectoryService
0x000000000426c000 	/System/Library/PrivateFrameworks/LoginUIKit.framework/Versions/A/Frameworks/LoginUICore.framework/Versions/A/LoginUICore
0x000000000426c000 	/usr/lib/libodfde.dylib
0x000000000426c000 	/System/Library/Frameworks/OpenGL.framework/Versions/A/Resources/GLEngine.bundle/GLEngine
0x000000000426c000 	/System/Library/Frameworks/OpenGL.framework/Versions/A/Libraries/libGLProgrammability.dylib
0x0000000000000000 	/System/Library/Extensions/AppleIntelHD5000GraphicsGLDriver.bundle/Contents/MacOS/AppleIntelHD5000GraphicsGLDriver
0x000000000426c000 	/System/Library/PrivateFrameworks/IOAccelerator.framework/Versions/A/IOAccelerator
0x000000000426c000 	/System/Library/PrivateFrameworks/GPUSupport.framework/Versions/A/Libraries/libGPUSupportMercury.dylib
0x000000000426c000 	/System/Library/Frameworks/OpenGL.framework/Versions/A/Resources/GLRendererFloat.bundle/GLRendererFloat
0x00000001213c0000 	/Library/Java/JavaVirtualMachines/jdk1.8.0_45.jdk/Contents/Home/jre/lib/libfontmanager.dylib
0x0000000121427000 	/Library/Java/JavaVirtualMachines/jdk1.8.0_45.jdk/Contents/Home/jre/lib/libosxui.dylib
0x0000000122919000 	/Library/Java/JavaVirtualMachines/jdk1.8.0_45.jdk/Contents/Home/jre/lib/libnet.dylib
0x0000000122860000 	/Library/Java/JavaVirtualMachines/jdk1.8.0_45.jdk/Contents/Home/jre/lib/libnio.dylib
0x0000000122930000 	/Library/Java/Extensions/librxtxSerial.jnilib
0x000000000426c000 	/System/Library/Frameworks/Accelerate.framework/Versions/A/Frameworks/vImage.framework/Versions/A/Libraries/libCGInterfaces.dylib
0x0000000123efe000 	/Library/Java/JavaVirtualMachines/jdk1.8.0_45.jdk/Contents/Home/jre/lib/libdcpr.dylib

VM Arguments:
jvm_args: -Dfile.encoding=UTF-8 
java_command: com.aldo.ArduinoSwitch
java_class_path (initial): /Applications/NetBeans/glassfish-4.1/javadb/lib/ArduinoSwitch.v1.0.0.jar:/Applications/NetBeans/glassfish-4.1/javadb/lib/PanamaHitek_Arduino.v2.7.0.jar:/Users/AldoC/NetBeansProjects/ArduinoSwitch-1.0.0/ArduinoSwitch-1.0.0/Java/build/classes
Launcher Type: SUN_STANDARD

Environment Variables:
PATH=/usr/bin:/bin:/usr/sbin:/sbin
LD_LIBRARY_PATH=/Library/Java/JavaVirtualMachines/jdk1.8.0_45.jdk/Contents/Home/jre/lib/amd64:/Library/Java/JavaVirtualMachines/jdk1.8.0_45.jdk/Contents/Home/jre/lib/i386:
SHELL=/bin/bash
DISPLAY=/private/tmp/com.apple.launchd.rpaP4A3c0j/org.macosforge.xquartz:0
DYLD_LIBRARY_PATH=/Applications/NetBeans/NetBeans 8.0.2.app/Contents/Resources/NetBeans/webcommon/bin:

Signal Handlers:
SIGSEGV: [libjvm.dylib+0x58ef95], sa_mask[0]=11111111011111110111111111111111, sa_flags=SA_ONSTACK|SA_RESTART|SA_SIGINFO
SIGBUS: [libjvm.dylib+0x58ef95], sa_mask[0]=11111111011111110111111111111111, sa_flags=SA_RESTART|SA_SIGINFO
SIGFPE: [libjvm.dylib+0x46c108], sa_mask[0]=11111111011111110111111111111111, sa_flags=SA_RESTART|SA_SIGINFO
SIGPIPE: [libjvm.dylib+0x46c108], sa_mask[0]=11111111011111110111111111111111, sa_flags=SA_RESTART|SA_SIGINFO
SIGXFSZ: [libjvm.dylib+0x46c108], sa_mask[0]=11111111011111110111111111111111, sa_flags=SA_RESTART|SA_SIGINFO
SIGILL: [libjvm.dylib+0x46c108], sa_mask[0]=11111111011111110111111111111111, sa_flags=SA_RESTART|SA_SIGINFO
SIGUSR1: SIG_DFL, sa_mask[0]=00000000000000000000000000000000, sa_flags=none
SIGUSR2: [libjvm.dylib+0x46bc26], sa_mask[0]=00100000000000000000000000000000, sa_flags=SA_RESTART|SA_SIGINFO
SIGHUP: [libjvm.dylib+0x46a1f9], sa_mask[0]=11111111011111110111111111111111, sa_flags=SA_RESTART|SA_SIGINFO
SIGINT: SIG_IGN, sa_mask[0]=00000000000000000000000000000000, sa_flags=none
SIGTERM: [libjvm.dylib+0x46a1f9], sa_mask[0]=11111111011111110111111111111111, sa_flags=SA_RESTART|SA_SIGINFO
SIGQUIT: [libjvm.dylib+0x46a1f9], sa_mask[0]=11111111011111110111111111111111, sa_flags=SA_RESTART|SA_SIGINFO


---------------  S Y S T E M  ---------------

OS:Bsduname:Darwin 14.3.0 Darwin Kernel Version 14.3.0: Mon Mar 23 11:59:05 PDT 2015; root:xnu-2782.20.48~5/RELEASE_X86_64 x86_64
rlimit: STACK 8192k, CORE 0k, NPROC 709, NOFILE 10240, AS infinity
load average:1.40 1.40 1.28

CPU:total 4 (2 cores per cpu, 2 threads per core) family 6 model 69 stepping 1, cmov, cx8, fxsr, mmx, sse, sse2, sse3, ssse3, sse4.1, sse4.2, popcnt, avx, avx2, aes, clmul, erms, rtm, lzcnt, ht, tsc, tscinvbit, bmi1, bmi2

Memory: 4k page, physical 8388608k(1800300k free)

/proc/meminfo:


vm_info: Java HotSpot(TM) 64-Bit Server VM (25.45-b02) for bsd-amd64 JRE (1.8.0_45-b14), built on Apr 10 2015 10:46:38 by "java_re" with gcc 4.2.1 (Based on Apple Inc. build 5658) (LLVM build 2336.11.00)

time: Wed Jun  3 19:25:05 2015
elapsed time: 7 seconds (0d 0h 0m 7s)

